#
# A fatal error has been detected by the Java Runtime Environment:
#
#  SIGSEGV (0xb) at pc=0x00007f69235efeb2, pid=18409, tid=0x00007f68d3249700
#
# JRE version: Java(TM) SE Runtime Environment (8.0_102-b14) (build 1.8.0_102-b14)
# Java VM: Java HotSpot(TM) 64-Bit Server VM (25.102-b14 mixed mode linux-amd64 compressed oops)
# Problematic frame:
# V  [libjvm.so+0x6e8eb2]  jni_GetFieldID+0x122
#
# Failed to write core dump. Core dumps have been disabled. To enable core dumping, try "ulimit -c unlimited" before starting Java again
#
# If you would like to submit a bug report, please visit:
#   http://bugreport.java.com/bugreport/crash.jsp
#

---------------  T H R E A D  ---------------

Current thread (0x00007f68cc0fe000):  JavaThread "Thread-0" [_thread_in_vm, id=18434, stack(0x00007f68d3149000,0x00007f68d324a000)]

siginfo: si_signo: 11 (SIGSEGV), si_code: 128 (SI_KERNEL), si_addr: 0x0000000000000000

Registers:
RAX=0x18ef80b320006a01, RBX=0x18ef80b320006a01, RCX=0x0000000000000001, RDX=0x0000000000040021
RSP=0x00007f68d32486a0, RBP=0x00007f68d3248740, RSI=0x00007f690746bcaf, RDI=0x00000000f6f9d838
R8 =0x00000000000000fe, R9 =0x0000000000000000, R10=0x0000000000000001, R11=0x000000002ea2d08a
R12=0x00007f68cc0fe000, R13=0x0000000000000000, R14=0x00007f691c1fbd80, R15=0x00007f691c1fb020
RIP=0x00007f69235efeb2, EFLAGS=0x0000000000010246, CSGSFS=0x0000000000000033, ERR=0x0000000000000000
  TRAPNO=0x000000000000000d

Top of Stack: (sp=0x00007f68d32486a0)
0x00007f68d32486a0:   00007f68d32486c0 00007f68d32486e0
0x00007f68d32486b0:   00007f690746b431 00007f68cc003418
0x00007f68d32486c0:   00007f68cc0fe000 0000000000000000
0x00007f68d32486d0:   00007f68d3248760 00007f692358f71f
0x00007f68d32486e0:   0000000000000002 00007f6904c3c8f8
0x00007f68d32486f0:   00007f68cc0fe000 00007f68cc0fe000
0x00007f68d3248700:   00007f68cc0fe000 503a0543cc0fe000
0x00007f68d3248710:   0000000000000000 00007f68cc0fe1f8
0x00007f68d3248720:   0000000000000000 00007f6904c3af48
0x00007f68d3248730:   00007f68d32487f0 00007f68cc0fe000
0x00007f68d3248740:   00007f68d32487f0 00007f6907467b24
0x00007f68d3248750:   00007f68cc0fe1f8 00007f6907469100
0x00007f68d3248760:   00007f6904c3af48 00007f68d32487d0
0x00007f68d3248770:   0000000000000000 00007f690d017474
0x00007f68d3248780:   00007f68cc0fe000 00007f690d0171c2
0x00007f68d3248790:   00007f68d3248790 00007f6904c3af48
0x00007f68d32487a0:   00007f68d32487f0 00007f6904c3c3a8
0x00007f68d32487b0:   0000000000000000 00007f6904c3af48
0x00007f68d32487c0:   0000000000000000 00007f68d32487f0
0x00007f68d32487d0:   00007f68d3248838 00007f690d0082bd
0x00007f68d32487e0:   00000000f6fa9828 00007f690d011538
0x00007f68d32487f0:   00000000f6fe6028 00007f68d32487f8
0x00007f68d3248800:   00007f69047543e1 00007f68d3248890
0x00007f68d3248810:   00007f6904754890 0000000000000000
0x00007f68d3248820:   00007f6904754500 00007f68d32487f0
0x00007f68d3248830:   00007f68d3248890 00007f68d32488d8
0x00007f68d3248840:   00007f690d0082bd 00000000f6802d00
0x00007f68d3248850:   00000000f68029f0 0000000000000000
0x00007f68d3248860:   0000000000000082 00000000000000fe
0x00007f68d3248870:   0000000000000005 00000000f68029b0
0x00007f68d3248880:   00000000f6b625b0 00000000f701b7f0
0x00007f68d3248890:   00000000f6fe48c0 00007f68d3248898 

Instructions: (pc=0x00007f69235efeb2)
0x00007f69235efe92:   00 00 48 85 c0 0f 84 7b 01 00 00 48 8b 85 78 ff
0x00007f69235efea2:   ff ff 45 31 ed 48 8b 38 e8 d1 93 fa ff 48 89 c3
0x00007f69235efeb2:   48 8b 00 4c 89 e6 48 89 df ff 90 90 00 00 00 49
0x00007f69235efec2:   83 7c 24 08 00 0f 84 83 01 00 00 4c 89 ff e8 2b 

Register to memory mapping:

RAX=0x18ef80b320006a01 is an unknown value
RBX=0x18ef80b320006a01 is an unknown value
RCX=0x0000000000000001 is an unknown value
RDX=0x0000000000040021 is an unknown value
RSP=0x00007f68d32486a0 is pointing into the stack for thread: 0x00007f68cc0fe000
RBP=0x00007f68d3248740 is pointing into the stack for thread: 0x00007f68cc0fe000
RSI=0x00007f690746bcaf: <offset 0x9caf> in /usr/lib/libjxnet.so at 0x00007f6907462000
RDI=0x00000000f6f9d838 is an oop
java.lang.Object 
 - klass: 'java/lang/Object'
R8 =0x00000000000000fe is an unknown value
R9 =0x0000000000000000 is an unknown value
R10=0x0000000000000001 is an unknown value
R11=0x000000002ea2d08a is an unknown value
R12=0x00007f68cc0fe000 is a thread
R13=0x0000000000000000 is an unknown value
R14=0x00007f691c1fbd80 is an unknown value
R15=0x00007f691c1fb020 is an unknown value


Stack: [0x00007f68d3149000,0x00007f68d324a000],  sp=0x00007f68d32486a0,  free space=1021k
Native frames: (J=compiled Java code, j=interpreted, Vv=VM code, C=native code)
V  [libjvm.so+0x6e8eb2]  jni_GetFieldID+0x122
C  [libjxnet.so+0x5b24]  SetPcapDumperIDs+0x44
C  0x00007f68d32487f8

Java frames: (J=compiled Java code, j=interpreted, Vv=VM code)
j  com.ardikars.jxnet.Jxnet.PcapDumpClose(Lcom/ardikars/jxnet/PcapDumper;)V+0
j  com.ardikars.opennetcut.app.NetworkScanner.scanAll()V+265
j  com.ardikars.opennetcut.app.NetworkScanner.run()V+129
v  ~StubRoutines::call_stub

---------------  P R O C E S S  ---------------

Java Threads: ( => current thread )
=>0x00007f68cc0fe000 JavaThread "Thread-0" [_thread_in_vm, id=18434, stack(0x00007f68d3149000,0x00007f68d324a000)]
  0x00007f68cc0c7800 JavaThread "TimerQueue" daemon [_thread_blocked, id=18433, stack(0x00007f68d324a000,0x00007f68d334b000)]
  0x00007f691c00a800 JavaThread "DestroyJavaVM" [_thread_blocked, id=18412, stack(0x00007f69249d8000,0x00007f6924ad9000)]
  0x00007f691c2af000 JavaThread "AWT-EventQueue-0" [_thread_blocked, id=18429, stack(0x00007f6904ca2000,0x00007f6904da3000)]
  0x00007f691c2ad000 JavaThread "AWT-Shutdown" [_thread_blocked, id=18428, stack(0x00007f6904da3000,0x00007f6904ea4000)]
  0x00007f691c265000 JavaThread "AWT-XAWT" daemon [_thread_in_native, id=18427, stack(0x00007f6904ea4000,0x00007f6904fa5000)]
  0x00007f691c243000 JavaThread "Java2D Disposer" daemon [_thread_blocked, id=18426, stack(0x00007f69053b6000,0x00007f69054b7000)]
  0x00007f691c0ba800 JavaThread "Service Thread" daemon [_thread_blocked, id=18424, stack(0x00007f6907770000,0x00007f6907871000)]
  0x00007f691c0b8000 JavaThread "C1 CompilerThread1" daemon [_thread_blocked, id=18423, stack(0x00007f6907871000,0x00007f6907972000)]
  0x00007f691c0b5000 JavaThread "C2 CompilerThread0" daemon [_thread_blocked, id=18422, stack(0x00007f6907972000,0x00007f6907a73000)]
  0x00007f691c0b3800 JavaThread "Signal Dispatcher" daemon [_thread_blocked, id=18421, stack(0x00007f6907a73000,0x00007f6907b74000)]
  0x00007f691c080000 JavaThread "Finalizer" daemon [_thread_blocked, id=18420, stack(0x00007f6907cfd000,0x00007f6907dfe000)]
  0x00007f691c07b800 JavaThread "Reference Handler" daemon [_thread_blocked, id=18419, stack(0x00007f6907dfe000,0x00007f6907eff000)]

Other Threads:
  0x00007f691c074000 VMThread [stack: 0x00007f6907eff000,0x00007f6908000000] [id=18418]
  0x00007f691c0be000 WatcherThread [stack: 0x00007f690766f000,0x00007f6907770000] [id=18425]

VM state:not at safepoint (normal execution)

VM Mutex/Monitor currently owned by a thread: None

Heap:
 PSYoungGen      total 9216K, used 5444K [0x00000000f6780000, 0x00000000f7980000, 0x0000000100000000)
  eden space 8192K, 54% used [0x00000000f6780000,0x00000000f6bd9020,0x00000000f6f80000)
  from space 1024K, 96% used [0x00000000f6f80000,0x00000000f7078020,0x00000000f7080000)
  to   space 1024K, 0% used [0x00000000f7880000,0x00000000f7880000,0x00000000f7980000)
 ParOldGen       total 20480K, used 1982K [0x00000000e3600000, 0x00000000e4a00000, 0x00000000f6780000)
  object space 20480K, 9% used [0x00000000e3600000,0x00000000e37efb88,0x00000000e4a00000)
 Metaspace       used 15673K, capacity 15910K, committed 16128K, reserved 1062912K
  class space    used 1919K, capacity 2007K, committed 2048K, reserved 1048576K

Card table byte_map: [0x00007f69216cb000,0x00007f69217b1000] byte_map_base: 0x00007f6920fb0000

Marking Bits: (ParMarkBitMap*) 0x00007f6923ec9c60
 Begin Bits: [0x00007f6920679000, 0x00007f6920da1000)
 End Bits:   [0x00007f6920da1000, 0x00007f69214c9000)

Polling page: 0x00007f6924af6000

CodeCache: size=245760Kb used=4796Kb max_used=4796Kb free=240963Kb
 bounds [0x00007f690d000000, 0x00007f690d4c0000, 0x00007f691c000000]
 total_blobs=2038 nmethods=1456 adapters=496
 compilation: enabled

Compilation events (10 events):
Event: 21.773 Thread 0x00007f691c0b8000 1449   !   3       sun.awt.image.SurfaceManager::getManager (47 bytes)
Event: 21.775 Thread 0x00007f691c0b8000 nmethod 1449 0x00007f690d4aaed0 code [0x00007f690d4ab0a0, 0x00007f690d4ab7d8]
Event: 21.775 Thread 0x00007f691c0b8000 1450       3       java.awt.Image$1::getSurfaceManager (5 bytes)
Event: 21.776 Thread 0x00007f691c0b8000 nmethod 1450 0x00007f690d4abb50 code [0x00007f690d4abcc0, 0x00007f690d4abe10]
Event: 21.776 Thread 0x00007f691c0b8000 1452       3       sun.awt.SunToolkit::getHeavyweightComponent (31 bytes)
Event: 21.778 Thread 0x00007f691c0b8000 nmethod 1452 0x00007f690d4abed0 code [0x00007f690d4ac0a0, 0x00007f690d4ac898]
Event: 21.778 Thread 0x00007f691c0b8000 1451   !   3       sun.awt.X11.XGlobalCursorManager::setCursor (141 bytes)
Event: 21.782 Thread 0x00007f691c0b8000 nmethod 1451 0x00007f690d4acad0 code [0x00007f690d4acda0, 0x00007f690d4ae848]
Event: 22.000 Thread 0x00007f691c0b8000 1453   !   3       java.awt.AWTEvent::copyPrivateDataInto (76 bytes)
Event: 22.002 Thread 0x00007f691c0b8000 nmethod 1453 0x00007f690d4af2d0 code [0x00007f690d4af4e0, 0x00007f690d4b0148]

GC Heap History (6 events):
Event: 0.942 GC heap before
{Heap before GC invocations=1 (full 0):
 PSYoungGen      total 9216K, used 8192K [0x00000000f6780000, 0x00000000f7180000, 0x0000000100000000)
  eden space 8192K, 100% used [0x00000000f6780000,0x00000000f6f80000,0x00000000f6f80000)
  from space 1024K, 0% used [0x00000000f7080000,0x00000000f7080000,0x00000000f7180000)
  to   space 1024K, 0% used [0x00000000f6f80000,0x00000000f6f80000,0x00000000f7080000)
 ParOldGen       total 20480K, used 0K [0x00000000e3600000, 0x00000000e4a00000, 0x00000000f6780000)
  object space 20480K, 0% used [0x00000000e3600000,0x00000000e3600000,0x00000000e4a00000)
 Metaspace       used 13255K, capacity 13500K, committed 13824K, reserved 1060864K
  class space    used 1666K, capacity 1740K, committed 1792K, reserved 1048576K
Event: 0.952 GC heap after
Heap after GC invocations=1 (full 0):
 PSYoungGen      total 9216K, used 1010K [0x00000000f6780000, 0x00000000f7980000, 0x0000000100000000)
  eden space 8192K, 0% used [0x00000000f6780000,0x00000000f6780000,0x00000000f6f80000)
  from space 1024K, 98% used [0x00000000f6f80000,0x00000000f707c820,0x00000000f7080000)
  to   space 1024K, 0% used [0x00000000f7880000,0x00000000f7880000,0x00000000f7980000)
 ParOldGen       total 20480K, used 1498K [0x00000000e3600000, 0x00000000e4a00000, 0x00000000f6780000)
  object space 20480K, 7% used [0x00000000e3600000,0x00000000e3776870,0x00000000e4a00000)
 Metaspace       used 13255K, capacity 13500K, committed 13824K, reserved 1060864K
  class space    used 1666K, capacity 1740K, committed 1792K, reserved 1048576K
}
Event: 18.782 GC heap before
{Heap before GC invocations=2 (full 0):
 PSYoungGen      total 9216K, used 9202K [0x00000000f6780000, 0x00000000f7980000, 0x0000000100000000)
  eden space 8192K, 100% used [0x00000000f6780000,0x00000000f6f80000,0x00000000f6f80000)
  from space 1024K, 98% used [0x00000000f6f80000,0x00000000f707c820,0x00000000f7080000)
  to   space 1024K, 0% used [0x00000000f7880000,0x00000000f7880000,0x00000000f7980000)
 ParOldGen       total 20480K, used 1498K [0x00000000e3600000, 0x00000000e4a00000, 0x00000000f6780000)
  object space 20480K, 7% used [0x00000000e3600000,0x00000000e3776870,0x00000000e4a00000)
 Metaspace       used 15390K, capacity 15590K, committed 15872K, reserved 1062912K
  class space    used 1918K, capacity 2007K, committed 2048K, reserved 1048576K
Event: 18.794 GC heap after
Heap after GC invocations=2 (full 0):
 PSYoungGen      total 9216K, used 992K [0x00000000f6780000, 0x00000000f7980000, 0x0000000100000000)
  eden space 8192K, 0% used [0x00000000f6780000,0x00000000f6780000,0x00000000f6f80000)
  from space 1024K, 96% used [0x00000000f7880000,0x00000000f7978020,0x00000000f7980000)
  to   space 1024K, 0% used [0x00000000f6f80000,0x00000000f6f80000,0x00000000f7080000)
 ParOldGen       total 20480K, used 1974K [0x00000000e3600000, 0x00000000e4a00000, 0x00000000f6780000)
  object space 20480K, 9% used [0x00000000e3600000,0x00000000e37edb88,0x00000000e4a00000)
 Metaspace       used 15390K, capacity 15590K, committed 15872K, reserved 1062912K
  class space    used 1918K, capacity 2007K, committed 2048K, reserved 1048576K
}
Event: 18.889 GC heap before
{Heap before GC invocations=3 (full 0):
 PSYoungGen      total 9216K, used 9184K [0x00000000f6780000, 0x00000000f7980000, 0x0000000100000000)
  eden space 8192K, 100% used [0x00000000f6780000,0x00000000f6f80000,0x00000000f6f80000)
  from space 1024K, 96% used [0x00000000f7880000,0x00000000f7978020,0x00000000f7980000)
  to   space 1024K, 0% used [0x00000000f6f80000,0x00000000f6f80000,0x00000000f7080000)
 ParOldGen       total 20480K, used 1974K [0x00000000e3600000, 0x00000000e4a00000, 0x00000000f6780000)
  object space 20480K, 9% used [0x00000000e3600000,0x00000000e37edb88,0x00000000e4a00000)
 Metaspace       used 15420K, capacity 15654K, committed 15872K, reserved 1062912K
  class space    used 1918K, capacity 2007K, committed 2048K, reserved 1048576K
Event: 18.893 GC heap after
Heap after GC invocations=3 (full 0):
 PSYoungGen      total 9216K, used 992K [0x00000000f6780000, 0x00000000f7980000, 0x0000000100000000)
  eden space 8192K, 0% used [0x00000000f6780000,0x00000000f6780000,0x00000000f6f80000)
  from space 1024K, 96% used [0x00000000f6f80000,0x00000000f7078020,0x00000000f7080000)
  to   space 1024K, 0% used [0x00000000f7880000,0x00000000f7880000,0x00000000f7980000)
 ParOldGen       total 20480K, used 1982K [0x00000000e3600000, 0x00000000e4a00000, 0x00000000f6780000)
  object space 20480K, 9% used [0x00000000e3600000,0x00000000e37efb88,0x00000000e4a00000)
 Metaspace       used 15420K, capacity 15654K, committed 15872K, reserved 1062912K
  class space    used 1918K, capacity 2007K, committed 2048K, reserved 1048576K
}

Deoptimization events (3 events):
Event: 0.630 Thread 0x00007f691c2ce000 Uncommon trap: reason=unstable_if action=reinterpret pc=0x00007f690d1a9b6c method=java.lang.String.replace(CC)Ljava/lang/String; @ 26
Event: 2.914 Thread 0x00007f691c2af000 Uncommon trap: reason=unstable_if action=reinterpret pc=0x00007f690d205058 method=java.lang.String.indexOf([CII[CIII)I @ 3
Event: 17.861 Thread 0x00007f68cc0fe000 Uncommon trap: reason=unstable_if action=reinterpret pc=0x00007f690d373e3c method=java.util.stream.ReferencePipeline$2$1.accept(Ljava/lang/Object;)V @ 13

Internal exceptions (10 events):
Event: 0.045 Thread 0x00007f691c00a800 Exception <a 'java/lang/NoSuchMethodError': Method sun.misc.Unsafe.prefetchRead(Ljava/lang/Object;J)V name or signature does not match> (0x00000000f6787f60) thrown at [/HUDSON3/workspace/8-2-build-linux-amd64/jdk8u102/7268/hotspot/src/share/vm/prims/jni.c
Event: 0.155 Thread 0x00007f691c00a800 Exception <a 'java/security/PrivilegedActionException'> (0x00000000f685d580) thrown at [/HUDSON3/workspace/8-2-build-linux-amd64/jdk8u102/7268/hotspot/src/share/vm/prims/jvm.cpp, line 1386]
Event: 0.155 Thread 0x00007f691c00a800 Exception <a 'java/security/PrivilegedActionException'> (0x00000000f685d790) thrown at [/HUDSON3/workspace/8-2-build-linux-amd64/jdk8u102/7268/hotspot/src/share/vm/prims/jvm.cpp, line 1386]
Event: 0.156 Thread 0x00007f691c00a800 Exception <a 'java/security/PrivilegedActionException'> (0x00000000f6860138) thrown at [/HUDSON3/workspace/8-2-build-linux-amd64/jdk8u102/7268/hotspot/src/share/vm/prims/jvm.cpp, line 1386]
Event: 0.156 Thread 0x00007f691c00a800 Exception <a 'java/security/PrivilegedActionException'> (0x00000000f6860348) thrown at [/HUDSON3/workspace/8-2-build-linux-amd64/jdk8u102/7268/hotspot/src/share/vm/prims/jvm.cpp, line 1386]
Event: 0.231 Thread 0x00007f691c00a800 Exception <a 'java/lang/NoSuchFieldError': method resolution failed> (0x00000000f692c9d8) thrown at [/HUDSON3/workspace/8-2-build-linux-amd64/jdk8u102/7268/hotspot/src/share/vm/prims/methodHandles.cpp, line 1146]
Event: 0.234 Thread 0x00007f691c00a800 Exception <a 'java/lang/NoSuchFieldError': method resolution failed> (0x00000000f693a1a8) thrown at [/HUDSON3/workspace/8-2-build-linux-amd64/jdk8u102/7268/hotspot/src/share/vm/prims/methodHandles.cpp, line 1146]
Event: 0.270 Thread 0x00007f691c00a800 Exception <a 'java/io/FileNotFoundException'> (0x00000000f69b84b8) thrown at [/HUDSON3/workspace/8-2-build-linux-amd64/jdk8u102/7268/hotspot/src/share/vm/prims/jni.cpp, line 709]
Event: 0.270 Thread 0x00007f691c00a800 Exception <a 'java/io/FileNotFoundException'> (0x00000000f69b8ed8) thrown at [/HUDSON3/workspace/8-2-build-linux-amd64/jdk8u102/7268/hotspot/src/share/vm/prims/jni.cpp, line 709]
Event: 2.778 Thread 0x00007f691c2af000 Exception <a 'java/lang/UnsupportedOperationException': > (0x00000000f6929bf8) thrown at [/HUDSON3/workspace/8-2-build-linux-amd64/jdk8u102/7268/hotspot/src/share/vm/prims/jni.cpp, line 735]

Events (10 events):
Event: 18.898 Thread 0x00007f68cc0fe000 DEOPT PACKING pc=0x00007f690d38093b sp=0x00007f68d3247d50
Event: 18.898 Thread 0x00007f68cc0fe000 DEOPT UNPACKING pc=0x00007f690d047233 sp=0x00007f68d3247b70 mode 0
Event: 18.898 Thread 0x00007f68cc0fe000 DEOPT PACKING pc=0x00007f690d38093b sp=0x00007f68d3247d50
Event: 18.898 Thread 0x00007f68cc0fe000 DEOPT UNPACKING pc=0x00007f690d047233 sp=0x00007f68d3247b70 mode 0
Event: 18.902 Executing VM operation: RevokeBias
Event: 18.902 Executing VM operation: RevokeBias done
Event: 19.036 loading class javax/swing/Timer$1
Event: 19.036 loading class javax/swing/Timer$1 done
Event: 19.822 Executing VM operation: RevokeBias
Event: 19.822 Executing VM operation: RevokeBias done


Dynamic libraries:
00400000-00401000 r-xp 00000000 08:05 34275366                           /media/linux/Data/Linux/x64/jdk1.8.0_102/bin/java
00600000-00601000 rw-p 00000000 08:05 34275366                           /media/linux/Data/Linux/x64/jdk1.8.0_102/bin/java
02251000-02294000 rw-p 00000000 00:00 0                                  [heap]
e3600000-e4a00000 rw-p 00000000 00:00 0 
e4a00000-f6780000 ---p 00000000 00:00 0 
f6780000-f7980000 rw-p 00000000 00:00 0 
f7980000-100000000 ---p 00000000 00:00 0 
100000000-100200000 rw-p 00000000 00:00 0 
100200000-140000000 ---p 00000000 00:00 0 
7f68cc000000-7f68cc1cb000 rw-p 00000000 00:00 0 
7f68cc1cb000-7f68d0000000 ---p 00000000 00:00 0 
7f68d3149000-7f68d314c000 ---p 00000000 00:00 0 
7f68d314c000-7f68d324a000 rw-p 00000000 00:00 0                          [stack:18434]
7f68d324a000-7f68d324d000 ---p 00000000 00:00 0 
7f68d324d000-7f68d334b000 rw-p 00000000 00:00 0                          [stack:18433]
7f68d334b000-7f68d3375000 r-xp 00000000 08:05 34275453                   /media/linux/Data/Linux/x64/jdk1.8.0_102/jre/lib/amd64/libdcpr.so
7f68d3375000-7f68d3575000 ---p 0002a000 08:05 34275453                   /media/linux/Data/Linux/x64/jdk1.8.0_102/jre/lib/amd64/libdcpr.so
7f68d3575000-7f68d3578000 rw-p 0002a000 08:05 34275453                   /media/linux/Data/Linux/x64/jdk1.8.0_102/jre/lib/amd64/libdcpr.so
7f68d3578000-7f68d3738000 rw-p 00000000 00:00 0 
7f68d3738000-7f68d3778000 ---p 00000000 00:00 0 
7f68d3778000-7f68d3978000 rw-s 00000000 00:07 389239                     socket:[389239]
7f68d3978000-7f68d398a000 r--s 00000000 08:02 1841059                    /usr/share/fonts/type1/gsfonts/n019004l.pfb
7f68d398a000-7f68d39a3000 r--s 00000000 08:02 1841049                    /usr/share/fonts/type1/gsfonts/n021003l.pfb
7f68d39a3000-7f68d39be000 r--s 00000000 08:02 1841124                    /usr/share/fonts/type1/gsfonts/c059016l.pfb
7f68d39be000-7f68d39d6000 r--s 00000000 08:02 1841065                    /usr/share/fonts/type1/gsfonts/n022003l.pfb
7f68d39d6000-7f68d39e6000 r--s 00000000 08:02 1841080                    /usr/share/fonts/type1/gsfonts/a010015l.pfb
7f68d39e6000-7f68d39f0000 r--s 00000000 08:02 2235098                    /usr/share/fonts/X11/Type1/c0582bt_.pfb
7f68d39f0000-7f68d3a0a000 r--s 00000000 08:02 1841097                    /usr/share/fonts/type1/gsfonts/c059013l.pfb
7f68d3a0a000-7f68d3a23000 r--s 00000000 08:02 1841063                    /usr/share/fonts/type1/gsfonts/n022004l.pfb
7f68d3a23000-7f68d3a3b000 r--s 00000000 08:02 1841061                    /usr/share/fonts/type1/gsfonts/c059036l.pfb
7f68d3a3b000-7f68d3a52000 r--s 00000000 08:02 1841068                    /usr/share/fonts/type1/gsfonts/n021023l.pfb
7f68d3a52000-7f68d3a63000 r--s 00000000 08:02 1840991                    /usr/share/fonts/type1/gsfonts/n019024l.pfb
7f68d3a63000-7f68d3a6c000 r--s 00000000 08:02 2235083                    /usr/share/fonts/X11/Type1/c0633bt_.pfb
7f68d3a6c000-7f68d3a75000 r--s 00000000 08:02 1841079                    /usr/share/fonts/type1/gsfonts/s050000l.pfb
7f68d3a75000-7f68d3a7e000 r--s 00000000 08:02 2235092                    /usr/share/fonts/X11/Type1/c0649bt_.pfb
7f68d3a7e000-7f68d3a91000 r--s 00000000 08:02 1841077                    /usr/share/fonts/type1/gsfonts/n019064l.pfb
7f68d3a91000-7f68d3aa7000 r--s 00000000 08:02 1840994                    /usr/share/fonts/type1/gsfonts/n021024l.pfb
7f68d3aa7000-7f68d3ab0000 r--s 00000000 08:02 2235089                    /usr/share/fonts/X11/Type1/c0648bt_.pfb
7f68d3ab0000-7f68d3ac0000 r--s 00000000 08:02 1841096                    /usr/share/fonts/type1/gsfonts/a010013l.pfb
7f68d3ac0000-7f68d3ad1000 r--s 00000000 08:02 1841044                    /usr/share/fonts/type1/gsfonts/n019023l.pfb
7f68d3ad1000-7f68d3ae7000 r--s 00000000 08:02 1841026                    /usr/share/fonts/type1/gsfonts/n022024l.pfb
7f68d3ae7000-7f68d3afd000 r--s 00000000 08:02 1841095                    /usr/share/fonts/type1/gsfonts/n022023l.pfb
7f68d3afd000-7f68d3b0e000 r--s 00000000 08:02 1841043                    /usr/share/fonts/type1/gsfonts/a010035l.pfb
7f68d3b0e000-7f68d3b23000 r--s 00000000 08:02 1840996                    /usr/share/fonts/type1/gsfonts/b018032l.pfb
7f68d3b23000-7f68d3b3a000 r--s 00000000 08:02 1841071                    /usr/share/fonts/type1/gsfonts/z003034l.pfb
7f68d3b3a000-7f68d3b56000 r--s 00000000 08:02 1841021                    /usr/share/fonts/type1/gsfonts/p052024l.pfb
7f68d3b56000-7f68d3b6f000 r--s 00000000 08:02 1841008                    /usr/share/fonts/type1/gsfonts/n021004l.pfb
7f68d3b6f000-7f68d3bd8000 r-xp 00000000 08:05 34275505                   /media/linux/Data/Linux/x64/jdk1.8.0_102/jre/lib/amd64/libt2k.so
7f68d3bd8000-7f68d3dd8000 ---p 00069000 08:05 34275505                   /media/linux/Data/Linux/x64/jdk1.8.0_102/jre/lib/amd64/libt2k.so
7f68d3dd8000-7f68d3ddf000 rw-p 00069000 08:05 34275505                   /media/linux/Data/Linux/x64/jdk1.8.0_102/jre/lib/amd64/libt2k.so
7f68d3ddf000-7f68d3def000 rw-p 00000000 00:00 0 
7f68d3def000-7f68d3e00000 r-xp 00000000 08:05 34275473                   /media/linux/Data/Linux/x64/jdk1.8.0_102/jre/lib/amd64/libnio.so
7f68d3e00000-7f68d3fff000 ---p 00011000 08:05 34275473                   /media/linux/Data/Linux/x64/jdk1.8.0_102/jre/lib/amd64/libnio.so
7f68d3fff000-7f68d4000000 rw-p 00010000 08:05 34275473                   /media/linux/Data/Linux/x64/jdk1.8.0_102/jre/lib/amd64/libnio.so
7f68d4000000-7f68d4296000 rw-p 00000000 00:00 0 
7f68d4296000-7f68d8000000 ---p 00000000 00:00 0 
7f68d8000000-7f68d8021000 rw-p 00000000 00:00 0 
7f68d8021000-7f68dc000000 ---p 00000000 00:00 0 
7f68dc000000-7f68dc021000 rw-p 00000000 00:00 0 
7f68dc021000-7f68e0000000 ---p 00000000 00:00 0 
7f68e0000000-7f68e02c3000 rw-p 00000000 00:00 0 
7f68e02c3000-7f68e4000000 ---p 00000000 00:00 0 
7f68e4000000-7f68e47b5000 rw-p 00000000 00:00 0 
7f68e47b5000-7f68e8000000 ---p 00000000 00:00 0 
7f68e8000000-7f68e8021000 rw-p 00000000 00:00 0 
7f68e8021000-7f68ec000000 ---p 00000000 00:00 0 
7f68ec000000-7f68ec021000 rw-p 00000000 00:00 0 
7f68ec021000-7f68f0000000 ---p 00000000 00:00 0 
7f68f0000000-7f68f0266000 rw-p 00000000 00:00 0 
7f68f0266000-7f68f4000000 ---p 00000000 00:00 0 
7f68f4000000-7f68f4021000 rw-p 00000000 00:00 0 
7f68f4021000-7f68f8000000 ---p 00000000 00:00 0 
7f68f8000000-7f68f8021000 rw-p 00000000 00:00 0 
7f68f8021000-7f68fc000000 ---p 00000000 00:00 0 
7f68fc000000-7f68fc021000 rw-p 00000000 00:00 0 
7f68fc021000-7f6900000000 ---p 00000000 00:00 0 
7f6900000000-7f6900021000 rw-p 00000000 00:00 0 
7f6900021000-7f6904000000 ---p 00000000 00:00 0 
7f6904006000-7f6904010000 r--s 00000000 08:02 2235090                    /usr/share/fonts/X11/Type1/c0419bt_.pfb
7f6904010000-7f6904024000 r--s 00000000 08:02 1841073                    /usr/share/fonts/type1/gsfonts/n019003l.pfb
7f6904024000-7f690403c000 r--s 00000000 08:02 1841083                    /usr/share/fonts/type1/gsfonts/c059033l.pfb
7f690403c000-7f6904048000 r--s 00000000 08:02 1841031                    /usr/share/fonts/type1/gsfonts/d050000l.pfb
7f6904048000-7f690405a000 r--s 00000000 08:02 1841094                    /usr/share/fonts/type1/gsfonts/n019044l.pfb
7f690405a000-7f690406c000 r--s 00000000 08:02 1840998                    /usr/share/fonts/type1/gsfonts/b018035l.pfb
7f690406c000-7f6904087000 r--s 00000000 08:02 1841047                    /usr/share/fonts/type1/gsfonts/p052003l.pfb
7f6904087000-7f6904388000 rw-p 00000000 00:00 0 
7f6904388000-7f690439e000 r-xp 00000000 08:05 34275448                   /media/linux/Data/Linux/x64/jdk1.8.0_102/jre/lib/amd64/libnet.so
7f690439e000-7f690459e000 ---p 00016000 08:05 34275448                   /media/linux/Data/Linux/x64/jdk1.8.0_102/jre/lib/amd64/libnet.so
7f690459e000-7f690459f000 rw-p 00016000 08:05 34275448                   /media/linux/Data/Linux/x64/jdk1.8.0_102/jre/lib/amd64/libnet.so
7f690459f000-7f690479f000 rw-p 00000000 00:00 0 
7f690479f000-7f69047a2000 ---p 00000000 00:00 0 
7f69047a2000-7f69048a0000 rw-p 00000000 00:00 0 
7f69048a0000-7f69048a3000 ---p 00000000 00:00 0 
7f69048a3000-7f69049a1000 rw-p 00000000 00:00 0 
7f69049a1000-7f69049a4000 ---p 00000000 00:00 0 
7f69049a4000-7f6904ca2000 rw-p 00000000 00:00 0 
7f6904ca2000-7f6904ca5000 ---p 00000000 00:00 0 
7f6904ca5000-7f6904da3000 rw-p 00000000 00:00 0                          [stack:18429]
7f6904da3000-7f6904da6000 ---p 00000000 00:00 0 
7f6904da6000-7f6904ea4000 rw-p 00000000 00:00 0                          [stack:18428]
7f6904ea4000-7f6904ea7000 ---p 00000000 00:00 0 
7f6904ea7000-7f6904fa5000 rw-p 00000000 00:00 0                          [stack:18427]
7f6904fa5000-7f6904faa000 r-xp 00000000 08:02 1581271                    /usr/lib/x86_64-linux-gnu/libXfixes.so.3.1.0
7f6904faa000-7f69051a9000 ---p 00005000 08:02 1581271                    /usr/lib/x86_64-linux-gnu/libXfixes.so.3.1.0
7f69051a9000-7f69051aa000 r--p 00004000 08:02 1581271                    /usr/lib/x86_64-linux-gnu/libXfixes.so.3.1.0
7f69051aa000-7f69051ab000 rw-p 00005000 08:02 1581271                    /usr/lib/x86_64-linux-gnu/libXfixes.so.3.1.0
7f69051ab000-7f69051b5000 r-xp 00000000 08:02 1581273                    /usr/lib/x86_64-linux-gnu/libXcursor.so.1.0.2
7f69051b5000-7f69053b4000 ---p 0000a000 08:02 1581273                    /usr/lib/x86_64-linux-gnu/libXcursor.so.1.0.2
7f69053b4000-7f69053b5000 r--p 00009000 08:02 1581273                    /usr/lib/x86_64-linux-gnu/libXcursor.so.1.0.2
7f69053b5000-7f69053b6000 rw-p 0000a000 08:02 1581273                    /usr/lib/x86_64-linux-gnu/libXcursor.so.1.0.2
7f69053b6000-7f69053b9000 ---p 00000000 00:00 0 
7f69053b9000-7f69054b7000 rw-p 00000000 00:00 0                          [stack:18426]
7f69054b7000-7f69054cd000 r-xp 00000000 08:02 2883588                    /lib/x86_64-linux-gnu/libgcc_s.so.1
7f69054cd000-7f69056cc000 ---p 00016000 08:02 2883588                    /lib/x86_64-linux-gnu/libgcc_s.so.1
7f69056cc000-7f69056cd000 rw-p 00015000 08:02 2883588                    /lib/x86_64-linux-gnu/libgcc_s.so.1
7f69056cd000-7f6905732000 r-xp 00000000 08:05 34275467                   /media/linux/Data/Linux/x64/jdk1.8.0_102/jre/lib/amd64/libfontmanager.so
7f6905732000-7f6905931000 ---p 00065000 08:05 34275467                   /media/linux/Data/Linux/x64/jdk1.8.0_102/jre/lib/amd64/libfontmanager.so
7f6905931000-7f6905936000 rw-p 00064000 08:05 34275467                   /media/linux/Data/Linux/x64/jdk1.8.0_102/jre/lib/amd64/libfontmanager.so
7f6905936000-7f6905946000 rw-p 00000000 00:00 0 
7f6905946000-7f690594b000 r-xp 00000000 08:02 1580646                    /usr/lib/x86_64-linux-gnu/libXdmcp.so.6.0.0
7f690594b000-7f6905b4a000 ---p 00005000 08:02 1580646                    /usr/lib/x86_64-linux-gnu/libXdmcp.so.6.0.0
7f6905b4a000-7f6905b4b000 rw-p 00004000 08:02 1580646                    /usr/lib/x86_64-linux-gnu/libXdmcp.so.6.0.0
7f6905b4b000-7f6905b4e000 r-xp 00000000 08:02 1580644                    /usr/lib/x86_64-linux-gnu/libXau.so.6.0.0
7f6905b4e000-7f6905d4d000 ---p 00003000 08:02 1580644                    /usr/lib/x86_64-linux-gnu/libXau.so.6.0.0
7f6905d4d000-7f6905d4e000 r--p 00002000 08:02 1580644                    /usr/lib/x86_64-linux-gnu/libXau.so.6.0.0
7f6905d4e000-7f6905d4f000 rw-p 00003000 08:02 1580644                    /usr/lib/x86_64-linux-gnu/libXau.so.6.0.0
7f6905d4f000-7f6905d70000 r-xp 00000000 08:02 1580648                    /usr/lib/x86_64-linux-gnu/libxcb.so.1.1.0
7f6905d70000-7f6905f6f000 ---p 00021000 08:02 1580648                    /usr/lib/x86_64-linux-gnu/libxcb.so.1.1.0
7f6905f6f000-7f6905f70000 r--p 00020000 08:02 1580648                    /usr/lib/x86_64-linux-gnu/libxcb.so.1.1.0
7f6905f70000-7f6905f71000 rw-p 00021000 08:02 1580648                    /usr/lib/x86_64-linux-gnu/libxcb.so.1.1.0
7f6905f71000-7f6905f80000 r-xp 00000000 08:02 1581277                    /usr/lib/x86_64-linux-gnu/libXi.so.6.1.0
7f6905f80000-7f690617f000 ---p 0000f000 08:02 1581277                    /usr/lib/x86_64-linux-gnu/libXi.so.6.1.0
7f690617f000-7f6906180000 r--p 0000e000 08:02 1581277                    /usr/lib/x86_64-linux-gnu/libXi.so.6.1.0
7f6906180000-7f6906181000 rw-p 0000f000 08:02 1581277                    /usr/lib/x86_64-linux-gnu/libXi.so.6.1.0
7f6906181000-7f6906186000 r-xp 00000000 08:02 1583208                    /usr/lib/x86_64-linux-gnu/libXtst.so.6.1.0
7f6906186000-7f6906385000 ---p 00005000 08:02 1583208                    /usr/lib/x86_64-linux-gnu/libXtst.so.6.1.0
7f6906385000-7f6906386000 r--p 00004000 08:02 1583208                    /usr/lib/x86_64-linux-gnu/libXtst.so.6.1.0
7f6906386000-7f6906387000 rw-p 00005000 08:02 1583208                    /usr/lib/x86_64-linux-gnu/libXtst.so.6.1.0
7f6906387000-7f6906390000 r-xp 00000000 08:02 1580768                    /usr/lib/x86_64-linux-gnu/libXrender.so.1.3.0
7f6906390000-7f690658f000 ---p 00009000 08:02 1580768                    /usr/lib/x86_64-linux-gnu/libXrender.so.1.3.0
7f690658f000-7f6906590000 r--p 00008000 08:02 1580768                    /usr/lib/x86_64-linux-gnu/libXrender.so.1.3.0
7f6906590000-7f6906591000 rw-p 00009000 08:02 1580768                    /usr/lib/x86_64-linux-gnu/libXrender.so.1.3.0
7f6906591000-7f69066cd000 r-xp 00000000 08:02 1580652                    /usr/lib/x86_64-linux-gnu/libX11.so.6.3.0
7f69066cd000-7f69068cc000 ---p 0013c000 08:02 1580652                    /usr/lib/x86_64-linux-gnu/libX11.so.6.3.0
7f69068cc000-7f69068ce000 r--p 0013b000 08:02 1580652                    /usr/lib/x86_64-linux-gnu/libX11.so.6.3.0
7f69068ce000-7f69068d3000 rw-p 0013d000 08:02 1580652                    /usr/lib/x86_64-linux-gnu/libX11.so.6.3.0
7f69068d3000-7f69068d4000 rw-p 00000000 00:00 0 
7f69068d4000-7f69068e5000 r-xp 00000000 08:02 1580766                    /usr/lib/x86_64-linux-gnu/libXext.so.6.4.0
7f69068e5000-7f6906ae4000 ---p 00011000 08:02 1580766                    /usr/lib/x86_64-linux-gnu/libXext.so.6.4.0
7f6906ae4000-7f6906ae5000 r--p 00010000 08:02 1580766                    /usr/lib/x86_64-linux-gnu/libXext.so.6.4.0
7f6906ae5000-7f6906ae6000 rw-p 00011000 08:02 1580766                    /usr/lib/x86_64-linux-gnu/libXext.so.6.4.0
7f6906ae6000-7f6906b3a000 r-xp 00000000 08:05 34275475                   /media/linux/Data/Linux/x64/jdk1.8.0_102/jre/lib/amd64/libawt_xawt.so
7f6906b3a000-7f6906d3a000 ---p 00054000 08:05 34275475                   /media/linux/Data/Linux/x64/jdk1.8.0_102/jre/lib/amd64/libawt_xawt.so
7f6906d3a000-7f6906d3e000 rw-p 00054000 08:05 34275475                   /media/linux/Data/Linux/x64/jdk1.8.0_102/jre/lib/amd64/libawt_xawt.so
7f6906d3e000-7f6906d3f000 rw-p 00000000 00:00 0 
7f6906d3f000-7f6906de1000 r-xp 00000000 08:05 34275508                   /media/linux/Data/Linux/x64/jdk1.8.0_102/jre/lib/amd64/libawt.so
7f6906de1000-7f6906fe1000 ---p 000a2000 08:05 34275508                   /media/linux/Data/Linux/x64/jdk1.8.0_102/jre/lib/amd64/libawt.so
7f6906fe1000-7f6906fed000 rw-p 000a2000 08:05 34275508                   /media/linux/Data/Linux/x64/jdk1.8.0_102/jre/lib/amd64/libawt.so
7f6906fed000-7f6907011000 rw-p 00000000 00:00 0 
7f6907011000-7f690701e000 r-xp 00000000 08:02 1722385                    /usr/local/lib/libdnet.so.1.0.1
7f690701e000-7f690721e000 ---p 0000d000 08:02 1722385                    /usr/local/lib/libdnet.so.1.0.1
7f690721e000-7f6907220000 rw-p 0000d000 08:02 1722385                    /usr/local/lib/libdnet.so.1.0.1
7f6907220000-7f6907222000 rw-p 00000000 00:00 0 
7f6907222000-7f690725f000 r-xp 00000000 08:02 1600076                    /usr/lib/x86_64-linux-gnu/libpcap.so.1.6.2
7f690725f000-7f690745e000 ---p 0003d000 08:02 1600076                    /usr/lib/x86_64-linux-gnu/libpcap.so.1.6.2
7f690745e000-7f6907460000 r--p 0003c000 08:02 1600076                    /usr/lib/x86_64-linux-gnu/libpcap.so.1.6.2
7f6907460000-7f6907461000 rw-p 0003e000 08:02 1600076                    /usr/lib/x86_64-linux-gnu/libpcap.so.1.6.2
7f6907461000-7f6907462000 rw-p 00000000 00:00 0 
7f6907462000-7f690746f000 r-xp 00000000 08:02 1596281                    /usr/lib/libjxnet.so
7f690746f000-7f690766e000 ---p 0000d000 08:02 1596281                    /usr/lib/libjxnet.so
7f690766e000-7f690766f000 rw-p 0000c000 08:02 1596281                    /usr/lib/libjxnet.so
7f690766f000-7f6907670000 ---p 00000000 00:00 0 
7f6907670000-7f6907770000 rw-p 00000000 00:00 0                          [stack:18425]
7f6907770000-7f6907773000 ---p 00000000 00:00 0 
7f6907773000-7f6907871000 rw-p 00000000 00:00 0                          [stack:18424]
7f6907871000-7f6907874000 ---p 00000000 00:00 0 
7f6907874000-7f6907972000 rw-p 00000000 00:00 0                          [stack:18423]
7f6907972000-7f6907975000 ---p 00000000 00:00 0 
7f6907975000-7f6907a73000 rw-p 00000000 00:00 0                          [stack:18422]
7f6907a73000-7f6907a76000 ---p 00000000 00:00 0 
7f6907a76000-7f6907b74000 rw-p 00000000 00:00 0                          [stack:18421]
7f6907b74000-7f6907cfd000 r--p 00000000 08:02 1585446                    /usr/lib/locale/locale-archive
7f6907cfd000-7f6907d00000 ---p 00000000 00:00 0 
7f6907d00000-7f6907dfe000 rw-p 00000000 00:00 0                          [stack:18420]
7f6907dfe000-7f6907e01000 ---p 00000000 00:00 0 
7f6907e01000-7f6907eff000 rw-p 00000000 00:00 0                          [stack:18419]
7f6907eff000-7f6907f00000 ---p 00000000 00:00 0 
7f6907f00000-7f6908000000 rw-p 00000000 00:00 0                          [stack:18418]
7f6908000000-7f6908021000 rw-p 00000000 00:00 0 
7f6908021000-7f690c000000 ---p 00000000 00:00 0 
7f690c000000-7f690c001000 rw-p 00000000 00:00 0 
7f690c001000-7f690c00b000 r--s 00000000 08:02 2235091                    /usr/share/fonts/X11/Type1/c0583bt_.pfb
7f690c00b000-7f690c014000 r--s 00000000 08:02 2235085                    /usr/share/fonts/X11/Type1/c0632bt_.pfb
7f690c014000-7f690c026000 r--s 00000000 08:02 1841023                    /usr/share/fonts/type1/gsfonts/n019043l.pfb
7f690c026000-7f690c036000 r--s 00000000 08:02 1841110                    /usr/share/fonts/type1/gsfonts/a010033l.pfb
7f690c036000-7f690c04f000 r--s 00000000 08:02 1841112                    /usr/share/fonts/type1/gsfonts/b018012l.pfb
7f690c04f000-7f690c06a000 r--s 00000000 08:02 1841069                    /usr/share/fonts/type1/gsfonts/p052023l.pfb
7f690c06a000-7f690c07d000 r--s 00000000 08:02 1841105                    /usr/share/fonts/type1/gsfonts/b018015l.pfb
7f690c07d000-7f690c08e000 r--s 00000000 08:02 1841088                    /usr/share/fonts/type1/gsfonts/n019063l.pfb
7f690c08e000-7f690c0a9000 r--s 00000000 08:02 1841089                    /usr/share/fonts/type1/gsfonts/p052004l.pfb
7f690c0a9000-7f690c0b3000 r--s 00000000 08:02 2235094                    /usr/share/fonts/X11/Type1/c0611bt_.pfb
7f690c0b3000-7f690c0be000 r--s 00000000 08:02 1314525                    /var/cache/fontconfig/945677eb7aeaf62f1d50efc3fb3ec7d8-le64.cache-4
7f690c0be000-7f690c0f9000 r--s 00000000 08:02 1314002                    /var/cache/fontconfig/365b55f210c0a22e9a19e35191240f32-le64.cache-4
7f690c0f9000-7f690d000000 rw-p 00000000 00:00 0 
7f690d000000-7f690d4c0000 rwxp 00000000 00:00 0 
7f690d4c0000-7f691c000000 ---p 00000000 00:00 0 
7f691c000000-7f691c58a000 rw-p 00000000 00:00 0 
7f691c58a000-7f6920000000 ---p 00000000 00:00 0 
7f6920000000-7f6920001000 rw-p 00000000 00:00 0 
7f6920001000-7f6920005000 r--s 00097000 08:05 34275392                   /media/linux/Data/Linux/x64/jdk1.8.0_102/jre/lib/jsse.jar
7f6920005000-7f692000c000 r--s 00000000 08:02 1314457                    /var/cache/fontconfig/3047814df9a2f067bd2d96a2b9c36e5a-le64.cache-4
7f692000c000-7f692001f000 r--s 00000000 08:02 1314050                    /var/cache/fontconfig/d52a8644073d54c13679302ca1180695-le64.cache-4
7f692001f000-7f692002a000 r--s 00000000 08:02 1314024                    /var/cache/fontconfig/d589a48862398ed80a3d6066f4f56f4c-le64.cache-4
7f692002a000-7f6920037000 r--s 00000000 08:02 1311801                    /var/cache/fontconfig/e13b20fdb08344e0e664864cc2ede53d-le64.cache-4
7f6920037000-7f69202eb000 rw-p 00000000 00:00 0 
7f69202eb000-7f69204c3000 r--s 03d29000 08:05 34275440                   /media/linux/Data/Linux/x64/jdk1.8.0_102/jre/lib/rt.jar
7f69204c3000-7f69214c9000 rw-p 00000000 00:00 0 
7f69214c9000-7f69214ca000 ---p 00000000 00:00 0 
7f69214ca000-7f69215ca000 rw-p 00000000 00:00 0                          [stack:18417]
7f69215ca000-7f69215cb000 ---p 00000000 00:00 0 
7f69215cb000-7f69216d5000 rw-p 00000000 00:00 0                          [stack:18416]
7f69216d5000-7f6921763000 ---p 00000000 00:00 0 
7f6921763000-7f692176d000 rw-p 00000000 00:00 0 
7f692176d000-7f69217b0000 ---p 00000000 00:00 0 
7f69217b0000-7f69217c4000 rw-p 00000000 00:00 0 
7f69217c4000-7f6921b71000 ---p 00000000 00:00 0 
7f6921b71000-7f6921b8b000 r-xp 00000000 08:05 34275471                   /media/linux/Data/Linux/x64/jdk1.8.0_102/jre/lib/amd64/libzip.so
7f6921b8b000-7f6921d8b000 ---p 0001a000 08:05 34275471                   /media/linux/Data/Linux/x64/jdk1.8.0_102/jre/lib/amd64/libzip.so
7f6921d8b000-7f6921d8c000 rw-p 0001a000 08:05 34275471                   /media/linux/Data/Linux/x64/jdk1.8.0_102/jre/lib/amd64/libzip.so
7f6921d8c000-7f6921d97000 r-xp 00000000 08:02 2891013                    /lib/x86_64-linux-gnu/libnss_files-2.19.so
7f6921d97000-7f6921f96000 ---p 0000b000 08:02 2891013                    /lib/x86_64-linux-gnu/libnss_files-2.19.so
7f6921f96000-7f6921f97000 r--p 0000a000 08:02 2891013                    /lib/x86_64-linux-gnu/libnss_files-2.19.so
7f6921f97000-7f6921f98000 rw-p 0000b000 08:02 2891013                    /lib/x86_64-linux-gnu/libnss_files-2.19.so
7f6921f98000-7f6921fa2000 r-xp 00000000 08:02 2891015                    /lib/x86_64-linux-gnu/libnss_nis-2.19.so
7f6921fa2000-7f69221a1000 ---p 0000a000 08:02 2891015                    /lib/x86_64-linux-gnu/libnss_nis-2.19.so
7f69221a1000-7f69221a2000 r--p 00009000 08:02 2891015                    /lib/x86_64-linux-gnu/libnss_nis-2.19.so
7f69221a2000-7f69221a3000 rw-p 0000a000 08:02 2891015                    /lib/x86_64-linux-gnu/libnss_nis-2.19.so
7f69221a3000-7f69221b8000 r-xp 00000000 08:02 2890799                    /lib/x86_64-linux-gnu/libnsl-2.19.so
7f69221b8000-7f69223b7000 ---p 00015000 08:02 2890799                    /lib/x86_64-linux-gnu/libnsl-2.19.so
7f69223b7000-7f69223b8000 r--p 00014000 08:02 2890799                    /lib/x86_64-linux-gnu/libnsl-2.19.so
7f69223b8000-7f69223b9000 rw-p 00015000 08:02 2890799                    /lib/x86_64-linux-gnu/libnsl-2.19.so
7f69223b9000-7f69223bb000 rw-p 00000000 00:00 0 
7f69223bb000-7f69223c2000 r-xp 00000000 08:02 2890995                    /lib/x86_64-linux-gnu/libnss_compat-2.19.so
7f69223c2000-7f69225c1000 ---p 00007000 08:02 2890995                    /lib/x86_64-linux-gnu/libnss_compat-2.19.so
7f69225c1000-7f69225c2000 r--p 00006000 08:02 2890995                    /lib/x86_64-linux-gnu/libnss_compat-2.19.so
7f69225c2000-7f69225c3000 rw-p 00007000 08:02 2890995                    /lib/x86_64-linux-gnu/libnss_compat-2.19.so
7f69225c3000-7f69225ed000 r-xp 00000000 08:05 34275498                   /media/linux/Data/Linux/x64/jdk1.8.0_102/jre/lib/amd64/libjava.so
7f69225ed000-7f69227ed000 ---p 0002a000 08:05 34275498                   /media/linux/Data/Linux/x64/jdk1.8.0_102/jre/lib/amd64/libjava.so
7f69227ed000-7f69227ef000 rw-p 0002a000 08:05 34275498                   /media/linux/Data/Linux/x64/jdk1.8.0_102/jre/lib/amd64/libjava.so
7f69227ef000-7f69227fc000 r-xp 00000000 08:05 34275449                   /media/linux/Data/Linux/x64/jdk1.8.0_102/jre/lib/amd64/libverify.so
7f69227fc000-7f69229fc000 ---p 0000d000 08:05 34275449                   /media/linux/Data/Linux/x64/jdk1.8.0_102/jre/lib/amd64/libverify.so
7f69229fc000-7f69229fe000 rw-p 0000d000 08:05 34275449                   /media/linux/Data/Linux/x64/jdk1.8.0_102/jre/lib/amd64/libverify.so
7f69229fe000-7f6922a05000 r-xp 00000000 08:02 2891067                    /lib/x86_64-linux-gnu/librt-2.19.so
7f6922a05000-7f6922c04000 ---p 00007000 08:02 2891067                    /lib/x86_64-linux-gnu/librt-2.19.so
7f6922c04000-7f6922c05000 r--p 00006000 08:02 2891067                    /lib/x86_64-linux-gnu/librt-2.19.so
7f6922c05000-7f6922c06000 rw-p 00007000 08:02 2891067                    /lib/x86_64-linux-gnu/librt-2.19.so
7f6922c06000-7f6922d06000 r-xp 00000000 08:02 2890797                    /lib/x86_64-linux-gnu/libm-2.19.so
7f6922d06000-7f6922f05000 ---p 00100000 08:02 2890797                    /lib/x86_64-linux-gnu/libm-2.19.so
7f6922f05000-7f6922f06000 r--p 000ff000 08:02 2890797                    /lib/x86_64-linux-gnu/libm-2.19.so
7f6922f06000-7f6922f07000 rw-p 00100000 08:02 2890797                    /lib/x86_64-linux-gnu/libm-2.19.so
7f6922f07000-7f6923bd3000 r-xp 00000000 08:05 34275502                   /media/linux/Data/Linux/x64/jdk1.8.0_102/jre/lib/amd64/server/libjvm.so
7f6923bd3000-7f6923dd3000 ---p 00ccc000 08:05 34275502                   /media/linux/Data/Linux/x64/jdk1.8.0_102/jre/lib/amd64/server/libjvm.so
7f6923dd3000-7f6923eac000 rw-p 00ccc000 08:05 34275502                   /media/linux/Data/Linux/x64/jdk1.8.0_102/jre/lib/amd64/server/libjvm.so
7f6923eac000-7f6923ef7000 rw-p 00000000 00:00 0 
7f6923ef7000-7f6924098000 r-xp 00000000 08:02 2890793                    /lib/x86_64-linux-gnu/libc-2.19.so
7f6924098000-7f6924298000 ---p 001a1000 08:02 2890793                    /lib/x86_64-linux-gnu/libc-2.19.so
7f6924298000-7f692429c000 r--p 001a1000 08:02 2890793                    /lib/x86_64-linux-gnu/libc-2.19.so
7f692429c000-7f692429e000 rw-p 001a5000 08:02 2890793                    /lib/x86_64-linux-gnu/libc-2.19.so
7f692429e000-7f69242a2000 rw-p 00000000 00:00 0 
7f69242a2000-7f69242a5000 r-xp 00000000 08:02 2890796                    /lib/x86_64-linux-gnu/libdl-2.19.so
7f69242a5000-7f69244a4000 ---p 00003000 08:02 2890796                    /lib/x86_64-linux-gnu/libdl-2.19.so
7f69244a4000-7f69244a5000 r--p 00002000 08:02 2890796                    /lib/x86_64-linux-gnu/libdl-2.19.so
7f69244a5000-7f69244a6000 rw-p 00003000 08:02 2890796                    /lib/x86_64-linux-gnu/libdl-2.19.so
7f69244a6000-7f69244bb000 r-xp 00000000 08:05 34243136                   /media/linux/Data/Linux/x64/jdk1.8.0_102/lib/amd64/jli/libjli.so
7f69244bb000-7f69246bb000 ---p 00015000 08:05 34243136                   /media/linux/Data/Linux/x64/jdk1.8.0_102/lib/amd64/jli/libjli.so
7f69246bb000-7f69246bc000 rw-p 00015000 08:05 34243136                   /media/linux/Data/Linux/x64/jdk1.8.0_102/lib/amd64/jli/libjli.so
7f69246bc000-7f69246d4000 r-xp 00000000 08:02 2886973                    /lib/x86_64-linux-gnu/libpthread-2.19.so
7f69246d4000-7f69248d3000 ---p 00018000 08:02 2886973                    /lib/x86_64-linux-gnu/libpthread-2.19.so
7f69248d3000-7f69248d4000 r--p 00017000 08:02 2886973                    /lib/x86_64-linux-gnu/libpthread-2.19.so
7f69248d4000-7f69248d5000 rw-p 00018000 08:02 2886973                    /lib/x86_64-linux-gnu/libpthread-2.19.so
7f69248d5000-7f69248d9000 rw-p 00000000 00:00 0 
7f69248d9000-7f69248f9000 r-xp 00000000 08:02 2890131                    /lib/x86_64-linux-gnu/ld-2.19.so
7f69248f9000-7f69248fe000 r--s 0002c000 08:02 1855570                    /root/.gradle/caches/modules-2/files-2.1/commons-net/commons-net/2.0/1f75887afe587df7c2435f2f6d3199f05a324c8d/commons-net-2.0.jar
7f69248fe000-7f69248ff000 r--s 00000000 08:02 1314480                    /var/cache/fontconfig/4794a0821666d79190d59a36cb4f44b5-le64.cache-4
7f69248ff000-7f6924917000 r--s 00000000 08:02 1841065                    /usr/share/fonts/type1/gsfonts/n022003l.pfb
7f6924917000-7f6924949000 rw-p 00000000 00:00 0 
7f6924949000-7f69249d8000 ---p 00000000 00:00 0 
7f69249d8000-7f69249db000 ---p 00000000 00:00 0 
7f69249db000-7f6924add000 rw-p 00000000 00:00 0                          [stack:18412]
7f6924add000-7f6924ae0000 r--s 00000000 08:02 1314275                    /var/cache/fontconfig/e49e89034d371f0f9de17aab02136486-le64.cache-4
7f6924ae0000-7f6924ae2000 r--s 00000000 08:02 1314265                    /var/cache/fontconfig/4b14b093aebc79c320de5e86ae1d3314-le64.cache-4
7f6924ae2000-7f6924ae4000 r--s 0011d000 08:02 1839875                    /root/NetBeansProjects/OpenNetcut/libs/Jxnet-1.1.0-SNAPSHOT.jar
7f6924ae4000-7f6924aed000 rw-p 00000000 00:00 0 
7f6924aed000-7f6924af5000 rw-s 00000000 08:02 1855502                    /tmp/hsperfdata_root/18409
7f6924af5000-7f6924af6000 rw-p 00000000 00:00 0 
7f6924af6000-7f6924af7000 r--p 00000000 00:00 0 
7f6924af7000-7f6924af9000 rw-p 00000000 00:00 0 
7f6924af9000-7f6924afa000 r--p 00020000 08:02 2890131                    /lib/x86_64-linux-gnu/ld-2.19.so
7f6924afa000-7f6924afb000 rw-p 00021000 08:02 2890131                    /lib/x86_64-linux-gnu/ld-2.19.so
7f6924afb000-7f6924afc000 rw-p 00000000 00:00 0 
7fffd1ebe000-7fffd1edf000 rw-p 00000000 00:00 0                          [stack]
7fffd1f6b000-7fffd1f6d000 r-xp 00000000 00:00 0                          [vdso]
7fffd1f6d000-7fffd1f6f000 r--p 00000000 00:00 0                          [vvar]
ffffffffff600000-ffffffffff601000 r-xp 00000000 00:00 0                  [vsyscall]

VM Arguments:
jvm_args: -Dfile.encoding=UTF-8 -Duser.country=US -Duser.language=en -Duser.variant 
java_command: com.ardikars.opennetcut.Main
java_class_path (initial): /root/NetBeansProjects/OpenNetcut/build/classes/main:/root/NetBeansProjects/OpenNetcut/build/resources/main:/root/NetBeansProjects/OpenNetcut/libs/Jxnet-1.1.0-SNAPSHOT.jar:/root/.gradle/caches/modules-2/files-2.1/commons-net/commons-net/2.0/1f75887afe587df7c2435f2f6d3199f05a324c8d/commons-net-2.0.jar:/root/.gradle/caches/modules-2/files-2.1/commons-validator/commons-validator/1.4.0/42fa1046955ade59f5354a1876cfc523cea33815/commons-validator-1.4.0.jar:/root/.gradle/caches/modules-2/files-2.1/commons-beanutils/commons-beanutils/1.8.3/686ef3410bcf4ab8ce7fd0b899e832aaba5facf7/commons-beanutils-1.8.3.jar:/root/.gradle/caches/modules-2/files-2.1/commons-digester/commons-digester/1.8/dc6a73fdbd1fa3f0944e8497c6c872fa21dca37e/commons-digester-1.8.jar:/root/.gradle/caches/modules-2/files-2.1/commons-logging/commons-logging/1.1.1/5043bfebc3db072ed80fbd362e7caf00e885d8ae/commons-logging-1.1.1.jar
Launcher Type: SUN_STANDARD

Environment Variables:
PATH=/media/linux/Data/MultiPlatform/gradle/bin:/usr/local/sbin:/usr/local/bin:/usr/sbin:/usr/bin:/sbin:/bin
LD_LIBRARY_PATH=/media/linux/Data/Linux/x64/jdk1.8.0_102/bin/../jre/lib/amd64:/media/linux/Data/Linux/x64/jdk1.8.0_102/bin/../jre/lib/i386:
SHELL=/bin/bash
DISPLAY=:0.0

Signal Handlers:
SIGSEGV: [libjvm.so+0xac5b30], sa_mask[0]=11111111011111111101111111111110, sa_flags=SA_RESTART|SA_SIGINFO
SIGBUS: [libjvm.so+0xac5b30], sa_mask[0]=11111111011111111101111111111110, sa_flags=SA_RESTART|SA_SIGINFO
SIGFPE: [libjvm.so+0x91f470], sa_mask[0]=11111111011111111101111111111110, sa_flags=SA_RESTART|SA_SIGINFO
SIGPIPE: [libjvm.so+0x91f470], sa_mask[0]=11111111011111111101111111111110, sa_flags=SA_RESTART|SA_SIGINFO
SIGXFSZ: [libjvm.so+0x91f470], sa_mask[0]=11111111011111111101111111111110, sa_flags=SA_RESTART|SA_SIGINFO
SIGILL: [libjvm.so+0x91f470], sa_mask[0]=11111111011111111101111111111110, sa_flags=SA_RESTART|SA_SIGINFO
SIGUSR1: SIG_DFL, sa_mask[0]=00000000000000000000000000000000, sa_flags=none
SIGUSR2: [libjvm.so+0x920aa0], sa_mask[0]=00100000000000000000000000000000, sa_flags=SA_RESTART|SA_SIGINFO
SIGHUP: [libjvm.so+0x921ea0], sa_mask[0]=11111111011111111101111111111110, sa_flags=SA_RESTART|SA_SIGINFO
SIGINT: SIG_IGN, sa_mask[0]=00000000000000000000000000000000, sa_flags=none
SIGTERM: [libjvm.so+0x921ea0], sa_mask[0]=11111111011111111101111111111110, sa_flags=SA_RESTART|SA_SIGINFO
SIGQUIT: [libjvm.so+0x921ea0], sa_mask[0]=11111111011111111101111111111110, sa_flags=SA_RESTART|SA_SIGINFO


---------------  S Y S T E M  ---------------

OS:PRETTY_NAME="Debian GNU/Linux 8 (jessie)"
NAME="Debian GNU/Linux"
VERSION_ID="8"
VERSION="8 (jessie)"
ID=debian
HOME_URL="http://www.debian.org/"
SUPPORT_URL="http://www.debian.org/support"
BUG_REPORT_URL="https://bugs.debian.org/"

uname:Linux 3.16.0-4-amd64 #1 SMP Debian 3.16.36-1+deb8u2 (2016-10-19) x86_64
libc:glibc 2.19 NPTL 2.19 
rlimit: STACK 8192k, CORE 0k, NPROC 7250, NOFILE 65536, AS infinity
load average:0.71 0.53 0.47

/proc/meminfo:
MemTotal:        1873984 kB
MemFree:          137300 kB
MemAvailable:     131692 kB
Buffers:           13152 kB
Cached:           140216 kB
SwapCached:       200492 kB
Active:          1212840 kB
Inactive:         410704 kB
Active(anon):    1114068 kB
Inactive(anon):   382024 kB
Active(file):      98772 kB
Inactive(file):    28680 kB
Unevictable:          32 kB
Mlocked:              32 kB
SwapTotal:       4095996 kB
SwapFree:        3366204 kB
Dirty:               332 kB
Writeback:             0 kB
AnonPages:       1445836 kB
Mapped:            70724 kB
Shmem:             25896 kB
Slab:              55840 kB
SReclaimable:      30260 kB
SUnreclaim:        25580 kB
KernelStack:        6368 kB
PageTables:        24048 kB
NFS_Unstable:          0 kB
Bounce:                0 kB
WritebackTmp:          0 kB
CommitLimit:     5032988 kB
Committed_AS:    3993708 kB
VmallocTotal:   34359738367 kB
VmallocUsed:      344580 kB
VmallocChunk:   34359358224 kB
HardwareCorrupted:     0 kB
AnonHugePages:         0 kB
HugePages_Total:       0
HugePages_Free:        0
HugePages_Rsvd:        0
HugePages_Surp:        0
Hugepagesize:       2048 kB
DirectMap4k:      139512 kB
DirectMap2M:     1841152 kB


CPU:total 2 (2 cores per cpu, 1 threads per core) family 6 model 58 stepping 9, cmov, cx8, fxsr, mmx, sse, sse2, sse3, ssse3, sse4.1, sse4.2, popcnt, clmul, erms, tsc, tscinvbit, tscinv

/proc/cpuinfo:
processor	: 0
vendor_id	: GenuineIntel
cpu family	: 6
model		: 58
model name	: Intel(R) Celeron(R) CPU 1007U @ 1.50GHz
stepping	: 9
microcode	: 0x17
cpu MHz		: 1500.000
cache size	: 2048 KB
physical id	: 0
siblings	: 2
core id		: 0
cpu cores	: 2
apicid		: 0
initial apicid	: 0
fpu		: yes
fpu_exception	: yes
cpuid level	: 13
wp		: yes
flags		: fpu vme de pse tsc msr pae mce cx8 apic sep mtrr pge mca cmov pat pse36 clflush dts acpi mmx fxsr sse sse2 ss ht tm pbe syscall nx rdtscp lm constant_tsc arch_perfmon pebs bts rep_good nopl xtopology nonstop_tsc aperfmperf eagerfpu pni pclmulqdq dtes64 monitor ds_cpl vmx est tm2 ssse3 cx16 xtpr pdcm pcid sse4_1 sse4_2 x2apic popcnt tsc_deadline_timer xsave lahf_lm arat epb xsaveopt pln pts dtherm tpr_shadow vnmi flexpriority ept vpid fsgsbase smep erms
bogomips	: 2993.18
clflush size	: 64
cache_alignment	: 64
address sizes	: 36 bits physical, 48 bits virtual
power management:

processor	: 1
vendor_id	: GenuineIntel
cpu family	: 6
model		: 58
model name	: Intel(R) Celeron(R) CPU 1007U @ 1.50GHz
stepping	: 9
microcode	: 0x17
cpu MHz		: 1500.000
cache size	: 2048 KB
physical id	: 0
siblings	: 2
core id		: 1
cpu cores	: 2
apicid		: 2
initial apicid	: 2
fpu		: yes
fpu_exception	: yes
cpuid level	: 13
wp		: yes
flags		: fpu vme de pse tsc msr pae mce cx8 apic sep mtrr pge mca cmov pat pse36 clflush dts acpi mmx fxsr sse sse2 ss ht tm pbe syscall nx rdtscp lm constant_tsc arch_perfmon pebs bts rep_good nopl xtopology nonstop_tsc aperfmperf eagerfpu pni pclmulqdq dtes64 monitor ds_cpl vmx est tm2 ssse3 cx16 xtpr pdcm pcid sse4_1 sse4_2 x2apic popcnt tsc_deadline_timer xsave lahf_lm arat epb xsaveopt pln pts dtherm tpr_shadow vnmi flexpriority ept vpid fsgsbase smep erms
bogomips	: 2993.18
clflush size	: 64
cache_alignment	: 64
address sizes	: 36 bits physical, 48 bits virtual
power management:



Memory: 4k page, physical 1873984k(137300k free), swap 4095996k(3366204k free)

vm_info: Java HotSpot(TM) 64-Bit Server VM (25.102-b14) for linux-amd64 JRE (1.8.0_102-b14), built on Jun 22 2016 18:43:17 by "java_re" with gcc 4.3.0 20080428 (Red Hat 4.3.0-8)

time: Fri Feb  3 09:37:46 2017
elapsed time: 22 seconds (0d 0h 0m 22s)

