#
# A fatal error has been detected by the Java Runtime Environment:
#
#  SIGSEGV (0xb) at pc=0x00007f5431eefeb2, pid=18027, tid=0x00007f54133b9700
#
# JRE version: Java(TM) SE Runtime Environment (8.0_102-b14) (build 1.8.0_102-b14)
# Java VM: Java HotSpot(TM) 64-Bit Server VM (25.102-b14 mixed mode linux-amd64 compressed oops)
# Problematic frame:
# V  [libjvm.so+0x6e8eb2]  jni_GetFieldID+0x122
#
# Failed to write core dump. Core dumps have been disabled. To enable core dumping, try "ulimit -c unlimited" before starting Java again
#
# If you would like to submit a bug report, please visit:
#   http://bugreport.java.com/bugreport/crash.jsp
#

---------------  T H R E A D  ---------------

Current thread (0x00007f53e00f8000):  JavaThread "Thread-0" [_thread_in_vm, id=18051, stack(0x00007f54132b9000,0x00007f54133ba000)]

siginfo: si_signo: 11 (SIGSEGV), si_code: 1 (SEGV_MAPERR), si_addr: 0x0000000000000000

Registers:
RAX=0x0000000000000000, RBX=0x0000000000000000, RCX=0x0000000000000001, RDX=0x0000000000040021
RSP=0x00007f54133b8720, RBP=0x00007f54133b87c0, RSI=0x00007f5419f79caf, RDI=0x00000000f6fae560
R8 =0x00000000000000fe, R9 =0x0000000000000000, R10=0x0000000000000001, R11=0x00000000377547cd
R12=0x00007f53e00f8000, R13=0x0000000000000000, R14=0x00007f542c1d7a60, R15=0x00007f542c1da840
RIP=0x00007f5431eefeb2, EFLAGS=0x0000000000010246, CSGSFS=0x0000000000000033, ERR=0x0000000000000004
  TRAPNO=0x000000000000000e

Top of Stack: (sp=0x00007f54133b8720)
0x00007f54133b8720:   00007f54133b8740 00007f54133b8760
0x00007f54133b8730:   00007f5419f79431 00007f53e00035d8
0x00007f54133b8740:   00007f53e00f8000 0000000000000000
0x00007f54133b8750:   00007f54133b87e0 00007f5431e8f71f
0x00007f54133b8760:   0000000000000002 00007f54135548f8
0x00007f54133b8770:   00007f53e00f8000 00007f53e00f8000
0x00007f54133b8780:   00007f53e00f8000 503a0543e00f8000
0x00007f54133b8790:   0000000000000000 00007f53e00f81f8
0x00007f54133b87a0:   0000000000000000 00007f5413552f48
0x00007f54133b87b0:   00007f54133b8870 00007f53e00f8000
0x00007f54133b87c0:   00007f54133b8870 00007f5419f75b24
0x00007f54133b87d0:   00007f53e00f81f8 00007f5419f77100
0x00007f54133b87e0:   00007f5413552f48 00007f54133b8850
0x00007f54133b87f0:   0000000000000000 00007f541d017474
0x00007f54133b8800:   00007f53e00f8000 00007f541d0171c2
0x00007f54133b8810:   00007f54133b8810 00007f5413552f48
0x00007f54133b8820:   00007f54133b8870 00007f54135543a8
0x00007f54133b8830:   0000000000000000 00007f5413552f48
0x00007f54133b8840:   0000000000000000 00007f54133b8870
0x00007f54133b8850:   00007f54133b88b8 00007f541d0082bd
0x00007f54133b8860:   00000000f70aa6c8 00007f541d011538
0x00007f54133b8870:   00000000f712b6f0 00007f54133b8878
0x00007f54133b8880:   00007f541316e43d 00007f54133b8910
0x00007f54133b8890:   00007f541316e8c0 0000000000000000
0x00007f54133b88a0:   00007f541316e4f0 00007f54133b8870
0x00007f54133b88b0:   00007f54133b8910 00007f54133b8958
0x00007f54133b88c0:   00007f541d0082bd 00000000f7179890
0x00007f54133b88d0:   00000000f71799b8 00000000f7179978
0x00007f54133b88e0:   00000000000000fe 00000000000000fe
0x00007f54133b88f0:   0000000000000007 00000000f7179928
0x00007f54133b8900:   00000000f71798e8 00000000f7179870
0x00007f54133b8910:   00000000f712a0a0 00007f54133b8918 

Instructions: (pc=0x00007f5431eefeb2)
0x00007f5431eefe92:   00 00 48 85 c0 0f 84 7b 01 00 00 48 8b 85 78 ff
0x00007f5431eefea2:   ff ff 45 31 ed 48 8b 38 e8 d1 93 fa ff 48 89 c3
0x00007f5431eefeb2:   48 8b 00 4c 89 e6 48 89 df ff 90 90 00 00 00 49
0x00007f5431eefec2:   83 7c 24 08 00 0f 84 83 01 00 00 4c 89 ff e8 2b 

Register to memory mapping:

RAX=0x0000000000000000 is an unknown value
RBX=0x0000000000000000 is an unknown value
RCX=0x0000000000000001 is an unknown value
RDX=0x0000000000040021 is an unknown value
RSP=0x00007f54133b8720 is pointing into the stack for thread: 0x00007f53e00f8000
RBP=0x00007f54133b87c0 is pointing into the stack for thread: 0x00007f53e00f8000
RSI=0x00007f5419f79caf: <offset 0x9caf> in /usr/lib/libjxnet.so at 0x00007f5419f70000
RDI=0x00000000f6fae560 is an oop

[error occurred during error reporting (printing register info), id 0xb]

Stack: [0x00007f54132b9000,0x00007f54133ba000],  sp=0x00007f54133b8720,  free space=1021k
Native frames: (J=compiled Java code, j=interpreted, Vv=VM code, C=native code)
V  [libjvm.so+0x6e8eb2]  jni_GetFieldID+0x122
C  [libjxnet.so+0x5b24]  SetPcapDumperIDs+0x44
C  0x00007f54133b8878

Java frames: (J=compiled Java code, j=interpreted, Vv=VM code)
j  com.ardikars.jxnet.Jxnet.PcapDumpClose(Lcom/ardikars/jxnet/PcapDumper;)V+0
j  com.ardikars.opennetcut.app.NetworkScanner.scanAll()V+357
j  com.ardikars.opennetcut.app.NetworkScanner.run()V+129
v  ~StubRoutines::call_stub

---------------  P R O C E S S  ---------------

Java Threads: ( => current thread )
=>0x00007f53e00f8000 JavaThread "Thread-0" [_thread_in_vm, id=18051, stack(0x00007f54132b9000,0x00007f54133ba000)]
  0x00007f53e00d5800 JavaThread "TimerQueue" daemon [_thread_blocked, id=18050, stack(0x00007f5411c4d000,0x00007f5411d4e000)]
  0x00007f542c00a800 JavaThread "DestroyJavaVM" [_thread_blocked, id=18033, stack(0x00007f54332d8000,0x00007f54333d9000)]
  0x00007f542c28e800 JavaThread "AWT-EventQueue-0" [_thread_blocked, id=18047, stack(0x00007f54135ba000,0x00007f54136bb000)]
  0x00007f542c28c800 JavaThread "AWT-Shutdown" [_thread_blocked, id=18046, stack(0x00007f54136bb000,0x00007f54137bc000)]
  0x00007f542c244800 JavaThread "AWT-XAWT" daemon [_thread_blocked, id=18045, stack(0x00007f5413eff000,0x00007f5414000000)]
  0x00007f542c222800 JavaThread "Java2D Disposer" daemon [_thread_blocked, id=18044, stack(0x00007f54180da000,0x00007f54181db000)]
  0x00007f542c0d4800 JavaThread "Service Thread" daemon [_thread_blocked, id=18042, stack(0x00007f541a27e000,0x00007f541a37f000)]
  0x00007f542c0b8000 JavaThread "C1 CompilerThread1" daemon [_thread_blocked, id=18041, stack(0x00007f541a37f000,0x00007f541a480000)]
  0x00007f542c0b5000 JavaThread "C2 CompilerThread0" daemon [_thread_blocked, id=18040, stack(0x00007f541a480000,0x00007f541a581000)]
  0x00007f542c0b3800 JavaThread "Signal Dispatcher" daemon [_thread_blocked, id=18039, stack(0x00007f541a581000,0x00007f541a682000)]
  0x00007f542c080000 JavaThread "Finalizer" daemon [_thread_blocked, id=18038, stack(0x00007f541a80b000,0x00007f541a90c000)]
  0x00007f542c07b800 JavaThread "Reference Handler" daemon [_thread_blocked, id=18037, stack(0x00007f541a90c000,0x00007f541aa0d000)]

Other Threads:
  0x00007f542c074000 VMThread [stack: 0x00007f541aa0d000,0x00007f541ab0e000] [id=18036]
  0x00007f542c0d7800 WatcherThread [stack: 0x00007f541a17d000,0x00007f541a27e000] [id=18043]

VM state:synchronizing (normal execution)

VM Mutex/Monitor currently owned by a thread:  ([mutex/lock_event])
[0x00007f542c006a00] Threads_lock - owner thread: 0x00007f542c074000

Heap:
 PSYoungGen      total 9216K, used 3001K [0x00000000f6780000, 0x00000000f7180000, 0x0000000100000000)
  eden space 8192K, 24% used [0x00000000f6780000,0x00000000f6971db0,0x00000000f6f80000)
  from space 1024K, 98% used [0x00000000f7080000,0x00000000f717c840,0x00000000f7180000)
  to   space 1024K, 0% used [0x00000000f6f80000,0x00000000f6f80000,0x00000000f7080000)
 ParOldGen       total 20480K, used 1939K [0x00000000e3600000, 0x00000000e4a00000, 0x00000000f6780000)
  object space 20480K, 9% used [0x00000000e3600000,0x00000000e37e4cb8,0x00000000e4a00000)
 Metaspace       used 15570K, capacity 15766K, committed 16128K, reserved 1062912K
  class space    used 1918K, capacity 2007K, committed 2048K, reserved 1048576K

Card table byte_map: [0x00007f541cf1a000,0x00007f541d000000] byte_map_base: 0x00007f541c7ff000

Marking Bits: (ParMarkBitMap*) 0x00007f54327c9c60
 Begin Bits: [0x00007f541bec8000, 0x00007f541c5f0000)
 End Bits:   [0x00007f541c5f0000, 0x00007f541cd18000)

Polling page: 0x00007f54333f6000

CodeCache: size=245760Kb used=4474Kb max_used=4478Kb free=241285Kb
 bounds [0x00007f541d000000, 0x00007f541d470000, 0x00007f542c000000]
 total_blobs=2042 nmethods=1460 adapters=496
 compilation: enabled

Compilation events (10 events):
Event: 46.240 Thread 0x00007f542c0b8000 1451       3       java.lang.Integer::toString (48 bytes)
Event: 46.241 Thread 0x00007f542c0b8000 nmethod 1451 0x00007f541d456290 code [0x00007f541d456460, 0x00007f541d456aa8]
Event: 46.692 Thread 0x00007f542c0b8000 1453       3       java.lang.String::toUpperCase (439 bytes)
Event: 46.707 Thread 0x00007f542c0b8000 nmethod 1453 0x00007f541d457210 code [0x00007f541d457540, 0x00007f541d458d18]
Event: 46.707 Thread 0x00007f542c0b8000 1454       1       java.lang.AbstractStringBuilder::length (5 bytes)
Event: 46.707 Thread 0x00007f542c0b8000 nmethod 1454 0x00007f541d0ff890 code [0x00007f541d0ff9e0, 0x00007f541d0ffaf0]
Event: 46.707 Thread 0x00007f542c0b8000 1455   !   3       java.lang.ref.Reference::tryHandlePending (115 bytes)
Event: 46.709 Thread 0x00007f542c0b8000 nmethod 1455 0x00007f541d459b50 code [0x00007f541d459d80, 0x00007f541d45aa28]
Event: 46.710 Thread 0x00007f542c0b8000 1456  s    3       sun.misc.Cleaner::remove (89 bytes)
Event: 46.710 Thread 0x00007f542c0b8000 nmethod 1456 0x00007f541d1115d0 code [0x00007f541d111760, 0x00007f541d111c50]

GC Heap History (8 events):
Event: 5.506 GC heap before
{Heap before GC invocations=1 (full 0):
 PSYoungGen      total 9216K, used 8192K [0x00000000f6780000, 0x00000000f7180000, 0x0000000100000000)
  eden space 8192K, 100% used [0x00000000f6780000,0x00000000f6f80000,0x00000000f6f80000)
  from space 1024K, 0% used [0x00000000f7080000,0x00000000f7080000,0x00000000f7180000)
  to   space 1024K, 0% used [0x00000000f6f80000,0x00000000f6f80000,0x00000000f7080000)
 ParOldGen       total 20480K, used 0K [0x00000000e3600000, 0x00000000e4a00000, 0x00000000f6780000)
  object space 20480K, 0% used [0x00000000e3600000,0x00000000e3600000,0x00000000e4a00000)
 Metaspace       used 13295K, capacity 13548K, committed 13824K, reserved 1060864K
  class space    used 1666K, capacity 1740K, committed 1792K, reserved 1048576K
Event: 5.516 GC heap after
Heap after GC invocations=1 (full 0):
 PSYoungGen      total 9216K, used 1024K [0x00000000f6780000, 0x00000000f7180000, 0x0000000100000000)
  eden space 8192K, 0% used [0x00000000f6780000,0x00000000f6780000,0x00000000f6f80000)
  from space 1024K, 100% used [0x00000000f6f80000,0x00000000f7080000,0x00000000f7080000)
  to   space 1024K, 0% used [0x00000000f7080000,0x00000000f7080000,0x00000000f7180000)
 ParOldGen       total 20480K, used 1494K [0x00000000e3600000, 0x00000000e4a00000, 0x00000000f6780000)
  object space 20480K, 7% used [0x00000000e3600000,0x00000000e37759a0,0x00000000e4a00000)
 Metaspace       used 13295K, capacity 13548K, committed 13824K, reserved 1060864K
  class space    used 1666K, capacity 1740K, committed 1792K, reserved 1048576K
}
Event: 24.613 GC heap before
{Heap before GC invocations=2 (full 0):
 PSYoungGen      total 9216K, used 9216K [0x00000000f6780000, 0x00000000f7180000, 0x0000000100000000)
  eden space 8192K, 100% used [0x00000000f6780000,0x00000000f6f80000,0x00000000f6f80000)
  from space 1024K, 100% used [0x00000000f6f80000,0x00000000f7080000,0x00000000f7080000)
  to   space 1024K, 0% used [0x00000000f7080000,0x00000000f7080000,0x00000000f7180000)
 ParOldGen       total 20480K, used 1494K [0x00000000e3600000, 0x00000000e4a00000, 0x00000000f6780000)
  object space 20480K, 7% used [0x00000000e3600000,0x00000000e37759a0,0x00000000e4a00000)
 Metaspace       used 15410K, capacity 15638K, committed 15872K, reserved 1062912K
  class space    used 1918K, capacity 2007K, committed 2048K, reserved 1048576K
Event: 24.621 GC heap after
Heap after GC invocations=2 (full 0):
 PSYoungGen      total 9216K, used 1010K [0x00000000f6780000, 0x00000000f7180000, 0x0000000100000000)
  eden space 8192K, 0% used [0x00000000f6780000,0x00000000f6780000,0x00000000f6f80000)
  from space 1024K, 98% used [0x00000000f7080000,0x00000000f717c840,0x00000000f7180000)
  to   space 1024K, 0% used [0x00000000f6f80000,0x00000000f6f80000,0x00000000f7080000)
 ParOldGen       total 20480K, used 1931K [0x00000000e3600000, 0x00000000e4a00000, 0x00000000f6780000)
  object space 20480K, 9% used [0x00000000e3600000,0x00000000e37e2cb8,0x00000000e4a00000)
 Metaspace       used 15410K, capacity 15638K, committed 15872K, reserved 1062912K
  class space    used 1918K, capacity 2007K, committed 2048K, reserved 1048576K
}
Event: 31.014 GC heap before
{Heap before GC invocations=3 (full 0):
 PSYoungGen      total 9216K, used 9202K [0x00000000f6780000, 0x00000000f7180000, 0x0000000100000000)
  eden space 8192K, 100% used [0x00000000f6780000,0x00000000f6f80000,0x00000000f6f80000)
  from space 1024K, 98% used [0x00000000f7080000,0x00000000f717c840,0x00000000f7180000)
  to   space 1024K, 0% used [0x00000000f6f80000,0x00000000f6f80000,0x00000000f7080000)
 ParOldGen       total 20480K, used 1931K [0x00000000e3600000, 0x00000000e4a00000, 0x00000000f6780000)
  object space 20480K, 9% used [0x00000000e3600000,0x00000000e37e2cb8,0x00000000e4a00000)
 Metaspace       used 15465K, capacity 15702K, committed 15872K, reserved 1062912K
  class space    used 1918K, capacity 2007K, committed 2048K, reserved 1048576K
Event: 31.020 GC heap after
Heap after GC invocations=3 (full 0):
 PSYoungGen      total 9216K, used 1008K [0x00000000f6780000, 0x00000000f7180000, 0x0000000100000000)
  eden space 8192K, 0% used [0x00000000f6780000,0x00000000f6780000,0x00000000f6f80000)
  from space 1024K, 98% used [0x00000000f6f80000,0x00000000f707c030,0x00000000f7080000)
  to   space 1024K, 0% used [0x00000000f7080000,0x00000000f7080000,0x00000000f7180000)
 ParOldGen       total 20480K, used 1939K [0x00000000e3600000, 0x00000000e4a00000, 0x00000000f6780000)
  object space 20480K, 9% used [0x00000000e3600000,0x00000000e37e4cb8,0x00000000e4a00000)
 Metaspace       used 15465K, capacity 15702K, committed 15872K, reserved 1062912K
  class space    used 1918K, capacity 2007K, committed 2048K, reserved 1048576K
}
Event: 46.697 GC heap before
{Heap before GC invocations=4 (full 0):
 PSYoungGen      total 9216K, used 9200K [0x00000000f6780000, 0x00000000f7180000, 0x0000000100000000)
  eden space 8192K, 100% used [0x00000000f6780000,0x00000000f6f80000,0x00000000f6f80000)
  from space 1024K, 98% used [0x00000000f6f80000,0x00000000f707c030,0x00000000f7080000)
  to   space 1024K, 0% used [0x00000000f7080000,0x00000000f7080000,0x00000000f7180000)
 ParOldGen       total 20480K, used 1939K [0x00000000e3600000, 0x00000000e4a00000, 0x00000000f6780000)
  object space 20480K, 9% used [0x00000000e3600000,0x00000000e37e4cb8,0x00000000e4a00000)
 Metaspace       used 15554K, capacity 15766K, committed 16128K, reserved 1062912K
  class space    used 1918K, capacity 2007K, committed 2048K, reserved 1048576K
Event: 46.706 GC heap after
Heap after GC invocations=4 (full 0):
 PSYoungGen      total 9216K, used 1010K [0x00000000f6780000, 0x00000000f7180000, 0x0000000100000000)
  eden space 8192K, 0% used [0x00000000f6780000,0x00000000f6780000,0x00000000f6f80000)
  from space 1024K, 98% used [0x00000000f7080000,0x00000000f717c840,0x00000000f7180000)
  to   space 1024K, 0% used [0x00000000f6f80000,0x00000000f6f80000,0x00000000f7080000)
 ParOldGen       total 20480K, used 1939K [0x00000000e3600000, 0x00000000e4a00000, 0x00000000f6780000)
  object space 20480K, 9% used [0x00000000e3600000,0x00000000e37e4cb8,0x00000000e4a00000)
 Metaspace       used 15554K, capacity 15766K, committed 16128K, reserved 1062912K
  class space    used 1918K, capacity 2007K, committed 2048K, reserved 1048576K
}

Deoptimization events (4 events):
Event: 2.519 Thread 0x00007f542c2ac800 Uncommon trap: reason=unstable_if action=reinterpret pc=0x00007f541d1b67ec method=java.lang.String.replace(CC)Ljava/lang/String; @ 26
Event: 8.421 Thread 0x00007f542c28e800 Uncommon trap: reason=unstable_if action=reinterpret pc=0x00007f541d207b58 method=java.lang.String.indexOf([CII[CIII)I @ 3
Event: 24.665 Thread 0x00007f53e00f8000 Uncommon trap: reason=unstable_if action=reinterpret pc=0x00007f541d3db93c method=java.util.stream.ReferencePipeline$2$1.accept(Ljava/lang/Object;)V @ 13
Event: 25.593 Thread 0x00007f53e00f8000 Uncommon trap: reason=unstable_if action=reinterpret pc=0x00007f541d3dcea0 method=java.util.stream.ReferencePipeline$2$1.accept(Ljava/lang/Object;)V @ 13

Internal exceptions (10 events):
Event: 0.277 Thread 0x00007f542c00a800 Exception <a 'java/lang/NoSuchMethodError': Method sun.misc.Unsafe.prefetchRead(Ljava/lang/Object;J)V name or signature does not match> (0x00000000f6787f60) thrown at [/HUDSON3/workspace/8-2-build-linux-amd64/jdk8u102/7268/hotspot/src/share/vm/prims/jni.c
Event: 0.933 Thread 0x00007f542c00a800 Exception <a 'java/security/PrivilegedActionException'> (0x00000000f685d580) thrown at [/HUDSON3/workspace/8-2-build-linux-amd64/jdk8u102/7268/hotspot/src/share/vm/prims/jvm.cpp, line 1386]
Event: 0.933 Thread 0x00007f542c00a800 Exception <a 'java/security/PrivilegedActionException'> (0x00000000f685d790) thrown at [/HUDSON3/workspace/8-2-build-linux-amd64/jdk8u102/7268/hotspot/src/share/vm/prims/jvm.cpp, line 1386]
Event: 0.934 Thread 0x00007f542c00a800 Exception <a 'java/security/PrivilegedActionException'> (0x00000000f6860138) thrown at [/HUDSON3/workspace/8-2-build-linux-amd64/jdk8u102/7268/hotspot/src/share/vm/prims/jvm.cpp, line 1386]
Event: 0.934 Thread 0x00007f542c00a800 Exception <a 'java/security/PrivilegedActionException'> (0x00000000f6860348) thrown at [/HUDSON3/workspace/8-2-build-linux-amd64/jdk8u102/7268/hotspot/src/share/vm/prims/jvm.cpp, line 1386]
Event: 1.098 Thread 0x00007f542c00a800 Exception <a 'java/lang/NoSuchFieldError': method resolution failed> (0x00000000f692c9c0) thrown at [/HUDSON3/workspace/8-2-build-linux-amd64/jdk8u102/7268/hotspot/src/share/vm/prims/methodHandles.cpp, line 1146]
Event: 1.101 Thread 0x00007f542c00a800 Exception <a 'java/lang/NoSuchFieldError': method resolution failed> (0x00000000f693a190) thrown at [/HUDSON3/workspace/8-2-build-linux-amd64/jdk8u102/7268/hotspot/src/share/vm/prims/methodHandles.cpp, line 1146]
Event: 1.254 Thread 0x00007f542c00a800 Exception <a 'java/io/FileNotFoundException'> (0x00000000f69b84a0) thrown at [/HUDSON3/workspace/8-2-build-linux-amd64/jdk8u102/7268/hotspot/src/share/vm/prims/jni.cpp, line 709]
Event: 1.254 Thread 0x00007f542c00a800 Exception <a 'java/io/FileNotFoundException'> (0x00000000f69b8ec0) thrown at [/HUDSON3/workspace/8-2-build-linux-amd64/jdk8u102/7268/hotspot/src/share/vm/prims/jni.cpp, line 709]
Event: 8.265 Thread 0x00007f542c28e800 Exception <a 'java/lang/UnsupportedOperationException': > (0x00000000f693d388) thrown at [/HUDSON3/workspace/8-2-build-linux-amd64/jdk8u102/7268/hotspot/src/share/vm/prims/jni.cpp, line 735]

Events (10 events):
Event: 31.774 Thread 0x00007f53e00f8000 DEOPT UNPACKING pc=0x00007f541d047233 sp=0x00007f54133b8158 mode 0
Event: 31.808 Executing VM operation: RevokeBias
Event: 31.808 Executing VM operation: RevokeBias done
Event: 46.697 Executing VM operation: ParallelGCFailedAllocation
Event: 46.706 Executing VM operation: ParallelGCFailedAllocation done
Event: 46.707 Thread 0x00007f542c0b8000 flushing nmethod 0x00007f541d0ff890
Event: 46.707 Thread 0x00007f542c0b8000 flushing nmethod 0x00007f541d111410
Event: 46.707 Thread 0x00007f542c0b8000 flushing nmethod 0x00007f541d111710
Event: 46.707 Thread 0x00007f542c0b8000 flushing nmethod 0x00007f541d12b310
Event: 46.710 Thread 0x00007f542c0b8000 flushing nmethod 0x00007f541d189390


Dynamic libraries:
00400000-00401000 r-xp 00000000 08:05 34275366                           /media/linux/Data/Linux/x64/jdk1.8.0_102/bin/java
00600000-00601000 rw-p 00000000 08:05 34275366                           /media/linux/Data/Linux/x64/jdk1.8.0_102/bin/java
01275000-01589000 rw-p 00000000 00:00 0                                  [heap]
e3600000-e4a00000 rw-p 00000000 00:00 0 
e4a00000-f6780000 ---p 00000000 00:00 0 
f6780000-f7180000 rw-p 00000000 00:00 0 
f7180000-100000000 ---p 00000000 00:00 0 
100000000-100200000 rw-p 00000000 00:00 0 
100200000-140000000 ---p 00000000 00:00 0 
7f53dc000000-7f53dc021000 rw-p 00000000 00:00 0 
7f53dc021000-7f53e0000000 ---p 00000000 00:00 0 
7f53e0000000-7f53e01a7000 rw-p 00000000 00:00 0 
7f53e01a7000-7f53e4000000 ---p 00000000 00:00 0 
7f53e4000000-7f53e4021000 rw-p 00000000 00:00 0 
7f53e4021000-7f53e8000000 ---p 00000000 00:00 0 
7f53e8000000-7f53e8028000 rw-p 00000000 00:00 0 
7f53e8028000-7f53ec000000 ---p 00000000 00:00 0 
7f53ec000000-7f53ec021000 rw-p 00000000 00:00 0 
7f53ec021000-7f53f0000000 ---p 00000000 00:00 0 
7f53f0000000-7f53f0021000 rw-p 00000000 00:00 0 
7f53f0021000-7f53f4000000 ---p 00000000 00:00 0 
7f53f4000000-7f53f4181000 rw-p 00000000 00:00 0 
7f53f4181000-7f53f8000000 ---p 00000000 00:00 0 
7f53f8000000-7f53f83df000 rw-p 00000000 00:00 0 
7f53f83df000-7f53fc000000 ---p 00000000 00:00 0 
7f53fc000000-7f53fc021000 rw-p 00000000 00:00 0 
7f53fc021000-7f5400000000 ---p 00000000 00:00 0 
7f5400000000-7f5400021000 rw-p 00000000 00:00 0 
7f5400021000-7f5404000000 ---p 00000000 00:00 0 
7f5404000000-7f5404021000 rw-p 00000000 00:00 0 
7f5404021000-7f5408000000 ---p 00000000 00:00 0 
7f5408000000-7f5408021000 rw-p 00000000 00:00 0 
7f5408021000-7f540c000000 ---p 00000000 00:00 0 
7f540c000000-7f540c021000 rw-p 00000000 00:00 0 
7f540c021000-7f5410000000 ---p 00000000 00:00 0 
7f5411c4d000-7f5411c50000 ---p 00000000 00:00 0 
7f5411c50000-7f5411d4e000 rw-p 00000000 00:00 0                          [stack:18050]
7f5411d4e000-7f5411d78000 r-xp 00000000 08:05 34275453                   /media/linux/Data/Linux/x64/jdk1.8.0_102/jre/lib/amd64/libdcpr.so
7f5411d78000-7f5411f78000 ---p 0002a000 08:05 34275453                   /media/linux/Data/Linux/x64/jdk1.8.0_102/jre/lib/amd64/libdcpr.so
7f5411f78000-7f5411f7b000 rw-p 0002a000 08:05 34275453                   /media/linux/Data/Linux/x64/jdk1.8.0_102/jre/lib/amd64/libdcpr.so
7f5411f7b000-7f541213b000 rw-p 00000000 00:00 0 
7f541213b000-7f541217b000 ---p 00000000 00:00 0 
7f541217b000-7f541237b000 rw-s 00000000 00:07 385594                     socket:[385594]
7f541237b000-7f541238d000 r--s 00000000 08:02 1841059                    /usr/share/fonts/type1/gsfonts/n019004l.pfb
7f541238d000-7f54123a6000 r--s 00000000 08:02 1841049                    /usr/share/fonts/type1/gsfonts/n021003l.pfb
7f54123a6000-7f54123c1000 r--s 00000000 08:02 1841124                    /usr/share/fonts/type1/gsfonts/c059016l.pfb
7f54123d9000-7f54123e9000 r--s 00000000 08:02 1841080                    /usr/share/fonts/type1/gsfonts/a010015l.pfb
7f54123e9000-7f54123f3000 r--s 00000000 08:02 2235098                    /usr/share/fonts/X11/Type1/c0582bt_.pfb
7f54123f3000-7f541240d000 r--s 00000000 08:02 1841097                    /usr/share/fonts/type1/gsfonts/c059013l.pfb
7f541240d000-7f5412426000 r--s 00000000 08:02 1841063                    /usr/share/fonts/type1/gsfonts/n022004l.pfb
7f5412426000-7f541243e000 r--s 00000000 08:02 1841061                    /usr/share/fonts/type1/gsfonts/c059036l.pfb
7f541243e000-7f5412455000 r--s 00000000 08:02 1841068                    /usr/share/fonts/type1/gsfonts/n021023l.pfb
7f5412455000-7f5412466000 r--s 00000000 08:02 1840991                    /usr/share/fonts/type1/gsfonts/n019024l.pfb
7f5412466000-7f541246f000 r--s 00000000 08:02 2235083                    /usr/share/fonts/X11/Type1/c0633bt_.pfb
7f541246f000-7f5412478000 r--s 00000000 08:02 1841079                    /usr/share/fonts/type1/gsfonts/s050000l.pfb
7f5412478000-7f5412481000 r--s 00000000 08:02 2235092                    /usr/share/fonts/X11/Type1/c0649bt_.pfb
7f5412481000-7f5412494000 r--s 00000000 08:02 1841077                    /usr/share/fonts/type1/gsfonts/n019064l.pfb
7f5412494000-7f54124aa000 r--s 00000000 08:02 1840994                    /usr/share/fonts/type1/gsfonts/n021024l.pfb
7f54124aa000-7f54124b3000 r--s 00000000 08:02 2235089                    /usr/share/fonts/X11/Type1/c0648bt_.pfb
7f54124b3000-7f54124c3000 r--s 00000000 08:02 1841096                    /usr/share/fonts/type1/gsfonts/a010013l.pfb
7f54124c3000-7f54124d4000 r--s 00000000 08:02 1841044                    /usr/share/fonts/type1/gsfonts/n019023l.pfb
7f54124d4000-7f54124ea000 r--s 00000000 08:02 1841026                    /usr/share/fonts/type1/gsfonts/n022024l.pfb
7f54124ea000-7f5412500000 r--s 00000000 08:02 1841095                    /usr/share/fonts/type1/gsfonts/n022023l.pfb
7f5412500000-7f5412511000 r--s 00000000 08:02 1841043                    /usr/share/fonts/type1/gsfonts/a010035l.pfb
7f5412511000-7f5412526000 r--s 00000000 08:02 1840996                    /usr/share/fonts/type1/gsfonts/b018032l.pfb
7f5412526000-7f5412530000 r--s 00000000 08:02 2235090                    /usr/share/fonts/X11/Type1/c0419bt_.pfb
7f5412530000-7f541253a000 r--s 00000000 08:02 2235091                    /usr/share/fonts/X11/Type1/c0583bt_.pfb
7f541253a000-7f5412551000 r--s 00000000 08:02 1841071                    /usr/share/fonts/type1/gsfonts/z003034l.pfb
7f5412551000-7f541256d000 r--s 00000000 08:02 1841021                    /usr/share/fonts/type1/gsfonts/p052024l.pfb
7f541256d000-7f5412586000 r--s 00000000 08:02 1841008                    /usr/share/fonts/type1/gsfonts/n021004l.pfb
7f5412586000-7f541259a000 r--s 00000000 08:02 1841073                    /usr/share/fonts/type1/gsfonts/n019003l.pfb
7f541259a000-7f54125b2000 r--s 00000000 08:02 1841083                    /usr/share/fonts/type1/gsfonts/c059033l.pfb
7f54125b2000-7f54125be000 r--s 00000000 08:02 1841031                    /usr/share/fonts/type1/gsfonts/d050000l.pfb
7f54125be000-7f54125d0000 r--s 00000000 08:02 1841094                    /usr/share/fonts/type1/gsfonts/n019044l.pfb
7f54125d0000-7f54125e2000 r--s 00000000 08:02 1840998                    /usr/share/fonts/type1/gsfonts/b018035l.pfb
7f54125e2000-7f54125fd000 r--s 00000000 08:02 1841047                    /usr/share/fonts/type1/gsfonts/p052003l.pfb
7f54125fd000-7f541260f000 r--s 00000000 08:02 1841023                    /usr/share/fonts/type1/gsfonts/n019043l.pfb
7f541260f000-7f5412678000 r-xp 00000000 08:05 34275505                   /media/linux/Data/Linux/x64/jdk1.8.0_102/jre/lib/amd64/libt2k.so
7f5412678000-7f5412878000 ---p 00069000 08:05 34275505                   /media/linux/Data/Linux/x64/jdk1.8.0_102/jre/lib/amd64/libt2k.so
7f5412878000-7f541287f000 rw-p 00069000 08:05 34275505                   /media/linux/Data/Linux/x64/jdk1.8.0_102/jre/lib/amd64/libt2k.so
7f541287f000-7f541288f000 rw-p 00000000 00:00 0 
7f541288f000-7f54128a0000 r-xp 00000000 08:05 34275473                   /media/linux/Data/Linux/x64/jdk1.8.0_102/jre/lib/amd64/libnio.so
7f54128a0000-7f5412a9f000 ---p 00011000 08:05 34275473                   /media/linux/Data/Linux/x64/jdk1.8.0_102/jre/lib/amd64/libnio.so
7f5412a9f000-7f5412aa0000 rw-p 00010000 08:05 34275473                   /media/linux/Data/Linux/x64/jdk1.8.0_102/jre/lib/amd64/libnio.so
7f5412aa0000-7f5412da1000 rw-p 00000000 00:00 0 
7f5412da1000-7f5412db7000 r-xp 00000000 08:05 34275448                   /media/linux/Data/Linux/x64/jdk1.8.0_102/jre/lib/amd64/libnet.so
7f5412db7000-7f5412fb7000 ---p 00016000 08:05 34275448                   /media/linux/Data/Linux/x64/jdk1.8.0_102/jre/lib/amd64/libnet.so
7f5412fb7000-7f5412fb8000 rw-p 00016000 08:05 34275448                   /media/linux/Data/Linux/x64/jdk1.8.0_102/jre/lib/amd64/libnet.so
7f5412fb8000-7f54131b8000 rw-p 00000000 00:00 0 
7f54131b8000-7f54131bb000 ---p 00000000 00:00 0 
7f54131bb000-7f54132b9000 rw-p 00000000 00:00 0 
7f54132b9000-7f54132bc000 ---p 00000000 00:00 0 
7f54132bc000-7f54135ba000 rw-p 00000000 00:00 0                          [stack:18051]
7f54135ba000-7f54135bd000 ---p 00000000 00:00 0 
7f54135bd000-7f54136bb000 rw-p 00000000 00:00 0                          [stack:18047]
7f54136bb000-7f54136be000 ---p 00000000 00:00 0 
7f54136be000-7f54137bc000 rw-p 00000000 00:00 0                          [stack:18046]
7f54137bc000-7f54137c1000 r-xp 00000000 08:02 1581271                    /usr/lib/x86_64-linux-gnu/libXfixes.so.3.1.0
7f54137c1000-7f54139c0000 ---p 00005000 08:02 1581271                    /usr/lib/x86_64-linux-gnu/libXfixes.so.3.1.0
7f54139c0000-7f54139c1000 r--p 00004000 08:02 1581271                    /usr/lib/x86_64-linux-gnu/libXfixes.so.3.1.0
7f54139c1000-7f54139c2000 rw-p 00005000 08:02 1581271                    /usr/lib/x86_64-linux-gnu/libXfixes.so.3.1.0
7f54139c2000-7f54139cc000 r-xp 00000000 08:02 1581273                    /usr/lib/x86_64-linux-gnu/libXcursor.so.1.0.2
7f54139cc000-7f5413bcb000 ---p 0000a000 08:02 1581273                    /usr/lib/x86_64-linux-gnu/libXcursor.so.1.0.2
7f5413bcb000-7f5413bcc000 r--p 00009000 08:02 1581273                    /usr/lib/x86_64-linux-gnu/libXcursor.so.1.0.2
7f5413bcc000-7f5413bcd000 rw-p 0000a000 08:02 1581273                    /usr/lib/x86_64-linux-gnu/libXcursor.so.1.0.2
7f5413bcd000-7f5413be3000 r-xp 00000000 08:02 2883588                    /lib/x86_64-linux-gnu/libgcc_s.so.1
7f5413be3000-7f5413de2000 ---p 00016000 08:02 2883588                    /lib/x86_64-linux-gnu/libgcc_s.so.1
7f5413de2000-7f5413de3000 rw-p 00015000 08:02 2883588                    /lib/x86_64-linux-gnu/libgcc_s.so.1
7f5413de3000-7f5413ec8000 rw-p 00000000 00:00 0 
7f5413ecc000-7f5413ecd000 rw-p 00000000 00:00 0 
7f5413ecd000-7f5413ed6000 r--s 00000000 08:02 2235085                    /usr/share/fonts/X11/Type1/c0632bt_.pfb
7f5413ed6000-7f5413ee6000 r--s 00000000 08:02 1841110                    /usr/share/fonts/type1/gsfonts/a010033l.pfb
7f5413ee6000-7f5413eff000 r--s 00000000 08:02 1841112                    /usr/share/fonts/type1/gsfonts/b018012l.pfb
7f5413eff000-7f5413f02000 ---p 00000000 00:00 0 
7f5413f02000-7f5414000000 rw-p 00000000 00:00 0                          [stack:18045]
7f5414000000-7f5414021000 rw-p 00000000 00:00 0 
7f5414021000-7f5418000000 ---p 00000000 00:00 0 
7f5418000000-7f5418001000 rw-p 00000000 00:00 0 
7f5418001000-7f5418005000 r--s 00097000 08:05 34275392                   /media/linux/Data/Linux/x64/jdk1.8.0_102/jre/lib/jsse.jar
7f5418005000-7f5418020000 r--s 00000000 08:02 1841069                    /usr/share/fonts/type1/gsfonts/p052023l.pfb
7f5418020000-7f5418033000 r--s 00000000 08:02 1841105                    /usr/share/fonts/type1/gsfonts/b018015l.pfb
7f5418033000-7f5418044000 r--s 00000000 08:02 1841088                    /usr/share/fonts/type1/gsfonts/n019063l.pfb
7f5418044000-7f541805f000 r--s 00000000 08:02 1841089                    /usr/share/fonts/type1/gsfonts/p052004l.pfb
7f541805f000-7f5418069000 r--s 00000000 08:02 2235094                    /usr/share/fonts/X11/Type1/c0611bt_.pfb
7f5418069000-7f5418074000 r--s 00000000 08:02 1314525                    /var/cache/fontconfig/945677eb7aeaf62f1d50efc3fb3ec7d8-le64.cache-4
7f5418074000-7f54180af000 r--s 00000000 08:02 1314002                    /var/cache/fontconfig/365b55f210c0a22e9a19e35191240f32-le64.cache-4
7f54180af000-7f54180c2000 r--s 00000000 08:02 1314050                    /var/cache/fontconfig/d52a8644073d54c13679302ca1180695-le64.cache-4
7f54180c2000-7f54180cd000 r--s 00000000 08:02 1314024                    /var/cache/fontconfig/d589a48862398ed80a3d6066f4f56f4c-le64.cache-4
7f54180cd000-7f54180da000 r--s 00000000 08:02 1311801                    /var/cache/fontconfig/e13b20fdb08344e0e664864cc2ede53d-le64.cache-4
7f54180da000-7f54180dd000 ---p 00000000 00:00 0 
7f54180dd000-7f54181db000 rw-p 00000000 00:00 0                          [stack:18044]
7f54181db000-7f5418240000 r-xp 00000000 08:05 34275467                   /media/linux/Data/Linux/x64/jdk1.8.0_102/jre/lib/amd64/libfontmanager.so
7f5418240000-7f541843f000 ---p 00065000 08:05 34275467                   /media/linux/Data/Linux/x64/jdk1.8.0_102/jre/lib/amd64/libfontmanager.so
7f541843f000-7f5418444000 rw-p 00064000 08:05 34275467                   /media/linux/Data/Linux/x64/jdk1.8.0_102/jre/lib/amd64/libfontmanager.so
7f5418444000-7f5418454000 rw-p 00000000 00:00 0 
7f5418454000-7f5418459000 r-xp 00000000 08:02 1580646                    /usr/lib/x86_64-linux-gnu/libXdmcp.so.6.0.0
7f5418459000-7f5418658000 ---p 00005000 08:02 1580646                    /usr/lib/x86_64-linux-gnu/libXdmcp.so.6.0.0
7f5418658000-7f5418659000 rw-p 00004000 08:02 1580646                    /usr/lib/x86_64-linux-gnu/libXdmcp.so.6.0.0
7f5418659000-7f541865c000 r-xp 00000000 08:02 1580644                    /usr/lib/x86_64-linux-gnu/libXau.so.6.0.0
7f541865c000-7f541885b000 ---p 00003000 08:02 1580644                    /usr/lib/x86_64-linux-gnu/libXau.so.6.0.0
7f541885b000-7f541885c000 r--p 00002000 08:02 1580644                    /usr/lib/x86_64-linux-gnu/libXau.so.6.0.0
7f541885c000-7f541885d000 rw-p 00003000 08:02 1580644                    /usr/lib/x86_64-linux-gnu/libXau.so.6.0.0
7f541885d000-7f541887e000 r-xp 00000000 08:02 1580648                    /usr/lib/x86_64-linux-gnu/libxcb.so.1.1.0
7f541887e000-7f5418a7d000 ---p 00021000 08:02 1580648                    /usr/lib/x86_64-linux-gnu/libxcb.so.1.1.0
7f5418a7d000-7f5418a7e000 r--p 00020000 08:02 1580648                    /usr/lib/x86_64-linux-gnu/libxcb.so.1.1.0
7f5418a7e000-7f5418a7f000 rw-p 00021000 08:02 1580648                    /usr/lib/x86_64-linux-gnu/libxcb.so.1.1.0
7f5418a7f000-7f5418a8e000 r-xp 00000000 08:02 1581277                    /usr/lib/x86_64-linux-gnu/libXi.so.6.1.0
7f5418a8e000-7f5418c8d000 ---p 0000f000 08:02 1581277                    /usr/lib/x86_64-linux-gnu/libXi.so.6.1.0
7f5418c8d000-7f5418c8e000 r--p 0000e000 08:02 1581277                    /usr/lib/x86_64-linux-gnu/libXi.so.6.1.0
7f5418c8e000-7f5418c8f000 rw-p 0000f000 08:02 1581277                    /usr/lib/x86_64-linux-gnu/libXi.so.6.1.0
7f5418c8f000-7f5418c94000 r-xp 00000000 08:02 1583208                    /usr/lib/x86_64-linux-gnu/libXtst.so.6.1.0
7f5418c94000-7f5418e93000 ---p 00005000 08:02 1583208                    /usr/lib/x86_64-linux-gnu/libXtst.so.6.1.0
7f5418e93000-7f5418e94000 r--p 00004000 08:02 1583208                    /usr/lib/x86_64-linux-gnu/libXtst.so.6.1.0
7f5418e94000-7f5418e95000 rw-p 00005000 08:02 1583208                    /usr/lib/x86_64-linux-gnu/libXtst.so.6.1.0
7f5418e95000-7f5418e9e000 r-xp 00000000 08:02 1580768                    /usr/lib/x86_64-linux-gnu/libXrender.so.1.3.0
7f5418e9e000-7f541909d000 ---p 00009000 08:02 1580768                    /usr/lib/x86_64-linux-gnu/libXrender.so.1.3.0
7f541909d000-7f541909e000 r--p 00008000 08:02 1580768                    /usr/lib/x86_64-linux-gnu/libXrender.so.1.3.0
7f541909e000-7f541909f000 rw-p 00009000 08:02 1580768                    /usr/lib/x86_64-linux-gnu/libXrender.so.1.3.0
7f541909f000-7f54191db000 r-xp 00000000 08:02 1580652                    /usr/lib/x86_64-linux-gnu/libX11.so.6.3.0
7f54191db000-7f54193da000 ---p 0013c000 08:02 1580652                    /usr/lib/x86_64-linux-gnu/libX11.so.6.3.0
7f54193da000-7f54193dc000 r--p 0013b000 08:02 1580652                    /usr/lib/x86_64-linux-gnu/libX11.so.6.3.0
7f54193dc000-7f54193e1000 rw-p 0013d000 08:02 1580652                    /usr/lib/x86_64-linux-gnu/libX11.so.6.3.0
7f54193e1000-7f54193e2000 rw-p 00000000 00:00 0 
7f54193e2000-7f54193f3000 r-xp 00000000 08:02 1580766                    /usr/lib/x86_64-linux-gnu/libXext.so.6.4.0
7f54193f3000-7f54195f2000 ---p 00011000 08:02 1580766                    /usr/lib/x86_64-linux-gnu/libXext.so.6.4.0
7f54195f2000-7f54195f3000 r--p 00010000 08:02 1580766                    /usr/lib/x86_64-linux-gnu/libXext.so.6.4.0
7f54195f3000-7f54195f4000 rw-p 00011000 08:02 1580766                    /usr/lib/x86_64-linux-gnu/libXext.so.6.4.0
7f54195f4000-7f5419648000 r-xp 00000000 08:05 34275475                   /media/linux/Data/Linux/x64/jdk1.8.0_102/jre/lib/amd64/libawt_xawt.so
7f5419648000-7f5419848000 ---p 00054000 08:05 34275475                   /media/linux/Data/Linux/x64/jdk1.8.0_102/jre/lib/amd64/libawt_xawt.so
7f5419848000-7f541984c000 rw-p 00054000 08:05 34275475                   /media/linux/Data/Linux/x64/jdk1.8.0_102/jre/lib/amd64/libawt_xawt.so
7f541984c000-7f541984d000 rw-p 00000000 00:00 0 
7f541984d000-7f54198ef000 r-xp 00000000 08:05 34275508                   /media/linux/Data/Linux/x64/jdk1.8.0_102/jre/lib/amd64/libawt.so
7f54198ef000-7f5419aef000 ---p 000a2000 08:05 34275508                   /media/linux/Data/Linux/x64/jdk1.8.0_102/jre/lib/amd64/libawt.so
7f5419aef000-7f5419afb000 rw-p 000a2000 08:05 34275508                   /media/linux/Data/Linux/x64/jdk1.8.0_102/jre/lib/amd64/libawt.so
7f5419afb000-7f5419b1f000 rw-p 00000000 00:00 0 
7f5419b1f000-7f5419b2c000 r-xp 00000000 08:02 1722385                    /usr/local/lib/libdnet.so.1.0.1
7f5419b2c000-7f5419d2c000 ---p 0000d000 08:02 1722385                    /usr/local/lib/libdnet.so.1.0.1
7f5419d2c000-7f5419d2e000 rw-p 0000d000 08:02 1722385                    /usr/local/lib/libdnet.so.1.0.1
7f5419d2e000-7f5419d30000 rw-p 00000000 00:00 0 
7f5419d30000-7f5419d6d000 r-xp 00000000 08:02 1600076                    /usr/lib/x86_64-linux-gnu/libpcap.so.1.6.2
7f5419d6d000-7f5419f6c000 ---p 0003d000 08:02 1600076                    /usr/lib/x86_64-linux-gnu/libpcap.so.1.6.2
7f5419f6c000-7f5419f6e000 r--p 0003c000 08:02 1600076                    /usr/lib/x86_64-linux-gnu/libpcap.so.1.6.2
7f5419f6e000-7f5419f6f000 rw-p 0003e000 08:02 1600076                    /usr/lib/x86_64-linux-gnu/libpcap.so.1.6.2
7f5419f6f000-7f5419f70000 rw-p 00000000 00:00 0 
7f5419f70000-7f5419f7d000 r-xp 00000000 08:02 1596281                    /usr/lib/libjxnet.so
7f5419f7d000-7f541a17c000 ---p 0000d000 08:02 1596281                    /usr/lib/libjxnet.so
7f541a17c000-7f541a17d000 rw-p 0000c000 08:02 1596281                    /usr/lib/libjxnet.so
7f541a17d000-7f541a17e000 ---p 00000000 00:00 0 
7f541a17e000-7f541a27e000 rw-p 00000000 00:00 0                          [stack:18043]
7f541a27e000-7f541a281000 ---p 00000000 00:00 0 
7f541a281000-7f541a37f000 rw-p 00000000 00:00 0                          [stack:18042]
7f541a37f000-7f541a382000 ---p 00000000 00:00 0 
7f541a382000-7f541a480000 rw-p 00000000 00:00 0                          [stack:18041]
7f541a480000-7f541a483000 ---p 00000000 00:00 0 
7f541a483000-7f541a581000 rw-p 00000000 00:00 0                          [stack:18040]
7f541a581000-7f541a584000 ---p 00000000 00:00 0 
7f541a584000-7f541a682000 rw-p 00000000 00:00 0                          [stack:18039]
7f541a682000-7f541a80b000 r--p 00000000 08:02 1585446                    /usr/lib/locale/locale-archive
7f541a80b000-7f541a80e000 ---p 00000000 00:00 0 
7f541a80e000-7f541a90c000 rw-p 00000000 00:00 0                          [stack:18038]
7f541a90c000-7f541a90f000 ---p 00000000 00:00 0 
7f541a90f000-7f541aa0d000 rw-p 00000000 00:00 0                          [stack:18037]
7f541aa0d000-7f541aa0e000 ---p 00000000 00:00 0 
7f541aa0e000-7f541b47a000 rw-p 00000000 00:00 0                          [stack:18036]
7f541b47a000-7f541b652000 r--s 03d29000 08:05 34275440                   /media/linux/Data/Linux/x64/jdk1.8.0_102/jre/lib/rt.jar
7f541b652000-7f541cd18000 rw-p 00000000 00:00 0 
7f541cd18000-7f541cd19000 ---p 00000000 00:00 0 
7f541cd19000-7f541ce19000 rw-p 00000000 00:00 0                          [stack:18035]
7f541ce19000-7f541ce1a000 ---p 00000000 00:00 0 
7f541ce1a000-7f541cf24000 rw-p 00000000 00:00 0                          [stack:18034]
7f541cf24000-7f541cfb2000 ---p 00000000 00:00 0 
7f541cfb2000-7f541cfb8000 rw-p 00000000 00:00 0 
7f541cfb8000-7f541cfff000 ---p 00000000 00:00 0 
7f541cfff000-7f541d000000 rw-p 00000000 00:00 0 
7f541d000000-7f541d470000 rwxp 00000000 00:00 0 
7f541d470000-7f542c000000 ---p 00000000 00:00 0 
7f542c000000-7f542c565000 rw-p 00000000 00:00 0 
7f542c565000-7f5430000000 ---p 00000000 00:00 0 
7f5430000000-7f5430007000 r--s 00000000 08:02 1314457                    /var/cache/fontconfig/3047814df9a2f067bd2d96a2b9c36e5a-le64.cache-4
7f5430007000-7f54300c3000 rw-p 00000000 00:00 0 
7f54300c3000-7f5430471000 ---p 00000000 00:00 0 
7f5430471000-7f543048b000 r-xp 00000000 08:05 34275471                   /media/linux/Data/Linux/x64/jdk1.8.0_102/jre/lib/amd64/libzip.so
7f543048b000-7f543068b000 ---p 0001a000 08:05 34275471                   /media/linux/Data/Linux/x64/jdk1.8.0_102/jre/lib/amd64/libzip.so
7f543068b000-7f543068c000 rw-p 0001a000 08:05 34275471                   /media/linux/Data/Linux/x64/jdk1.8.0_102/jre/lib/amd64/libzip.so
7f543068c000-7f5430697000 r-xp 00000000 08:02 2891013                    /lib/x86_64-linux-gnu/libnss_files-2.19.so
7f5430697000-7f5430896000 ---p 0000b000 08:02 2891013                    /lib/x86_64-linux-gnu/libnss_files-2.19.so
7f5430896000-7f5430897000 r--p 0000a000 08:02 2891013                    /lib/x86_64-linux-gnu/libnss_files-2.19.so
7f5430897000-7f5430898000 rw-p 0000b000 08:02 2891013                    /lib/x86_64-linux-gnu/libnss_files-2.19.so
7f5430898000-7f54308a2000 r-xp 00000000 08:02 2891015                    /lib/x86_64-linux-gnu/libnss_nis-2.19.so
7f54308a2000-7f5430aa1000 ---p 0000a000 08:02 2891015                    /lib/x86_64-linux-gnu/libnss_nis-2.19.so
7f5430aa1000-7f5430aa2000 r--p 00009000 08:02 2891015                    /lib/x86_64-linux-gnu/libnss_nis-2.19.so
7f5430aa2000-7f5430aa3000 rw-p 0000a000 08:02 2891015                    /lib/x86_64-linux-gnu/libnss_nis-2.19.so
7f5430aa3000-7f5430ab8000 r-xp 00000000 08:02 2890799                    /lib/x86_64-linux-gnu/libnsl-2.19.so
7f5430ab8000-7f5430cb7000 ---p 00015000 08:02 2890799                    /lib/x86_64-linux-gnu/libnsl-2.19.so
7f5430cb7000-7f5430cb8000 r--p 00014000 08:02 2890799                    /lib/x86_64-linux-gnu/libnsl-2.19.so
7f5430cb8000-7f5430cb9000 rw-p 00015000 08:02 2890799                    /lib/x86_64-linux-gnu/libnsl-2.19.so
7f5430cb9000-7f5430cbb000 rw-p 00000000 00:00 0 
7f5430cbb000-7f5430cc2000 r-xp 00000000 08:02 2890995                    /lib/x86_64-linux-gnu/libnss_compat-2.19.so
7f5430cc2000-7f5430ec1000 ---p 00007000 08:02 2890995                    /lib/x86_64-linux-gnu/libnss_compat-2.19.so
7f5430ec1000-7f5430ec2000 r--p 00006000 08:02 2890995                    /lib/x86_64-linux-gnu/libnss_compat-2.19.so
7f5430ec2000-7f5430ec3000 rw-p 00007000 08:02 2890995                    /lib/x86_64-linux-gnu/libnss_compat-2.19.so
7f5430ec3000-7f5430eed000 r-xp 00000000 08:05 34275498                   /media/linux/Data/Linux/x64/jdk1.8.0_102/jre/lib/amd64/libjava.so
7f5430eed000-7f54310ed000 ---p 0002a000 08:05 34275498                   /media/linux/Data/Linux/x64/jdk1.8.0_102/jre/lib/amd64/libjava.so
7f54310ed000-7f54310ef000 rw-p 0002a000 08:05 34275498                   /media/linux/Data/Linux/x64/jdk1.8.0_102/jre/lib/amd64/libjava.so
7f54310ef000-7f54310fc000 r-xp 00000000 08:05 34275449                   /media/linux/Data/Linux/x64/jdk1.8.0_102/jre/lib/amd64/libverify.so
7f54310fc000-7f54312fc000 ---p 0000d000 08:05 34275449                   /media/linux/Data/Linux/x64/jdk1.8.0_102/jre/lib/amd64/libverify.so
7f54312fc000-7f54312fe000 rw-p 0000d000 08:05 34275449                   /media/linux/Data/Linux/x64/jdk1.8.0_102/jre/lib/amd64/libverify.so
7f54312fe000-7f5431305000 r-xp 00000000 08:02 2891067                    /lib/x86_64-linux-gnu/librt-2.19.so
7f5431305000-7f5431504000 ---p 00007000 08:02 2891067                    /lib/x86_64-linux-gnu/librt-2.19.so
7f5431504000-7f5431505000 r--p 00006000 08:02 2891067                    /lib/x86_64-linux-gnu/librt-2.19.so
7f5431505000-7f5431506000 rw-p 00007000 08:02 2891067                    /lib/x86_64-linux-gnu/librt-2.19.so
7f5431506000-7f5431606000 r-xp 00000000 08:02 2890797                    /lib/x86_64-linux-gnu/libm-2.19.so
7f5431606000-7f5431805000 ---p 00100000 08:02 2890797                    /lib/x86_64-linux-gnu/libm-2.19.so
7f5431805000-7f5431806000 r--p 000ff000 08:02 2890797                    /lib/x86_64-linux-gnu/libm-2.19.so
7f5431806000-7f5431807000 rw-p 00100000 08:02 2890797                    /lib/x86_64-linux-gnu/libm-2.19.so
7f5431807000-7f54324d3000 r-xp 00000000 08:05 34275502                   /media/linux/Data/Linux/x64/jdk1.8.0_102/jre/lib/amd64/server/libjvm.so
7f54324d3000-7f54326d3000 ---p 00ccc000 08:05 34275502                   /media/linux/Data/Linux/x64/jdk1.8.0_102/jre/lib/amd64/server/libjvm.so
7f54326d3000-7f54327ac000 rw-p 00ccc000 08:05 34275502                   /media/linux/Data/Linux/x64/jdk1.8.0_102/jre/lib/amd64/server/libjvm.so
7f54327ac000-7f54327f7000 rw-p 00000000 00:00 0 
7f54327f7000-7f5432998000 r-xp 00000000 08:02 2890793                    /lib/x86_64-linux-gnu/libc-2.19.so
7f5432998000-7f5432b98000 ---p 001a1000 08:02 2890793                    /lib/x86_64-linux-gnu/libc-2.19.so
7f5432b98000-7f5432b9c000 r--p 001a1000 08:02 2890793                    /lib/x86_64-linux-gnu/libc-2.19.so
7f5432b9c000-7f5432b9e000 rw-p 001a5000 08:02 2890793                    /lib/x86_64-linux-gnu/libc-2.19.so
7f5432b9e000-7f5432ba2000 rw-p 00000000 00:00 0 
7f5432ba2000-7f5432ba5000 r-xp 00000000 08:02 2890796                    /lib/x86_64-linux-gnu/libdl-2.19.so
7f5432ba5000-7f5432da4000 ---p 00003000 08:02 2890796                    /lib/x86_64-linux-gnu/libdl-2.19.so
7f5432da4000-7f5432da5000 r--p 00002000 08:02 2890796                    /lib/x86_64-linux-gnu/libdl-2.19.so
7f5432da5000-7f5432da6000 rw-p 00003000 08:02 2890796                    /lib/x86_64-linux-gnu/libdl-2.19.so
7f5432da6000-7f5432dbb000 r-xp 00000000 08:05 34243136                   /media/linux/Data/Linux/x64/jdk1.8.0_102/lib/amd64/jli/libjli.so
7f5432dbb000-7f5432fbb000 ---p 00015000 08:05 34243136                   /media/linux/Data/Linux/x64/jdk1.8.0_102/lib/amd64/jli/libjli.so
7f5432fbb000-7f5432fbc000 rw-p 00015000 08:05 34243136                   /media/linux/Data/Linux/x64/jdk1.8.0_102/lib/amd64/jli/libjli.so
7f5432fbc000-7f5432fd4000 r-xp 00000000 08:02 2886973                    /lib/x86_64-linux-gnu/libpthread-2.19.so
7f5432fd4000-7f54331d3000 ---p 00018000 08:02 2886973                    /lib/x86_64-linux-gnu/libpthread-2.19.so
7f54331d3000-7f54331d4000 r--p 00017000 08:02 2886973                    /lib/x86_64-linux-gnu/libpthread-2.19.so
7f54331d4000-7f54331d5000 rw-p 00018000 08:02 2886973                    /lib/x86_64-linux-gnu/libpthread-2.19.so
7f54331d5000-7f54331d9000 rw-p 00000000 00:00 0 
7f54331d9000-7f54331f9000 r-xp 00000000 08:02 2890131                    /lib/x86_64-linux-gnu/ld-2.19.so
7f54331f9000-7f54331fe000 r--s 0002c000 08:02 1855570                    /root/.gradle/caches/modules-2/files-2.1/commons-net/commons-net/2.0/1f75887afe587df7c2435f2f6d3199f05a324c8d/commons-net-2.0.jar
7f54331fe000-7f54331ff000 r--s 00000000 08:02 1314480                    /var/cache/fontconfig/4794a0821666d79190d59a36cb4f44b5-le64.cache-4
7f54331ff000-7f5433217000 r--s 00000000 08:02 1841065                    /usr/share/fonts/type1/gsfonts/n022003l.pfb
7f5433217000-7f5433249000 rw-p 00000000 00:00 0 
7f5433249000-7f54332d8000 ---p 00000000 00:00 0 
7f54332d8000-7f54332db000 ---p 00000000 00:00 0 
7f54332db000-7f54333dd000 rw-p 00000000 00:00 0                          [stack:18033]
7f54333dd000-7f54333e0000 r--s 00000000 08:02 1314275                    /var/cache/fontconfig/e49e89034d371f0f9de17aab02136486-le64.cache-4
7f54333e0000-7f54333e2000 r--s 00000000 08:02 1314265                    /var/cache/fontconfig/4b14b093aebc79c320de5e86ae1d3314-le64.cache-4
7f54333e2000-7f54333e4000 r--s 0011d000 08:02 1839875                    /root/NetBeansProjects/OpenNetcut/libs/Jxnet-1.1.0-SNAPSHOT.jar
7f54333e4000-7f54333ed000 rw-p 00000000 00:00 0 
7f54333ed000-7f54333f5000 rw-s 00000000 08:02 1855502                    /tmp/hsperfdata_root/18027
7f54333f5000-7f54333f6000 rw-p 00000000 00:00 0 
7f54333f6000-7f54333f7000 ---p 00000000 00:00 0 
7f54333f7000-7f54333f9000 rw-p 00000000 00:00 0 
7f54333f9000-7f54333fa000 r--p 00020000 08:02 2890131                    /lib/x86_64-linux-gnu/ld-2.19.so
7f54333fa000-7f54333fb000 rw-p 00021000 08:02 2890131                    /lib/x86_64-linux-gnu/ld-2.19.so
7f54333fb000-7f54333fc000 rw-p 00000000 00:00 0 
7fff39fb0000-7fff39fd1000 rw-p 00000000 00:00 0                          [stack]
7fff39ff2000-7fff39ff4000 r-xp 00000000 00:00 0                          [vdso]
7fff39ff4000-7fff39ff6000 r--p 00000000 00:00 0                          [vvar]
ffffffffff600000-ffffffffff601000 r-xp 00000000 00:00 0                  [vsyscall]

VM Arguments:
jvm_args: -Dfile.encoding=UTF-8 -Duser.country=US -Duser.language=en -Duser.variant 
java_command: com.ardikars.opennetcut.Main
java_class_path (initial): /root/NetBeansProjects/OpenNetcut/build/classes/main:/root/NetBeansProjects/OpenNetcut/build/resources/main:/root/NetBeansProjects/OpenNetcut/libs/Jxnet-1.1.0-SNAPSHOT.jar:/root/.gradle/caches/modules-2/files-2.1/commons-net/commons-net/2.0/1f75887afe587df7c2435f2f6d3199f05a324c8d/commons-net-2.0.jar:/root/.gradle/caches/modules-2/files-2.1/commons-validator/commons-validator/1.4.0/42fa1046955ade59f5354a1876cfc523cea33815/commons-validator-1.4.0.jar:/root/.gradle/caches/modules-2/files-2.1/commons-beanutils/commons-beanutils/1.8.3/686ef3410bcf4ab8ce7fd0b899e832aaba5facf7/commons-beanutils-1.8.3.jar:/root/.gradle/caches/modules-2/files-2.1/commons-digester/commons-digester/1.8/dc6a73fdbd1fa3f0944e8497c6c872fa21dca37e/commons-digester-1.8.jar:/root/.gradle/caches/modules-2/files-2.1/commons-logging/commons-logging/1.1.1/5043bfebc3db072ed80fbd362e7caf00e885d8ae/commons-logging-1.1.1.jar
Launcher Type: SUN_STANDARD

Environment Variables:
PATH=/media/linux/Data/MultiPlatform/gradle/bin:/usr/local/sbin:/usr/local/bin:/usr/sbin:/usr/bin:/sbin:/bin
LD_LIBRARY_PATH=/media/linux/Data/Linux/x64/jdk1.8.0_102/bin/../jre/lib/amd64:/media/linux/Data/Linux/x64/jdk1.8.0_102/bin/../jre/lib/i386:
SHELL=/bin/bash
DISPLAY=:0.0

Signal Handlers:
SIGSEGV: [libjvm.so+0xac5b30], sa_mask[0]=11111111011111111101111111111110, sa_flags=SA_RESTART|SA_SIGINFO
SIGBUS: [libjvm.so+0xac5b30], sa_mask[0]=11111111011111111101111111111110, sa_flags=SA_RESTART|SA_SIGINFO
SIGFPE: [libjvm.so+0x91f470], sa_mask[0]=11111111011111111101111111111110, sa_flags=SA_RESTART|SA_SIGINFO
SIGPIPE: [libjvm.so+0x91f470], sa_mask[0]=11111111011111111101111111111110, sa_flags=SA_RESTART|SA_SIGINFO
SIGXFSZ: [libjvm.so+0x91f470], sa_mask[0]=11111111011111111101111111111110, sa_flags=SA_RESTART|SA_SIGINFO
SIGILL: [libjvm.so+0x91f470], sa_mask[0]=11111111011111111101111111111110, sa_flags=SA_RESTART|SA_SIGINFO
SIGUSR1: SIG_DFL, sa_mask[0]=00000000000000000000000000000000, sa_flags=none
SIGUSR2: [libjvm.so+0x920aa0], sa_mask[0]=00100000000000000000000000000000, sa_flags=SA_RESTART|SA_SIGINFO
SIGHUP: [libjvm.so+0x921ea0], sa_mask[0]=11111111011111111101111111111110, sa_flags=SA_RESTART|SA_SIGINFO
SIGINT: SIG_IGN, sa_mask[0]=00000000000000000000000000000000, sa_flags=none
SIGTERM: [libjvm.so+0x921ea0], sa_mask[0]=11111111011111111101111111111110, sa_flags=SA_RESTART|SA_SIGINFO
SIGQUIT: [libjvm.so+0x921ea0], sa_mask[0]=11111111011111111101111111111110, sa_flags=SA_RESTART|SA_SIGINFO


---------------  S Y S T E M  ---------------

OS:PRETTY_NAME="Debian GNU/Linux 8 (jessie)"
NAME="Debian GNU/Linux"
VERSION_ID="8"
VERSION="8 (jessie)"
ID=debian
HOME_URL="http://www.debian.org/"
SUPPORT_URL="http://www.debian.org/support"
BUG_REPORT_URL="https://bugs.debian.org/"

uname:Linux 3.16.0-4-amd64 #1 SMP Debian 3.16.36-1+deb8u2 (2016-10-19) x86_64
libc:glibc 2.19 NPTL 2.19 
rlimit: STACK 8192k, CORE 0k, NPROC 7250, NOFILE 65536, AS infinity
load average:0.34 0.54 0.44

/proc/meminfo:
MemTotal:        1873984 kB
MemFree:          105012 kB
MemAvailable:      99256 kB
Buffers:            8876 kB
Cached:           137348 kB
SwapCached:       216212 kB
Active:          1175512 kB
Inactive:         480484 kB
Active(anon):    1101764 kB
Inactive(anon):   427060 kB
Active(file):      73748 kB
Inactive(file):    53424 kB
Unevictable:          32 kB
Mlocked:              32 kB
SwapTotal:       4095996 kB
SwapFree:        3394172 kB
Dirty:               292 kB
Writeback:             0 kB
AnonPages:       1490720 kB
Mapped:            73372 kB
Shmem:             19056 kB
Slab:              55744 kB
SReclaimable:      30244 kB
SUnreclaim:        25500 kB
KernelStack:        6320 kB
PageTables:        24000 kB
NFS_Unstable:          0 kB
Bounce:                0 kB
WritebackTmp:          0 kB
CommitLimit:     5032988 kB
Committed_AS:    3983776 kB
VmallocTotal:   34359738367 kB
VmallocUsed:      344580 kB
VmallocChunk:   34359358224 kB
HardwareCorrupted:     0 kB
AnonHugePages:         0 kB
HugePages_Total:       0
HugePages_Free:        0
HugePages_Rsvd:        0
HugePages_Surp:        0
Hugepagesize:       2048 kB
DirectMap4k:      135416 kB
DirectMap2M:     1845248 kB


CPU:total 2 (2 cores per cpu, 1 threads per core) family 6 model 58 stepping 9, cmov, cx8, fxsr, mmx, sse, sse2, sse3, ssse3, sse4.1, sse4.2, popcnt, clmul, erms, tsc, tscinvbit, tscinv

/proc/cpuinfo:
processor	: 0
vendor_id	: GenuineIntel
cpu family	: 6
model		: 58
model name	: Intel(R) Celeron(R) CPU 1007U @ 1.50GHz
stepping	: 9
microcode	: 0x17
cpu MHz		: 1500.000
cache size	: 2048 KB
physical id	: 0
siblings	: 2
core id		: 0
cpu cores	: 2
apicid		: 0
initial apicid	: 0
fpu		: yes
fpu_exception	: yes
cpuid level	: 13
wp		: yes
flags		: fpu vme de pse tsc msr pae mce cx8 apic sep mtrr pge mca cmov pat pse36 clflush dts acpi mmx fxsr sse sse2 ss ht tm pbe syscall nx rdtscp lm constant_tsc arch_perfmon pebs bts rep_good nopl xtopology nonstop_tsc aperfmperf eagerfpu pni pclmulqdq dtes64 monitor ds_cpl vmx est tm2 ssse3 cx16 xtpr pdcm pcid sse4_1 sse4_2 x2apic popcnt tsc_deadline_timer xsave lahf_lm arat epb xsaveopt pln pts dtherm tpr_shadow vnmi flexpriority ept vpid fsgsbase smep erms
bogomips	: 2993.18
clflush size	: 64
cache_alignment	: 64
address sizes	: 36 bits physical, 48 bits virtual
power management:

processor	: 1
vendor_id	: GenuineIntel
cpu family	: 6
model		: 58
model name	: Intel(R) Celeron(R) CPU 1007U @ 1.50GHz
stepping	: 9
microcode	: 0x17
cpu MHz		: 1500.000
cache size	: 2048 KB
physical id	: 0
siblings	: 2
core id		: 1
cpu cores	: 2
apicid		: 2
initial apicid	: 2
fpu		: yes
fpu_exception	: yes
cpuid level	: 13
wp		: yes
flags		: fpu vme de pse tsc msr pae mce cx8 apic sep mtrr pge mca cmov pat pse36 clflush dts acpi mmx fxsr sse sse2 ss ht tm pbe syscall nx rdtscp lm constant_tsc arch_perfmon pebs bts rep_good nopl xtopology nonstop_tsc aperfmperf eagerfpu pni pclmulqdq dtes64 monitor ds_cpl vmx est tm2 ssse3 cx16 xtpr pdcm pcid sse4_1 sse4_2 x2apic popcnt tsc_deadline_timer xsave lahf_lm arat epb xsaveopt pln pts dtherm tpr_shadow vnmi flexpriority ept vpid fsgsbase smep erms
bogomips	: 2993.18
clflush size	: 64
cache_alignment	: 64
address sizes	: 36 bits physical, 48 bits virtual
power management:



Memory: 4k page, physical 1873984k(105012k free), swap 4095996k(3394172k free)

vm_info: Java HotSpot(TM) 64-Bit Server VM (25.102-b14) for linux-amd64 JRE (1.8.0_102-b14), built on Jun 22 2016 18:43:17 by "java_re" with gcc 4.3.0 20080428 (Red Hat 4.3.0-8)

time: Fri Feb  3 09:24:12 2017
elapsed time: 46 seconds (0d 0h 0m 46s)

