#
# A fatal error has been detected by the Java Runtime Environment:
#
#  SIGSEGV (0xb) at pc=0x00007f263a040eb2, pid=18137, tid=0x00007f25f5b9f700
#
# JRE version: Java(TM) SE Runtime Environment (8.0_102-b14) (build 1.8.0_102-b14)
# Java VM: Java HotSpot(TM) 64-Bit Server VM (25.102-b14 mixed mode linux-amd64 compressed oops)
# Problematic frame:
# V  [libjvm.so+0x6e8eb2]  jni_GetFieldID+0x122
#
# Failed to write core dump. Core dumps have been disabled. To enable core dumping, try "ulimit -c unlimited" before starting Java again
#
# If you would like to submit a bug report, please visit:
#   http://bugreport.java.com/bugreport/crash.jsp
#

---------------  T H R E A D  ---------------

Current thread (0x00007f25e0104800):  JavaThread "Thread-0" [_thread_in_vm, id=18161, stack(0x00007f25f5a9f000,0x00007f25f5ba0000)]

siginfo: si_signo: 11 (SIGSEGV), si_code: 128 (SI_KERNEL), si_addr: 0x0000000000000000

Registers:
RAX=0x00750062002f0074, RBX=0x00750062002f0074, RCX=0x0000000000000001, RDX=0x0000000000040021
RSP=0x00007f25f5b9e6a0, RBP=0x00007f25f5b9e740, RSI=0x00007f261dfcccaf, RDI=0x00000000f6f9d838
R8 =0x00000000000000fe, R9 =0x0000000000000000, R10=0x0000000000000001, R11=0x0000000008c81ca2
R12=0x00007f25e0104800, R13=0x0000000000000000, R14=0x00007f263420c030, R15=0x00007f263420a900
RIP=0x00007f263a040eb2, EFLAGS=0x0000000000010246, CSGSFS=0x0000000000000033, ERR=0x0000000000000000
  TRAPNO=0x000000000000000d

Top of Stack: (sp=0x00007f25f5b9e6a0)
0x00007f25f5b9e6a0:   00007f25f5b9e6c0 00007f25f5b9e6e0
0x00007f25f5b9e6b0:   00007f261dfcc431 00007f25e0003358
0x00007f25f5b9e6c0:   00007f25e0104800 0000000000000000
0x00007f25f5b9e6d0:   00007f25f5b9e760 00007f2639fe071f
0x00007f25f5b9e6e0:   0000000000000002 00007f25f77758f8
0x00007f25f5b9e6f0:   00007f25e0104800 00007f25e0104800
0x00007f25f5b9e700:   00007f25e0104800 503a0543e0104800
0x00007f25f5b9e710:   0000000000000000 00007f25e01049f8
0x00007f25f5b9e720:   0000000000000000 00007f25f7773f48
0x00007f25f5b9e730:   00007f25f5b9e7f0 00007f25e0104800
0x00007f25f5b9e740:   00007f25f5b9e7f0 00007f261dfc8b24
0x00007f25f5b9e750:   00007f25e01049f8 00007f261dfca100
0x00007f25f5b9e760:   00007f25f7773f48 00007f25f5b9e7d0
0x00007f25f5b9e770:   0000000000000000 00007f2625017474
0x00007f25f5b9e780:   00007f25e0104800 00007f26250171c2
0x00007f25f5b9e790:   00007f25f5b9e790 00007f25f7773f48
0x00007f25f5b9e7a0:   00007f25f5b9e7f0 00007f25f77753a8
0x00007f25f5b9e7b0:   0000000000000000 00007f25f7773f48
0x00007f25f5b9e7c0:   0000000000000000 00007f25f5b9e7f0
0x00007f25f5b9e7d0:   00007f25f5b9e838 00007f26250082bd
0x00007f25f5b9e7e0:   00000000f6fd07a0 00007f2625011538
0x00007f25f5b9e7f0:   00000000f703c280 00007f25f5b9e7f8
0x00007f25f5b9e800:   00007f25f729d4b2 00007f25f5b9e890
0x00007f25f5b9e810:   00007f25f729d930 0000000000000000
0x00007f25f5b9e820:   00007f25f729d560 00007f25f5b9e7f0
0x00007f25f5b9e830:   00007f25f5b9e890 00007f25f5b9e8d8
0x00007f25f5b9e840:   00007f26250082bd 00000000f69bd7d8
0x00007f25f5b9e850:   00000000f69bd4b8 00000000f69bd428
0x00007f25f5b9e860:   00000000000000fe 00000000000000fe
0x00007f25f5b9e870:   0000000000000006 00000000f69bd468
0x00007f25f5b9e880:   00000000f69bd3a0 00000000f7076c30
0x00007f25f5b9e890:   00000000f703ac48 00007f25f5b9e898 

Instructions: (pc=0x00007f263a040eb2)
0x00007f263a040e92:   00 00 48 85 c0 0f 84 7b 01 00 00 48 8b 85 78 ff
0x00007f263a040ea2:   ff ff 45 31 ed 48 8b 38 e8 d1 93 fa ff 48 89 c3
0x00007f263a040eb2:   48 8b 00 4c 89 e6 48 89 df ff 90 90 00 00 00 49
0x00007f263a040ec2:   83 7c 24 08 00 0f 84 83 01 00 00 4c 89 ff e8 2b 

Register to memory mapping:

RAX=0x00750062002f0074 is an unknown value
RBX=0x00750062002f0074 is an unknown value
RCX=0x0000000000000001 is an unknown value
RDX=0x0000000000040021 is an unknown value
RSP=0x00007f25f5b9e6a0 is pointing into the stack for thread: 0x00007f25e0104800
RBP=0x00007f25f5b9e740 is pointing into the stack for thread: 0x00007f25e0104800
RSI=0x00007f261dfcccaf: <offset 0x9caf> in /usr/lib/libjxnet.so at 0x00007f261dfc3000
RDI=0x00000000f6f9d838 is an oop

[error occurred during error reporting (printing register info), id 0xb]

Stack: [0x00007f25f5a9f000,0x00007f25f5ba0000],  sp=0x00007f25f5b9e6a0,  free space=1021k
Native frames: (J=compiled Java code, j=interpreted, Vv=VM code, C=native code)
V  [libjvm.so+0x6e8eb2]  jni_GetFieldID+0x122
C  [libjxnet.so+0x5b24]  SetPcapDumperIDs+0x44
C  0x00007f25f5b9e7f8

Java frames: (J=compiled Java code, j=interpreted, Vv=VM code)
j  com.ardikars.jxnet.Jxnet.PcapDumpClose(Lcom/ardikars/jxnet/PcapDumper;)V+0
j  com.ardikars.opennetcut.app.NetworkScanner.scanAll()V+370
j  com.ardikars.opennetcut.app.NetworkScanner.run()V+129
v  ~StubRoutines::call_stub

---------------  P R O C E S S  ---------------

Java Threads: ( => current thread )
=>0x00007f25e0104800 JavaThread "Thread-0" [_thread_in_vm, id=18161, stack(0x00007f25f5a9f000,0x00007f25f5ba0000)]
  0x00007f25e00e1000 JavaThread "TimerQueue" daemon [_thread_blocked, id=18160, stack(0x00007f25f5ce7000,0x00007f25f5de8000)]
  0x00007f263400a800 JavaThread "DestroyJavaVM" [_thread_blocked, id=18140, stack(0x00007f263b429000,0x00007f263b52a000)]
  0x00007f26342be800 JavaThread "AWT-EventQueue-0" [_thread_in_vm, id=18156, stack(0x00007f25f77eb000,0x00007f25f78ec000)]
  0x00007f26342bd000 JavaThread "AWT-Shutdown" [_thread_blocked, id=18155, stack(0x00007f25f78ec000,0x00007f25f79ed000)]
  0x00007f2634274800 JavaThread "AWT-XAWT" daemon [_thread_in_native, id=18154, stack(0x00007f25f79ed000,0x00007f25f7aee000)]
  0x00007f2634252800 JavaThread "Java2D Disposer" daemon [_thread_blocked, id=18153, stack(0x00007f25f7eff000,0x00007f25f8000000)]
  0x00007f26340cc800 JavaThread "Service Thread" daemon [_thread_blocked, id=18151, stack(0x00007f261e2d1000,0x00007f261e3d2000)]
  0x00007f26340b8000 JavaThread "C1 CompilerThread1" daemon [_thread_in_native, id=18150, stack(0x00007f261e3d2000,0x00007f261e4d3000)]
  0x00007f26340b5000 JavaThread "C2 CompilerThread0" daemon [_thread_in_native, id=18149, stack(0x00007f261e4d3000,0x00007f261e5d4000)]
  0x00007f26340b3800 JavaThread "Signal Dispatcher" daemon [_thread_blocked, id=18148, stack(0x00007f261e5d4000,0x00007f261e6d5000)]
  0x00007f2634080000 JavaThread "Finalizer" daemon [_thread_blocked, id=18147, stack(0x00007f261e85e000,0x00007f261e95f000)]
  0x00007f263407b800 JavaThread "Reference Handler" daemon [_thread_blocked, id=18146, stack(0x00007f261e95f000,0x00007f261ea60000)]

Other Threads:
  0x00007f2634074000 VMThread [stack: 0x00007f261ea60000,0x00007f261eb61000] [id=18145]
  0x00007f26340cf800 WatcherThread [stack: 0x00007f261e1d0000,0x00007f261e2d1000] [id=18152]

VM state:synchronizing (normal execution)

VM Mutex/Monitor currently owned by a thread:  ([mutex/lock_event])
[0x00007f2634006a00] Threads_lock - owner thread: 0x00007f2634074000

Heap:
 PSYoungGen      total 9216K, used 6527K [0x00000000f6780000, 0x00000000f7180000, 0x0000000100000000)
  eden space 8192K, 67% used [0x00000000f6780000,0x00000000f6ce7fc8,0x00000000f6f80000)
  from space 1024K, 96% used [0x00000000f6f80000,0x00000000f7078020,0x00000000f7080000)
  to   space 1024K, 0% used [0x00000000f7080000,0x00000000f7080000,0x00000000f7180000)
 ParOldGen       total 20480K, used 1975K [0x00000000e3600000, 0x00000000e4a00000, 0x00000000f6780000)
  object space 20480K, 9% used [0x00000000e3600000,0x00000000e37edd90,0x00000000e4a00000)
 Metaspace       used 15503K, capacity 15718K, committed 16128K, reserved 1062912K
  class space    used 1919K, capacity 2007K, committed 2048K, reserved 1048576K

Card table byte_map: [0x00007f263811c000,0x00007f2638202000] byte_map_base: 0x00007f2637a01000

Marking Bits: (ParMarkBitMap*) 0x00007f263a91ac60
 Begin Bits: [0x00007f26240af000, 0x00007f26247d7000)
 End Bits:   [0x00007f26247d7000, 0x00007f2624eff000)

Polling page: 0x00007f263b547000

CodeCache: size=245760Kb used=4215Kb max_used=4215Kb free=241544Kb
 bounds [0x00007f2625000000, 0x00007f2625420000, 0x00007f2634000000]
 total_blobs=1967 nmethods=1385 adapters=496
 compilation: enabled

Compilation events (10 events):
Event: 41.307 Thread 0x00007f26340b8000 nmethod 1380 0x00007f262541aad0 code [0x00007f262541ac80, 0x00007f262541b348]
Event: 41.307 Thread 0x00007f26340b8000 1381   !   3       java.util.Vector$1::nextElement (62 bytes)
Event: 41.308 Thread 0x00007f26340b8000 nmethod 1381 0x00007f2625418950 code [0x00007f2625418ae0, 0x00007f2625418fe8]
Event: 41.308 Thread 0x00007f26340b8000 1383       3       java.awt.Container::updateGraphicsData (59 bytes)
Event: 41.310 Thread 0x00007f26340b8000 nmethod 1383 0x00007f262541c210 code [0x00007f262541c420, 0x00007f262541cda8]
Event: 41.310 Thread 0x00007f26340b8000 1385       3       java.awt.Container::invalidate (29 bytes)
Event: 41.311 Thread 0x00007f26340b8000 nmethod 1385 0x00007f262541bad0 code [0x00007f262541bc60, 0x00007f262541c0f8]
Event: 41.311 Thread 0x00007f26340b8000 1386   !   3       java.awt.Component::invalidate (63 bytes)
Event: 41.312 Thread 0x00007f26340b8000 nmethod 1386 0x00007f262541a050 code [0x00007f262541a1e0, 0x00007f262541a968]
Event: 41.312 Thread 0x00007f26340b8000 1387       3       java.awt.Container::invalidateParent (18 bytes)

GC Heap History (6 events):
Event: 1.106 GC heap before
{Heap before GC invocations=1 (full 0):
 PSYoungGen      total 9216K, used 8192K [0x00000000f6780000, 0x00000000f7180000, 0x0000000100000000)
  eden space 8192K, 100% used [0x00000000f6780000,0x00000000f6f80000,0x00000000f6f80000)
  from space 1024K, 0% used [0x00000000f7080000,0x00000000f7080000,0x00000000f7180000)
  to   space 1024K, 0% used [0x00000000f6f80000,0x00000000f6f80000,0x00000000f7080000)
 ParOldGen       total 20480K, used 0K [0x00000000e3600000, 0x00000000e4a00000, 0x00000000f6780000)
  object space 20480K, 0% used [0x00000000e3600000,0x00000000e3600000,0x00000000e4a00000)
 Metaspace       used 13240K, capacity 13436K, committed 13568K, reserved 1060864K
  class space    used 1666K, capacity 1740K, committed 1792K, reserved 1048576K
Event: 1.117 GC heap after
Heap after GC invocations=1 (full 0):
 PSYoungGen      total 9216K, used 994K [0x00000000f6780000, 0x00000000f7180000, 0x0000000100000000)
  eden space 8192K, 0% used [0x00000000f6780000,0x00000000f6780000,0x00000000f6f80000)
  from space 1024K, 97% used [0x00000000f6f80000,0x00000000f7078830,0x00000000f7080000)
  to   space 1024K, 0% used [0x00000000f7080000,0x00000000f7080000,0x00000000f7180000)
 ParOldGen       total 20480K, used 1518K [0x00000000e3600000, 0x00000000e4a00000, 0x00000000f6780000)
  object space 20480K, 7% used [0x00000000e3600000,0x00000000e377b9a0,0x00000000e4a00000)
 Metaspace       used 13240K, capacity 13436K, committed 13568K, reserved 1060864K
  class space    used 1666K, capacity 1740K, committed 1792K, reserved 1048576K
}
Event: 20.411 GC heap before
{Heap before GC invocations=2 (full 0):
 PSYoungGen      total 9216K, used 9186K [0x00000000f6780000, 0x00000000f7180000, 0x0000000100000000)
  eden space 8192K, 100% used [0x00000000f6780000,0x00000000f6f80000,0x00000000f6f80000)
  from space 1024K, 97% used [0x00000000f6f80000,0x00000000f7078830,0x00000000f7080000)
  to   space 1024K, 0% used [0x00000000f7080000,0x00000000f7080000,0x00000000f7180000)
 ParOldGen       total 20480K, used 1518K [0x00000000e3600000, 0x00000000e4a00000, 0x00000000f6780000)
  object space 20480K, 7% used [0x00000000e3600000,0x00000000e377b9a0,0x00000000e4a00000)
 Metaspace       used 15379K, capacity 15590K, committed 15872K, reserved 1062912K
  class space    used 1919K, capacity 2007K, committed 2048K, reserved 1048576K
Event: 20.419 GC heap after
Heap after GC invocations=2 (full 0):
 PSYoungGen      total 9216K, used 1008K [0x00000000f6780000, 0x00000000f7180000, 0x0000000100000000)
  eden space 8192K, 0% used [0x00000000f6780000,0x00000000f6780000,0x00000000f6f80000)
  from space 1024K, 98% used [0x00000000f7080000,0x00000000f717c010,0x00000000f7180000)
  to   space 1024K, 0% used [0x00000000f6f80000,0x00000000f6f80000,0x00000000f7080000)
 ParOldGen       total 20480K, used 1959K [0x00000000e3600000, 0x00000000e4a00000, 0x00000000f6780000)
  object space 20480K, 9% used [0x00000000e3600000,0x00000000e37e9d80,0x00000000e4a00000)
 Metaspace       used 15379K, capacity 15590K, committed 15872K, reserved 1062912K
  class space    used 1919K, capacity 2007K, committed 2048K, reserved 1048576K
}
Event: 26.518 GC heap before
{Heap before GC invocations=3 (full 0):
 PSYoungGen      total 9216K, used 9200K [0x00000000f6780000, 0x00000000f7180000, 0x0000000100000000)
  eden space 8192K, 100% used [0x00000000f6780000,0x00000000f6f80000,0x00000000f6f80000)
  from space 1024K, 98% used [0x00000000f7080000,0x00000000f717c010,0x00000000f7180000)
  to   space 1024K, 0% used [0x00000000f6f80000,0x00000000f6f80000,0x00000000f7080000)
 ParOldGen       total 20480K, used 1959K [0x00000000e3600000, 0x00000000e4a00000, 0x00000000f6780000)
  object space 20480K, 9% used [0x00000000e3600000,0x00000000e37e9d80,0x00000000e4a00000)
 Metaspace       used 15434K, capacity 15654K, committed 15872K, reserved 1062912K
  class space    used 1919K, capacity 2007K, committed 2048K, reserved 1048576K
Event: 26.525 GC heap after
Heap after GC invocations=3 (full 0):
 PSYoungGen      total 9216K, used 992K [0x00000000f6780000, 0x00000000f7180000, 0x0000000100000000)
  eden space 8192K, 0% used [0x00000000f6780000,0x00000000f6780000,0x00000000f6f80000)
  from space 1024K, 96% used [0x00000000f6f80000,0x00000000f7078020,0x00000000f7080000)
  to   space 1024K, 0% used [0x00000000f7080000,0x00000000f7080000,0x00000000f7180000)
 ParOldGen       total 20480K, used 1975K [0x00000000e3600000, 0x00000000e4a00000, 0x00000000f6780000)
  object space 20480K, 9% used [0x00000000e3600000,0x00000000e37edd90,0x00000000e4a00000)
 Metaspace       used 15434K, capacity 15654K, committed 15872K, reserved 1062912K
  class space    used 1919K, capacity 2007K, committed 2048K, reserved 1048576K
}

Deoptimization events (2 events):
Event: 0.811 Thread 0x00007f26342dd800 Uncommon trap: reason=unstable_if action=reinterpret pc=0x00007f26251b01ec method=java.lang.String.replace(CC)Ljava/lang/String; @ 26
Event: 3.049 Thread 0x00007f26342be800 Uncommon trap: reason=unstable_if action=reinterpret pc=0x00007f2625201ad8 method=java.lang.String.indexOf([CII[CIII)I @ 3

Internal exceptions (10 events):
Event: 0.135 Thread 0x00007f263400a800 Exception <a 'java/lang/NoSuchMethodError': Method sun.misc.Unsafe.prefetchRead(Ljava/lang/Object;J)V name or signature does not match> (0x00000000f6787f60) thrown at [/HUDSON3/workspace/8-2-build-linux-amd64/jdk8u102/7268/hotspot/src/share/vm/prims/jni.c
Event: 0.269 Thread 0x00007f263400a800 Exception <a 'java/security/PrivilegedActionException'> (0x00000000f685d538) thrown at [/HUDSON3/workspace/8-2-build-linux-amd64/jdk8u102/7268/hotspot/src/share/vm/prims/jvm.cpp, line 1386]
Event: 0.269 Thread 0x00007f263400a800 Exception <a 'java/security/PrivilegedActionException'> (0x00000000f685d748) thrown at [/HUDSON3/workspace/8-2-build-linux-amd64/jdk8u102/7268/hotspot/src/share/vm/prims/jvm.cpp, line 1386]
Event: 0.270 Thread 0x00007f263400a800 Exception <a 'java/security/PrivilegedActionException'> (0x00000000f68600f0) thrown at [/HUDSON3/workspace/8-2-build-linux-amd64/jdk8u102/7268/hotspot/src/share/vm/prims/jvm.cpp, line 1386]
Event: 0.270 Thread 0x00007f263400a800 Exception <a 'java/security/PrivilegedActionException'> (0x00000000f6860300) thrown at [/HUDSON3/workspace/8-2-build-linux-amd64/jdk8u102/7268/hotspot/src/share/vm/prims/jvm.cpp, line 1386]
Event: 0.375 Thread 0x00007f263400a800 Exception <a 'java/lang/NoSuchFieldError': method resolution failed> (0x00000000f692c9c0) thrown at [/HUDSON3/workspace/8-2-build-linux-amd64/jdk8u102/7268/hotspot/src/share/vm/prims/methodHandles.cpp, line 1146]
Event: 0.379 Thread 0x00007f263400a800 Exception <a 'java/lang/NoSuchFieldError': method resolution failed> (0x00000000f693a190) thrown at [/HUDSON3/workspace/8-2-build-linux-amd64/jdk8u102/7268/hotspot/src/share/vm/prims/methodHandles.cpp, line 1146]
Event: 0.440 Thread 0x00007f263400a800 Exception <a 'java/io/FileNotFoundException'> (0x00000000f69b84a0) thrown at [/HUDSON3/workspace/8-2-build-linux-amd64/jdk8u102/7268/hotspot/src/share/vm/prims/jni.cpp, line 709]
Event: 0.440 Thread 0x00007f263400a800 Exception <a 'java/io/FileNotFoundException'> (0x00000000f69b8ec0) thrown at [/HUDSON3/workspace/8-2-build-linux-amd64/jdk8u102/7268/hotspot/src/share/vm/prims/jni.cpp, line 709]
Event: 2.916 Thread 0x00007f26342be800 Exception <a 'java/lang/UnsupportedOperationException': > (0x00000000f693b7f8) thrown at [/HUDSON3/workspace/8-2-build-linux-amd64/jdk8u102/7268/hotspot/src/share/vm/prims/jni.cpp, line 735]

Events (10 events):
Event: 20.457 Thread 0x00007f25e0104800 DEOPT PACKING pc=0x00007f26253a8cfb sp=0x00007f25f5b9ddc0
Event: 20.457 Thread 0x00007f25e0104800 DEOPT UNPACKING pc=0x00007f2625047233 sp=0x00007f25f5b9dbe0 mode 0
Event: 20.466 Executing VM operation: RevokeBias
Event: 20.466 Executing VM operation: RevokeBias done
Event: 25.616 Executing VM operation: RevokeBias
Event: 25.617 Executing VM operation: RevokeBias done
Event: 26.518 Executing VM operation: ParallelGCFailedAllocation
Event: 26.525 Executing VM operation: ParallelGCFailedAllocation done
Event: 26.544 Executing VM operation: RevokeBias
Event: 26.544 Executing VM operation: RevokeBias done


Dynamic libraries:
00400000-00401000 r-xp 00000000 08:05 34275366                           /media/linux/Data/Linux/x64/jdk1.8.0_102/bin/java
00600000-00601000 rw-p 00000000 08:05 34275366                           /media/linux/Data/Linux/x64/jdk1.8.0_102/bin/java
02348000-0238b000 rw-p 00000000 00:00 0                                  [heap]
e3600000-e4a00000 rw-p 00000000 00:00 0 
e4a00000-f6780000 ---p 00000000 00:00 0 
f6780000-f7180000 rw-p 00000000 00:00 0 
f7180000-100000000 ---p 00000000 00:00 0 
100000000-100200000 rw-p 00000000 00:00 0 
100200000-140000000 ---p 00000000 00:00 0 
7f25e0000000-7f25e0403000 rw-p 00000000 00:00 0 
7f25e0403000-7f25e4000000 ---p 00000000 00:00 0 
7f25e8000000-7f25e8024000 rw-p 00000000 00:00 0 
7f25e8024000-7f25ec000000 ---p 00000000 00:00 0 
7f25ec000000-7f25ec021000 rw-p 00000000 00:00 0 
7f25ec021000-7f25f0000000 ---p 00000000 00:00 0 
7f25f0000000-7f25f02a4000 rw-p 00000000 00:00 0 
7f25f02a4000-7f25f4000000 ---p 00000000 00:00 0 
7f25f5a9f000-7f25f5aa2000 ---p 00000000 00:00 0 
7f25f5aa2000-7f25f5ba0000 rw-p 00000000 00:00 0                          [stack:18161]
7f25f5ba0000-7f25f5bab000 r--s 00000000 08:02 1314525                    /var/cache/fontconfig/945677eb7aeaf62f1d50efc3fb3ec7d8-le64.cache-4
7f25f5bab000-7f25f5be6000 r--s 00000000 08:02 1314002                    /var/cache/fontconfig/365b55f210c0a22e9a19e35191240f32-le64.cache-4
7f25f5be6000-7f25f5bed000 r--s 00000000 08:02 1314457                    /var/cache/fontconfig/3047814df9a2f067bd2d96a2b9c36e5a-le64.cache-4
7f25f5ce7000-7f25f5cea000 ---p 00000000 00:00 0 
7f25f5cea000-7f25f5de8000 rw-p 00000000 00:00 0                          [stack:18160]
7f25f5de8000-7f25f5e12000 r-xp 00000000 08:05 34275453                   /media/linux/Data/Linux/x64/jdk1.8.0_102/jre/lib/amd64/libdcpr.so
7f25f5e12000-7f25f6012000 ---p 0002a000 08:05 34275453                   /media/linux/Data/Linux/x64/jdk1.8.0_102/jre/lib/amd64/libdcpr.so
7f25f6012000-7f25f6015000 rw-p 0002a000 08:05 34275453                   /media/linux/Data/Linux/x64/jdk1.8.0_102/jre/lib/amd64/libdcpr.so
7f25f6015000-7f25f61d5000 rw-p 00000000 00:00 0 
7f25f61d5000-7f25f6215000 ---p 00000000 00:00 0 
7f25f6215000-7f25f6415000 rw-s 00000000 00:07 387013                     socket:[387013]
7f25f6415000-7f25f6427000 r--s 00000000 08:02 1841059                    /usr/share/fonts/type1/gsfonts/n019004l.pfb
7f25f6427000-7f25f6440000 r--s 00000000 08:02 1841049                    /usr/share/fonts/type1/gsfonts/n021003l.pfb
7f25f6440000-7f25f645b000 r--s 00000000 08:02 1841124                    /usr/share/fonts/type1/gsfonts/c059016l.pfb
7f25f645b000-7f25f6473000 r--s 00000000 08:02 1841065                    /usr/share/fonts/type1/gsfonts/n022003l.pfb
7f25f6473000-7f25f6483000 r--s 00000000 08:02 1841080                    /usr/share/fonts/type1/gsfonts/a010015l.pfb
7f25f6483000-7f25f648d000 r--s 00000000 08:02 2235098                    /usr/share/fonts/X11/Type1/c0582bt_.pfb
7f25f648d000-7f25f64a7000 r--s 00000000 08:02 1841097                    /usr/share/fonts/type1/gsfonts/c059013l.pfb
7f25f64a7000-7f25f64c0000 r--s 00000000 08:02 1841063                    /usr/share/fonts/type1/gsfonts/n022004l.pfb
7f25f64c0000-7f25f64d8000 r--s 00000000 08:02 1841061                    /usr/share/fonts/type1/gsfonts/c059036l.pfb
7f25f64d8000-7f25f64ef000 r--s 00000000 08:02 1841068                    /usr/share/fonts/type1/gsfonts/n021023l.pfb
7f25f64ef000-7f25f6500000 r--s 00000000 08:02 1840991                    /usr/share/fonts/type1/gsfonts/n019024l.pfb
7f25f6500000-7f25f6509000 r--s 00000000 08:02 2235083                    /usr/share/fonts/X11/Type1/c0633bt_.pfb
7f25f6509000-7f25f6512000 r--s 00000000 08:02 1841079                    /usr/share/fonts/type1/gsfonts/s050000l.pfb
7f25f6512000-7f25f651b000 r--s 00000000 08:02 2235092                    /usr/share/fonts/X11/Type1/c0649bt_.pfb
7f25f651b000-7f25f652e000 r--s 00000000 08:02 1841077                    /usr/share/fonts/type1/gsfonts/n019064l.pfb
7f25f652e000-7f25f6544000 r--s 00000000 08:02 1840994                    /usr/share/fonts/type1/gsfonts/n021024l.pfb
7f25f6544000-7f25f654d000 r--s 00000000 08:02 2235089                    /usr/share/fonts/X11/Type1/c0648bt_.pfb
7f25f654d000-7f25f655d000 r--s 00000000 08:02 1841096                    /usr/share/fonts/type1/gsfonts/a010013l.pfb
7f25f655d000-7f25f656e000 r--s 00000000 08:02 1841044                    /usr/share/fonts/type1/gsfonts/n019023l.pfb
7f25f656e000-7f25f6584000 r--s 00000000 08:02 1841026                    /usr/share/fonts/type1/gsfonts/n022024l.pfb
7f25f6584000-7f25f659a000 r--s 00000000 08:02 1841095                    /usr/share/fonts/type1/gsfonts/n022023l.pfb
7f25f659a000-7f25f65ab000 r--s 00000000 08:02 1841043                    /usr/share/fonts/type1/gsfonts/a010035l.pfb
7f25f65ab000-7f25f65c0000 r--s 00000000 08:02 1840996                    /usr/share/fonts/type1/gsfonts/b018032l.pfb
7f25f65c0000-7f25f65ca000 r--s 00000000 08:02 2235090                    /usr/share/fonts/X11/Type1/c0419bt_.pfb
7f25f65ca000-7f25f65d4000 r--s 00000000 08:02 2235091                    /usr/share/fonts/X11/Type1/c0583bt_.pfb
7f25f65d4000-7f25f65eb000 r--s 00000000 08:02 1841071                    /usr/share/fonts/type1/gsfonts/z003034l.pfb
7f25f65eb000-7f25f6607000 r--s 00000000 08:02 1841021                    /usr/share/fonts/type1/gsfonts/p052024l.pfb
7f25f6607000-7f25f6620000 r--s 00000000 08:02 1841008                    /usr/share/fonts/type1/gsfonts/n021004l.pfb
7f25f6620000-7f25f6634000 r--s 00000000 08:02 1841073                    /usr/share/fonts/type1/gsfonts/n019003l.pfb
7f25f6634000-7f25f664c000 r--s 00000000 08:02 1841083                    /usr/share/fonts/type1/gsfonts/c059033l.pfb
7f25f664c000-7f25f6658000 r--s 00000000 08:02 1841031                    /usr/share/fonts/type1/gsfonts/d050000l.pfb
7f25f6658000-7f25f666a000 r--s 00000000 08:02 1841094                    /usr/share/fonts/type1/gsfonts/n019044l.pfb
7f25f666a000-7f25f667c000 r--s 00000000 08:02 1840998                    /usr/share/fonts/type1/gsfonts/b018035l.pfb
7f25f667c000-7f25f6685000 r--s 00000000 08:02 2235085                    /usr/share/fonts/X11/Type1/c0632bt_.pfb
7f25f6685000-7f25f66a0000 r--s 00000000 08:02 1841047                    /usr/share/fonts/type1/gsfonts/p052003l.pfb
7f25f66a0000-7f25f66b2000 r--s 00000000 08:02 1841023                    /usr/share/fonts/type1/gsfonts/n019043l.pfb
7f25f66b2000-7f25f66c2000 r--s 00000000 08:02 1841110                    /usr/share/fonts/type1/gsfonts/a010033l.pfb
7f25f66c2000-7f25f66db000 r--s 00000000 08:02 1841112                    /usr/share/fonts/type1/gsfonts/b018012l.pfb
7f25f66db000-7f25f66f6000 r--s 00000000 08:02 1841069                    /usr/share/fonts/type1/gsfonts/p052023l.pfb
7f25f66f6000-7f25f6709000 r--s 00000000 08:02 1841105                    /usr/share/fonts/type1/gsfonts/b018015l.pfb
7f25f6709000-7f25f671a000 r--s 00000000 08:02 1841088                    /usr/share/fonts/type1/gsfonts/n019063l.pfb
7f25f671a000-7f25f6735000 r--s 00000000 08:02 1841089                    /usr/share/fonts/type1/gsfonts/p052004l.pfb
7f25f6735000-7f25f673f000 r--s 00000000 08:02 2235094                    /usr/share/fonts/X11/Type1/c0611bt_.pfb
7f25f673f000-7f25f67a8000 r-xp 00000000 08:05 34275505                   /media/linux/Data/Linux/x64/jdk1.8.0_102/jre/lib/amd64/libt2k.so
7f25f67a8000-7f25f69a8000 ---p 00069000 08:05 34275505                   /media/linux/Data/Linux/x64/jdk1.8.0_102/jre/lib/amd64/libt2k.so
7f25f69a8000-7f25f69af000 rw-p 00069000 08:05 34275505                   /media/linux/Data/Linux/x64/jdk1.8.0_102/jre/lib/amd64/libt2k.so
7f25f69af000-7f25f69bf000 rw-p 00000000 00:00 0 
7f25f69bf000-7f25f69d0000 r-xp 00000000 08:05 34275473                   /media/linux/Data/Linux/x64/jdk1.8.0_102/jre/lib/amd64/libnio.so
7f25f69d0000-7f25f6bcf000 ---p 00011000 08:05 34275473                   /media/linux/Data/Linux/x64/jdk1.8.0_102/jre/lib/amd64/libnio.so
7f25f6bcf000-7f25f6bd0000 rw-p 00010000 08:05 34275473                   /media/linux/Data/Linux/x64/jdk1.8.0_102/jre/lib/amd64/libnio.so
7f25f6bd0000-7f25f6ed1000 rw-p 00000000 00:00 0 
7f25f6ed1000-7f25f6ee7000 r-xp 00000000 08:05 34275448                   /media/linux/Data/Linux/x64/jdk1.8.0_102/jre/lib/amd64/libnet.so
7f25f6ee7000-7f25f70e7000 ---p 00016000 08:05 34275448                   /media/linux/Data/Linux/x64/jdk1.8.0_102/jre/lib/amd64/libnet.so
7f25f70e7000-7f25f70e8000 rw-p 00016000 08:05 34275448                   /media/linux/Data/Linux/x64/jdk1.8.0_102/jre/lib/amd64/libnet.so
7f25f70e8000-7f25f72e8000 rw-p 00000000 00:00 0 
7f25f72e8000-7f25f72eb000 ---p 00000000 00:00 0 
7f25f72eb000-7f25f73e9000 rw-p 00000000 00:00 0 
7f25f73e9000-7f25f73ec000 ---p 00000000 00:00 0 
7f25f73ec000-7f25f74ea000 rw-p 00000000 00:00 0 
7f25f74ea000-7f25f74ed000 ---p 00000000 00:00 0 
7f25f74ed000-7f25f77eb000 rw-p 00000000 00:00 0 
7f25f77eb000-7f25f77ee000 ---p 00000000 00:00 0 
7f25f77ee000-7f25f78ec000 rw-p 00000000 00:00 0                          [stack:18156]
7f25f78ec000-7f25f78ef000 ---p 00000000 00:00 0 
7f25f78ef000-7f25f79ed000 rw-p 00000000 00:00 0                          [stack:18155]
7f25f79ed000-7f25f79f0000 ---p 00000000 00:00 0 
7f25f79f0000-7f25f7aee000 rw-p 00000000 00:00 0                          [stack:18154]
7f25f7aee000-7f25f7af3000 r-xp 00000000 08:02 1581271                    /usr/lib/x86_64-linux-gnu/libXfixes.so.3.1.0
7f25f7af3000-7f25f7cf2000 ---p 00005000 08:02 1581271                    /usr/lib/x86_64-linux-gnu/libXfixes.so.3.1.0
7f25f7cf2000-7f25f7cf3000 r--p 00004000 08:02 1581271                    /usr/lib/x86_64-linux-gnu/libXfixes.so.3.1.0
7f25f7cf3000-7f25f7cf4000 rw-p 00005000 08:02 1581271                    /usr/lib/x86_64-linux-gnu/libXfixes.so.3.1.0
7f25f7cf4000-7f25f7cfe000 r-xp 00000000 08:02 1581273                    /usr/lib/x86_64-linux-gnu/libXcursor.so.1.0.2
7f25f7cfe000-7f25f7efd000 ---p 0000a000 08:02 1581273                    /usr/lib/x86_64-linux-gnu/libXcursor.so.1.0.2
7f25f7efd000-7f25f7efe000 r--p 00009000 08:02 1581273                    /usr/lib/x86_64-linux-gnu/libXcursor.so.1.0.2
7f25f7efe000-7f25f7eff000 rw-p 0000a000 08:02 1581273                    /usr/lib/x86_64-linux-gnu/libXcursor.so.1.0.2
7f25f7eff000-7f25f7f02000 ---p 00000000 00:00 0 
7f25f7f02000-7f25f8000000 rw-p 00000000 00:00 0                          [stack:18153]
7f25f8000000-7f25f8021000 rw-p 00000000 00:00 0 
7f25f8021000-7f25fc000000 ---p 00000000 00:00 0 
7f25fc000000-7f25fc021000 rw-p 00000000 00:00 0 
7f25fc021000-7f2600000000 ---p 00000000 00:00 0 
7f2600000000-7f26001fe000 rw-p 00000000 00:00 0 
7f26001fe000-7f2604000000 ---p 00000000 00:00 0 
7f2604000000-7f2604371000 rw-p 00000000 00:00 0 
7f2604371000-7f2608000000 ---p 00000000 00:00 0 
7f2608000000-7f2608021000 rw-p 00000000 00:00 0 
7f2608021000-7f260c000000 ---p 00000000 00:00 0 
7f260c000000-7f260c021000 rw-p 00000000 00:00 0 
7f260c021000-7f2610000000 ---p 00000000 00:00 0 
7f2610000000-7f2610021000 rw-p 00000000 00:00 0 
7f2610021000-7f2614000000 ---p 00000000 00:00 0 
7f2614000000-7f2614021000 rw-p 00000000 00:00 0 
7f2614021000-7f2618000000 ---p 00000000 00:00 0 
7f2618000000-7f2618021000 rw-p 00000000 00:00 0 
7f2618021000-7f261c000000 ---p 00000000 00:00 0 
7f261c005000-7f261c018000 r--s 00000000 08:02 1314050                    /var/cache/fontconfig/d52a8644073d54c13679302ca1180695-le64.cache-4
7f261c018000-7f261c02e000 r-xp 00000000 08:02 2883588                    /lib/x86_64-linux-gnu/libgcc_s.so.1
7f261c02e000-7f261c22d000 ---p 00016000 08:02 2883588                    /lib/x86_64-linux-gnu/libgcc_s.so.1
7f261c22d000-7f261c22e000 rw-p 00015000 08:02 2883588                    /lib/x86_64-linux-gnu/libgcc_s.so.1
7f261c22e000-7f261c293000 r-xp 00000000 08:05 34275467                   /media/linux/Data/Linux/x64/jdk1.8.0_102/jre/lib/amd64/libfontmanager.so
7f261c293000-7f261c492000 ---p 00065000 08:05 34275467                   /media/linux/Data/Linux/x64/jdk1.8.0_102/jre/lib/amd64/libfontmanager.so
7f261c492000-7f261c497000 rw-p 00064000 08:05 34275467                   /media/linux/Data/Linux/x64/jdk1.8.0_102/jre/lib/amd64/libfontmanager.so
7f261c497000-7f261c4a7000 rw-p 00000000 00:00 0 
7f261c4a7000-7f261c4ac000 r-xp 00000000 08:02 1580646                    /usr/lib/x86_64-linux-gnu/libXdmcp.so.6.0.0
7f261c4ac000-7f261c6ab000 ---p 00005000 08:02 1580646                    /usr/lib/x86_64-linux-gnu/libXdmcp.so.6.0.0
7f261c6ab000-7f261c6ac000 rw-p 00004000 08:02 1580646                    /usr/lib/x86_64-linux-gnu/libXdmcp.so.6.0.0
7f261c6ac000-7f261c6af000 r-xp 00000000 08:02 1580644                    /usr/lib/x86_64-linux-gnu/libXau.so.6.0.0
7f261c6af000-7f261c8ae000 ---p 00003000 08:02 1580644                    /usr/lib/x86_64-linux-gnu/libXau.so.6.0.0
7f261c8ae000-7f261c8af000 r--p 00002000 08:02 1580644                    /usr/lib/x86_64-linux-gnu/libXau.so.6.0.0
7f261c8af000-7f261c8b0000 rw-p 00003000 08:02 1580644                    /usr/lib/x86_64-linux-gnu/libXau.so.6.0.0
7f261c8b0000-7f261c8d1000 r-xp 00000000 08:02 1580648                    /usr/lib/x86_64-linux-gnu/libxcb.so.1.1.0
7f261c8d1000-7f261cad0000 ---p 00021000 08:02 1580648                    /usr/lib/x86_64-linux-gnu/libxcb.so.1.1.0
7f261cad0000-7f261cad1000 r--p 00020000 08:02 1580648                    /usr/lib/x86_64-linux-gnu/libxcb.so.1.1.0
7f261cad1000-7f261cad2000 rw-p 00021000 08:02 1580648                    /usr/lib/x86_64-linux-gnu/libxcb.so.1.1.0
7f261cad2000-7f261cae1000 r-xp 00000000 08:02 1581277                    /usr/lib/x86_64-linux-gnu/libXi.so.6.1.0
7f261cae1000-7f261cce0000 ---p 0000f000 08:02 1581277                    /usr/lib/x86_64-linux-gnu/libXi.so.6.1.0
7f261cce0000-7f261cce1000 r--p 0000e000 08:02 1581277                    /usr/lib/x86_64-linux-gnu/libXi.so.6.1.0
7f261cce1000-7f261cce2000 rw-p 0000f000 08:02 1581277                    /usr/lib/x86_64-linux-gnu/libXi.so.6.1.0
7f261cce2000-7f261cce7000 r-xp 00000000 08:02 1583208                    /usr/lib/x86_64-linux-gnu/libXtst.so.6.1.0
7f261cce7000-7f261cee6000 ---p 00005000 08:02 1583208                    /usr/lib/x86_64-linux-gnu/libXtst.so.6.1.0
7f261cee6000-7f261cee7000 r--p 00004000 08:02 1583208                    /usr/lib/x86_64-linux-gnu/libXtst.so.6.1.0
7f261cee7000-7f261cee8000 rw-p 00005000 08:02 1583208                    /usr/lib/x86_64-linux-gnu/libXtst.so.6.1.0
7f261cee8000-7f261cef1000 r-xp 00000000 08:02 1580768                    /usr/lib/x86_64-linux-gnu/libXrender.so.1.3.0
7f261cef1000-7f261d0f0000 ---p 00009000 08:02 1580768                    /usr/lib/x86_64-linux-gnu/libXrender.so.1.3.0
7f261d0f0000-7f261d0f1000 r--p 00008000 08:02 1580768                    /usr/lib/x86_64-linux-gnu/libXrender.so.1.3.0
7f261d0f1000-7f261d0f2000 rw-p 00009000 08:02 1580768                    /usr/lib/x86_64-linux-gnu/libXrender.so.1.3.0
7f261d0f2000-7f261d22e000 r-xp 00000000 08:02 1580652                    /usr/lib/x86_64-linux-gnu/libX11.so.6.3.0
7f261d22e000-7f261d42d000 ---p 0013c000 08:02 1580652                    /usr/lib/x86_64-linux-gnu/libX11.so.6.3.0
7f261d42d000-7f261d42f000 r--p 0013b000 08:02 1580652                    /usr/lib/x86_64-linux-gnu/libX11.so.6.3.0
7f261d42f000-7f261d434000 rw-p 0013d000 08:02 1580652                    /usr/lib/x86_64-linux-gnu/libX11.so.6.3.0
7f261d434000-7f261d435000 rw-p 00000000 00:00 0 
7f261d435000-7f261d446000 r-xp 00000000 08:02 1580766                    /usr/lib/x86_64-linux-gnu/libXext.so.6.4.0
7f261d446000-7f261d645000 ---p 00011000 08:02 1580766                    /usr/lib/x86_64-linux-gnu/libXext.so.6.4.0
7f261d645000-7f261d646000 r--p 00010000 08:02 1580766                    /usr/lib/x86_64-linux-gnu/libXext.so.6.4.0
7f261d646000-7f261d647000 rw-p 00011000 08:02 1580766                    /usr/lib/x86_64-linux-gnu/libXext.so.6.4.0
7f261d647000-7f261d69b000 r-xp 00000000 08:05 34275475                   /media/linux/Data/Linux/x64/jdk1.8.0_102/jre/lib/amd64/libawt_xawt.so
7f261d69b000-7f261d89b000 ---p 00054000 08:05 34275475                   /media/linux/Data/Linux/x64/jdk1.8.0_102/jre/lib/amd64/libawt_xawt.so
7f261d89b000-7f261d89f000 rw-p 00054000 08:05 34275475                   /media/linux/Data/Linux/x64/jdk1.8.0_102/jre/lib/amd64/libawt_xawt.so
7f261d89f000-7f261d8a0000 rw-p 00000000 00:00 0 
7f261d8a0000-7f261d942000 r-xp 00000000 08:05 34275508                   /media/linux/Data/Linux/x64/jdk1.8.0_102/jre/lib/amd64/libawt.so
7f261d942000-7f261db42000 ---p 000a2000 08:05 34275508                   /media/linux/Data/Linux/x64/jdk1.8.0_102/jre/lib/amd64/libawt.so
7f261db42000-7f261db4e000 rw-p 000a2000 08:05 34275508                   /media/linux/Data/Linux/x64/jdk1.8.0_102/jre/lib/amd64/libawt.so
7f261db4e000-7f261db72000 rw-p 00000000 00:00 0 
7f261db72000-7f261db7f000 r-xp 00000000 08:02 1722385                    /usr/local/lib/libdnet.so.1.0.1
7f261db7f000-7f261dd7f000 ---p 0000d000 08:02 1722385                    /usr/local/lib/libdnet.so.1.0.1
7f261dd7f000-7f261dd81000 rw-p 0000d000 08:02 1722385                    /usr/local/lib/libdnet.so.1.0.1
7f261dd81000-7f261dd83000 rw-p 00000000 00:00 0 
7f261dd83000-7f261ddc0000 r-xp 00000000 08:02 1600076                    /usr/lib/x86_64-linux-gnu/libpcap.so.1.6.2
7f261ddc0000-7f261dfbf000 ---p 0003d000 08:02 1600076                    /usr/lib/x86_64-linux-gnu/libpcap.so.1.6.2
7f261dfbf000-7f261dfc1000 r--p 0003c000 08:02 1600076                    /usr/lib/x86_64-linux-gnu/libpcap.so.1.6.2
7f261dfc1000-7f261dfc2000 rw-p 0003e000 08:02 1600076                    /usr/lib/x86_64-linux-gnu/libpcap.so.1.6.2
7f261dfc2000-7f261dfc3000 rw-p 00000000 00:00 0 
7f261dfc3000-7f261dfd0000 r-xp 00000000 08:02 1596281                    /usr/lib/libjxnet.so
7f261dfd0000-7f261e1cf000 ---p 0000d000 08:02 1596281                    /usr/lib/libjxnet.so
7f261e1cf000-7f261e1d0000 rw-p 0000c000 08:02 1596281                    /usr/lib/libjxnet.so
7f261e1d0000-7f261e1d1000 ---p 00000000 00:00 0 
7f261e1d1000-7f261e2d1000 rw-p 00000000 00:00 0                          [stack:18152]
7f261e2d1000-7f261e2d4000 ---p 00000000 00:00 0 
7f261e2d4000-7f261e3d2000 rw-p 00000000 00:00 0                          [stack:18151]
7f261e3d2000-7f261e3d5000 ---p 00000000 00:00 0 
7f261e3d5000-7f261e4d3000 rw-p 00000000 00:00 0                          [stack:18150]
7f261e4d3000-7f261e4d6000 ---p 00000000 00:00 0 
7f261e4d6000-7f261e5d4000 rw-p 00000000 00:00 0                          [stack:18149]
7f261e5d4000-7f261e5d7000 ---p 00000000 00:00 0 
7f261e5d7000-7f261e6d5000 rw-p 00000000 00:00 0                          [stack:18148]
7f261e6d5000-7f261e85e000 r--p 00000000 08:02 1585446                    /usr/lib/locale/locale-archive
7f261e85e000-7f261e861000 ---p 00000000 00:00 0 
7f261e861000-7f261e95f000 rw-p 00000000 00:00 0                          [stack:18147]
7f261e95f000-7f261e962000 ---p 00000000 00:00 0 
7f261e962000-7f261ea60000 rw-p 00000000 00:00 0                          [stack:18146]
7f261ea60000-7f261ea61000 ---p 00000000 00:00 0 
7f261ea61000-7f261f4cd000 rw-p 00000000 00:00 0                          [stack:18145]
7f261f4cd000-7f261f6a5000 r--s 03d29000 08:05 34275440                   /media/linux/Data/Linux/x64/jdk1.8.0_102/jre/lib/rt.jar
7f261f6a5000-7f2620000000 rw-p 00000000 00:00 0 
7f2620000000-7f2620021000 rw-p 00000000 00:00 0 
7f2620021000-7f2624000000 ---p 00000000 00:00 0 
7f2624001000-7f2624005000 r--s 00097000 08:05 34275392                   /media/linux/Data/Linux/x64/jdk1.8.0_102/jre/lib/jsse.jar
7f2624005000-7f2624eff000 rw-p 00000000 00:00 0 
7f2624eff000-7f2624f00000 ---p 00000000 00:00 0 
7f2624f00000-7f2625000000 rw-p 00000000 00:00 0                          [stack:18142]
7f2625000000-7f2625420000 rwxp 00000000 00:00 0 
7f2625420000-7f2634000000 ---p 00000000 00:00 0 
7f2634000000-7f2634621000 rw-p 00000000 00:00 0 
7f2634621000-7f2638000000 ---p 00000000 00:00 0 
7f2638001000-7f2638003000 rw-p 00000000 00:00 0 
7f2638003000-7f263800e000 r--s 00000000 08:02 1314024                    /var/cache/fontconfig/d589a48862398ed80a3d6066f4f56f4c-le64.cache-4
7f263800e000-7f263801b000 r--s 00000000 08:02 1311801                    /var/cache/fontconfig/e13b20fdb08344e0e664864cc2ede53d-le64.cache-4
7f263801b000-7f263801c000 ---p 00000000 00:00 0 
7f263801c000-7f2638126000 rw-p 00000000 00:00 0                          [stack:18141]
7f2638126000-7f26381b4000 ---p 00000000 00:00 0 
7f26381b4000-7f26381ba000 rw-p 00000000 00:00 0 
7f26381ba000-7f2638201000 ---p 00000000 00:00 0 
7f2638201000-7f2638213000 rw-p 00000000 00:00 0 
7f2638213000-7f26385c2000 ---p 00000000 00:00 0 
7f26385c2000-7f26385dc000 r-xp 00000000 08:05 34275471                   /media/linux/Data/Linux/x64/jdk1.8.0_102/jre/lib/amd64/libzip.so
7f26385dc000-7f26387dc000 ---p 0001a000 08:05 34275471                   /media/linux/Data/Linux/x64/jdk1.8.0_102/jre/lib/amd64/libzip.so
7f26387dc000-7f26387dd000 rw-p 0001a000 08:05 34275471                   /media/linux/Data/Linux/x64/jdk1.8.0_102/jre/lib/amd64/libzip.so
7f26387dd000-7f26387e8000 r-xp 00000000 08:02 2891013                    /lib/x86_64-linux-gnu/libnss_files-2.19.so
7f26387e8000-7f26389e7000 ---p 0000b000 08:02 2891013                    /lib/x86_64-linux-gnu/libnss_files-2.19.so
7f26389e7000-7f26389e8000 r--p 0000a000 08:02 2891013                    /lib/x86_64-linux-gnu/libnss_files-2.19.so
7f26389e8000-7f26389e9000 rw-p 0000b000 08:02 2891013                    /lib/x86_64-linux-gnu/libnss_files-2.19.so
7f26389e9000-7f26389f3000 r-xp 00000000 08:02 2891015                    /lib/x86_64-linux-gnu/libnss_nis-2.19.so
7f26389f3000-7f2638bf2000 ---p 0000a000 08:02 2891015                    /lib/x86_64-linux-gnu/libnss_nis-2.19.so
7f2638bf2000-7f2638bf3000 r--p 00009000 08:02 2891015                    /lib/x86_64-linux-gnu/libnss_nis-2.19.so
7f2638bf3000-7f2638bf4000 rw-p 0000a000 08:02 2891015                    /lib/x86_64-linux-gnu/libnss_nis-2.19.so
7f2638bf4000-7f2638c09000 r-xp 00000000 08:02 2890799                    /lib/x86_64-linux-gnu/libnsl-2.19.so
7f2638c09000-7f2638e08000 ---p 00015000 08:02 2890799                    /lib/x86_64-linux-gnu/libnsl-2.19.so
7f2638e08000-7f2638e09000 r--p 00014000 08:02 2890799                    /lib/x86_64-linux-gnu/libnsl-2.19.so
7f2638e09000-7f2638e0a000 rw-p 00015000 08:02 2890799                    /lib/x86_64-linux-gnu/libnsl-2.19.so
7f2638e0a000-7f2638e0c000 rw-p 00000000 00:00 0 
7f2638e0c000-7f2638e13000 r-xp 00000000 08:02 2890995                    /lib/x86_64-linux-gnu/libnss_compat-2.19.so
7f2638e13000-7f2639012000 ---p 00007000 08:02 2890995                    /lib/x86_64-linux-gnu/libnss_compat-2.19.so
7f2639012000-7f2639013000 r--p 00006000 08:02 2890995                    /lib/x86_64-linux-gnu/libnss_compat-2.19.so
7f2639013000-7f2639014000 rw-p 00007000 08:02 2890995                    /lib/x86_64-linux-gnu/libnss_compat-2.19.so
7f2639014000-7f263903e000 r-xp 00000000 08:05 34275498                   /media/linux/Data/Linux/x64/jdk1.8.0_102/jre/lib/amd64/libjava.so
7f263903e000-7f263923e000 ---p 0002a000 08:05 34275498                   /media/linux/Data/Linux/x64/jdk1.8.0_102/jre/lib/amd64/libjava.so
7f263923e000-7f2639240000 rw-p 0002a000 08:05 34275498                   /media/linux/Data/Linux/x64/jdk1.8.0_102/jre/lib/amd64/libjava.so
7f2639240000-7f263924d000 r-xp 00000000 08:05 34275449                   /media/linux/Data/Linux/x64/jdk1.8.0_102/jre/lib/amd64/libverify.so
7f263924d000-7f263944d000 ---p 0000d000 08:05 34275449                   /media/linux/Data/Linux/x64/jdk1.8.0_102/jre/lib/amd64/libverify.so
7f263944d000-7f263944f000 rw-p 0000d000 08:05 34275449                   /media/linux/Data/Linux/x64/jdk1.8.0_102/jre/lib/amd64/libverify.so
7f263944f000-7f2639456000 r-xp 00000000 08:02 2891067                    /lib/x86_64-linux-gnu/librt-2.19.so
7f2639456000-7f2639655000 ---p 00007000 08:02 2891067                    /lib/x86_64-linux-gnu/librt-2.19.so
7f2639655000-7f2639656000 r--p 00006000 08:02 2891067                    /lib/x86_64-linux-gnu/librt-2.19.so
7f2639656000-7f2639657000 rw-p 00007000 08:02 2891067                    /lib/x86_64-linux-gnu/librt-2.19.so
7f2639657000-7f2639757000 r-xp 00000000 08:02 2890797                    /lib/x86_64-linux-gnu/libm-2.19.so
7f2639757000-7f2639956000 ---p 00100000 08:02 2890797                    /lib/x86_64-linux-gnu/libm-2.19.so
7f2639956000-7f2639957000 r--p 000ff000 08:02 2890797                    /lib/x86_64-linux-gnu/libm-2.19.so
7f2639957000-7f2639958000 rw-p 00100000 08:02 2890797                    /lib/x86_64-linux-gnu/libm-2.19.so
7f2639958000-7f263a624000 r-xp 00000000 08:05 34275502                   /media/linux/Data/Linux/x64/jdk1.8.0_102/jre/lib/amd64/server/libjvm.so
7f263a624000-7f263a824000 ---p 00ccc000 08:05 34275502                   /media/linux/Data/Linux/x64/jdk1.8.0_102/jre/lib/amd64/server/libjvm.so
7f263a824000-7f263a8fd000 rw-p 00ccc000 08:05 34275502                   /media/linux/Data/Linux/x64/jdk1.8.0_102/jre/lib/amd64/server/libjvm.so
7f263a8fd000-7f263a948000 rw-p 00000000 00:00 0 
7f263a948000-7f263aae9000 r-xp 00000000 08:02 2890793                    /lib/x86_64-linux-gnu/libc-2.19.so
7f263aae9000-7f263ace9000 ---p 001a1000 08:02 2890793                    /lib/x86_64-linux-gnu/libc-2.19.so
7f263ace9000-7f263aced000 r--p 001a1000 08:02 2890793                    /lib/x86_64-linux-gnu/libc-2.19.so
7f263aced000-7f263acef000 rw-p 001a5000 08:02 2890793                    /lib/x86_64-linux-gnu/libc-2.19.so
7f263acef000-7f263acf3000 rw-p 00000000 00:00 0 
7f263acf3000-7f263acf6000 r-xp 00000000 08:02 2890796                    /lib/x86_64-linux-gnu/libdl-2.19.so
7f263acf6000-7f263aef5000 ---p 00003000 08:02 2890796                    /lib/x86_64-linux-gnu/libdl-2.19.so
7f263aef5000-7f263aef6000 r--p 00002000 08:02 2890796                    /lib/x86_64-linux-gnu/libdl-2.19.so
7f263aef6000-7f263aef7000 rw-p 00003000 08:02 2890796                    /lib/x86_64-linux-gnu/libdl-2.19.so
7f263aef7000-7f263af0c000 r-xp 00000000 08:05 34243136                   /media/linux/Data/Linux/x64/jdk1.8.0_102/lib/amd64/jli/libjli.so
7f263af0c000-7f263b10c000 ---p 00015000 08:05 34243136                   /media/linux/Data/Linux/x64/jdk1.8.0_102/lib/amd64/jli/libjli.so
7f263b10c000-7f263b10d000 rw-p 00015000 08:05 34243136                   /media/linux/Data/Linux/x64/jdk1.8.0_102/lib/amd64/jli/libjli.so
7f263b10d000-7f263b125000 r-xp 00000000 08:02 2886973                    /lib/x86_64-linux-gnu/libpthread-2.19.so
7f263b125000-7f263b324000 ---p 00018000 08:02 2886973                    /lib/x86_64-linux-gnu/libpthread-2.19.so
7f263b324000-7f263b325000 r--p 00017000 08:02 2886973                    /lib/x86_64-linux-gnu/libpthread-2.19.so
7f263b325000-7f263b326000 rw-p 00018000 08:02 2886973                    /lib/x86_64-linux-gnu/libpthread-2.19.so
7f263b326000-7f263b32a000 rw-p 00000000 00:00 0 
7f263b32a000-7f263b34a000 r-xp 00000000 08:02 2890131                    /lib/x86_64-linux-gnu/ld-2.19.so
7f263b34a000-7f263b34f000 r--s 0002c000 08:02 1855570                    /root/.gradle/caches/modules-2/files-2.1/commons-net/commons-net/2.0/1f75887afe587df7c2435f2f6d3199f05a324c8d/commons-net-2.0.jar
7f263b34f000-7f263b350000 r--s 00000000 08:02 1314480                    /var/cache/fontconfig/4794a0821666d79190d59a36cb4f44b5-le64.cache-4
7f263b350000-7f263b368000 r--s 00000000 08:02 1841065                    /usr/share/fonts/type1/gsfonts/n022003l.pfb
7f263b368000-7f263b39a000 rw-p 00000000 00:00 0 
7f263b39a000-7f263b429000 ---p 00000000 00:00 0 
7f263b429000-7f263b42c000 ---p 00000000 00:00 0 
7f263b42c000-7f263b52e000 rw-p 00000000 00:00 0                          [stack:18140]
7f263b52e000-7f263b531000 r--s 00000000 08:02 1314275                    /var/cache/fontconfig/e49e89034d371f0f9de17aab02136486-le64.cache-4
7f263b531000-7f263b533000 r--s 00000000 08:02 1314265                    /var/cache/fontconfig/4b14b093aebc79c320de5e86ae1d3314-le64.cache-4
7f263b533000-7f263b535000 r--s 0011d000 08:02 1839875                    /root/NetBeansProjects/OpenNetcut/libs/Jxnet-1.1.0-SNAPSHOT.jar
7f263b535000-7f263b53e000 rw-p 00000000 00:00 0 
7f263b53e000-7f263b546000 rw-s 00000000 08:02 1855502                    /tmp/hsperfdata_root/18137
7f263b546000-7f263b547000 rw-p 00000000 00:00 0 
7f263b547000-7f263b548000 ---p 00000000 00:00 0 
7f263b548000-7f263b54a000 rw-p 00000000 00:00 0 
7f263b54a000-7f263b54b000 r--p 00020000 08:02 2890131                    /lib/x86_64-linux-gnu/ld-2.19.so
7f263b54b000-7f263b54c000 rw-p 00021000 08:02 2890131                    /lib/x86_64-linux-gnu/ld-2.19.so
7f263b54c000-7f263b54d000 rw-p 00000000 00:00 0 
7ffd472dc000-7ffd472fd000 rw-p 00000000 00:00 0                          [stack]
7ffd473f3000-7ffd473f5000 r-xp 00000000 00:00 0                          [vdso]
7ffd473f5000-7ffd473f7000 r--p 00000000 00:00 0                          [vvar]
ffffffffff600000-ffffffffff601000 r-xp 00000000 00:00 0                  [vsyscall]

VM Arguments:
jvm_args: -Dfile.encoding=UTF-8 -Duser.country=US -Duser.language=en -Duser.variant 
java_command: com.ardikars.opennetcut.Main
java_class_path (initial): /root/NetBeansProjects/OpenNetcut/build/classes/main:/root/NetBeansProjects/OpenNetcut/build/resources/main:/root/NetBeansProjects/OpenNetcut/libs/Jxnet-1.1.0-SNAPSHOT.jar:/root/.gradle/caches/modules-2/files-2.1/commons-net/commons-net/2.0/1f75887afe587df7c2435f2f6d3199f05a324c8d/commons-net-2.0.jar:/root/.gradle/caches/modules-2/files-2.1/commons-validator/commons-validator/1.4.0/42fa1046955ade59f5354a1876cfc523cea33815/commons-validator-1.4.0.jar:/root/.gradle/caches/modules-2/files-2.1/commons-beanutils/commons-beanutils/1.8.3/686ef3410bcf4ab8ce7fd0b899e832aaba5facf7/commons-beanutils-1.8.3.jar:/root/.gradle/caches/modules-2/files-2.1/commons-digester/commons-digester/1.8/dc6a73fdbd1fa3f0944e8497c6c872fa21dca37e/commons-digester-1.8.jar:/root/.gradle/caches/modules-2/files-2.1/commons-logging/commons-logging/1.1.1/5043bfebc3db072ed80fbd362e7caf00e885d8ae/commons-logging-1.1.1.jar
Launcher Type: SUN_STANDARD

Environment Variables:
PATH=/media/linux/Data/MultiPlatform/gradle/bin:/usr/local/sbin:/usr/local/bin:/usr/sbin:/usr/bin:/sbin:/bin
LD_LIBRARY_PATH=/media/linux/Data/Linux/x64/jdk1.8.0_102/bin/../jre/lib/amd64:/media/linux/Data/Linux/x64/jdk1.8.0_102/bin/../jre/lib/i386:
SHELL=/bin/bash
DISPLAY=:0.0

Signal Handlers:
SIGSEGV: [libjvm.so+0xac5b30], sa_mask[0]=11111111011111111101111111111110, sa_flags=SA_RESTART|SA_SIGINFO
SIGBUS: [libjvm.so+0xac5b30], sa_mask[0]=11111111011111111101111111111110, sa_flags=SA_RESTART|SA_SIGINFO
SIGFPE: [libjvm.so+0x91f470], sa_mask[0]=11111111011111111101111111111110, sa_flags=SA_RESTART|SA_SIGINFO
SIGPIPE: [libjvm.so+0x91f470], sa_mask[0]=11111111011111111101111111111110, sa_flags=SA_RESTART|SA_SIGINFO
SIGXFSZ: [libjvm.so+0x91f470], sa_mask[0]=11111111011111111101111111111110, sa_flags=SA_RESTART|SA_SIGINFO
SIGILL: [libjvm.so+0x91f470], sa_mask[0]=11111111011111111101111111111110, sa_flags=SA_RESTART|SA_SIGINFO
SIGUSR1: SIG_DFL, sa_mask[0]=00000000000000000000000000000000, sa_flags=none
SIGUSR2: [libjvm.so+0x920aa0], sa_mask[0]=00100000000000000000000000000000, sa_flags=SA_RESTART|SA_SIGINFO
SIGHUP: [libjvm.so+0x921ea0], sa_mask[0]=11111111011111111101111111111110, sa_flags=SA_RESTART|SA_SIGINFO
SIGINT: SIG_IGN, sa_mask[0]=00000000000000000000000000000000, sa_flags=none
SIGTERM: [libjvm.so+0x921ea0], sa_mask[0]=11111111011111111101111111111110, sa_flags=SA_RESTART|SA_SIGINFO
SIGQUIT: [libjvm.so+0x921ea0], sa_mask[0]=11111111011111111101111111111110, sa_flags=SA_RESTART|SA_SIGINFO


---------------  S Y S T E M  ---------------

OS:PRETTY_NAME="Debian GNU/Linux 8 (jessie)"
NAME="Debian GNU/Linux"
VERSION_ID="8"
VERSION="8 (jessie)"
ID=debian
HOME_URL="http://www.debian.org/"
SUPPORT_URL="http://www.debian.org/support"
BUG_REPORT_URL="https://bugs.debian.org/"

uname:Linux 3.16.0-4-amd64 #1 SMP Debian 3.16.36-1+deb8u2 (2016-10-19) x86_64
libc:glibc 2.19 NPTL 2.19 
rlimit: STACK 8192k, CORE 0k, NPROC 7250, NOFILE 65536, AS infinity
load average:0.25 0.49 0.45

/proc/meminfo:
MemTotal:        1873984 kB
MemFree:          112216 kB
MemAvailable:      98208 kB
Buffers:            7992 kB
Cached:           123988 kB
SwapCached:       247880 kB
Active:          1229724 kB
Inactive:         419292 kB
Active(anon):    1142104 kB
Inactive(anon):   396304 kB
Active(file):      87620 kB
Inactive(file):    22988 kB
Unevictable:          32 kB
Mlocked:              32 kB
SwapTotal:       4095996 kB
SwapFree:        3361472 kB
Dirty:               432 kB
Writeback:             0 kB
AnonPages:       1470000 kB
Mapped:            61624 kB
Shmem:             21264 kB
Slab:              55776 kB
SReclaimable:      30308 kB
SUnreclaim:        25468 kB
KernelStack:        6384 kB
PageTables:        24028 kB
NFS_Unstable:          0 kB
Bounce:                0 kB
WritebackTmp:          0 kB
CommitLimit:     5032988 kB
Committed_AS:    3986972 kB
VmallocTotal:   34359738367 kB
VmallocUsed:      344580 kB
VmallocChunk:   34359358224 kB
HardwareCorrupted:     0 kB
AnonHugePages:         0 kB
HugePages_Total:       0
HugePages_Free:        0
HugePages_Rsvd:        0
HugePages_Surp:        0
Hugepagesize:       2048 kB
DirectMap4k:      135416 kB
DirectMap2M:     1845248 kB


CPU:total 2 (2 cores per cpu, 1 threads per core) family 6 model 58 stepping 9, cmov, cx8, fxsr, mmx, sse, sse2, sse3, ssse3, sse4.1, sse4.2, popcnt, clmul, erms, tsc, tscinvbit, tscinv

/proc/cpuinfo:
processor	: 0
vendor_id	: GenuineIntel
cpu family	: 6
model		: 58
model name	: Intel(R) Celeron(R) CPU 1007U @ 1.50GHz
stepping	: 9
microcode	: 0x17
cpu MHz		: 1099.746
cache size	: 2048 KB
physical id	: 0
siblings	: 2
core id		: 0
cpu cores	: 2
apicid		: 0
initial apicid	: 0
fpu		: yes
fpu_exception	: yes
cpuid level	: 13
wp		: yes
flags		: fpu vme de pse tsc msr pae mce cx8 apic sep mtrr pge mca cmov pat pse36 clflush dts acpi mmx fxsr sse sse2 ss ht tm pbe syscall nx rdtscp lm constant_tsc arch_perfmon pebs bts rep_good nopl xtopology nonstop_tsc aperfmperf eagerfpu pni pclmulqdq dtes64 monitor ds_cpl vmx est tm2 ssse3 cx16 xtpr pdcm pcid sse4_1 sse4_2 x2apic popcnt tsc_deadline_timer xsave lahf_lm arat epb xsaveopt pln pts dtherm tpr_shadow vnmi flexpriority ept vpid fsgsbase smep erms
bogomips	: 2993.18
clflush size	: 64
cache_alignment	: 64
address sizes	: 36 bits physical, 48 bits virtual
power management:

processor	: 1
vendor_id	: GenuineIntel
cpu family	: 6
model		: 58
model name	: Intel(R) Celeron(R) CPU 1007U @ 1.50GHz
stepping	: 9
microcode	: 0x17
cpu MHz		: 1033.066
cache size	: 2048 KB
physical id	: 0
siblings	: 2
core id		: 1
cpu cores	: 2
apicid		: 2
initial apicid	: 2
fpu		: yes
fpu_exception	: yes
cpuid level	: 13
wp		: yes
flags		: fpu vme de pse tsc msr pae mce cx8 apic sep mtrr pge mca cmov pat pse36 clflush dts acpi mmx fxsr sse sse2 ss ht tm pbe syscall nx rdtscp lm constant_tsc arch_perfmon pebs bts rep_good nopl xtopology nonstop_tsc aperfmperf eagerfpu pni pclmulqdq dtes64 monitor ds_cpl vmx est tm2 ssse3 cx16 xtpr pdcm pcid sse4_1 sse4_2 x2apic popcnt tsc_deadline_timer xsave lahf_lm arat epb xsaveopt pln pts dtherm tpr_shadow vnmi flexpriority ept vpid fsgsbase smep erms
bogomips	: 2993.18
clflush size	: 64
cache_alignment	: 64
address sizes	: 36 bits physical, 48 bits virtual
power management:



Memory: 4k page, physical 1873984k(112216k free), swap 4095996k(3361472k free)

vm_info: Java HotSpot(TM) 64-Bit Server VM (25.102-b14) for linux-amd64 JRE (1.8.0_102-b14), built on Jun 22 2016 18:43:17 by "java_re" with gcc 4.3.0 20080428 (Red Hat 4.3.0-8)

time: Fri Feb  3 09:27:19 2017
elapsed time: 41 seconds (0d 0h 0m 41s)

