#
# A fatal error has been detected by the Java Runtime Environment:
#
#  SIGSEGV (0xb) at pc=0x00007f8c7f341eb2, pid=17917, tid=0x00007f8c60ba0700
#
# JRE version: Java(TM) SE Runtime Environment (8.0_102-b14) (build 1.8.0_102-b14)
# Java VM: Java HotSpot(TM) 64-Bit Server VM (25.102-b14 mixed mode linux-amd64 compressed oops)
# Problematic frame:
# V  [libjvm.so+0x6e8eb2]  jni_GetFieldID+0x122
#
# Failed to write core dump. Core dumps have been disabled. To enable core dumping, try "ulimit -c unlimited" before starting Java again
#
# If you would like to submit a bug report, please visit:
#   http://bugreport.java.com/bugreport/crash.jsp
#

---------------  T H R E A D  ---------------

Current thread (0x00007f8c2810e000):  JavaThread "Thread-0" [_thread_in_vm, id=18005, stack(0x00007f8c60aa0000,0x00007f8c60ba1000)]

siginfo: si_signo: 11 (SIGSEGV), si_code: 128 (SI_KERNEL), si_addr: 0x0000000000000000

Registers:
RAX=0x0073006b0072006f, RBX=0x0073006b0072006f, RCX=0x0000000000000001, RDX=0x0000000000040021
RSP=0x00007f8c60b9f6a0, RBP=0x00007f8c60b9f740, RSI=0x00007f8c63269caf, RDI=0x00000000f6c2b510
R8 =0x00000000000000fe, R9 =0x0000000000000000, R10=0x0000000000000001, R11=0x000000002255c7ac
R12=0x00007f8c2810e000, R13=0x0000000000000000, R14=0x00007f8c7819b390, R15=0x00007f8c7819a670
RIP=0x00007f8c7f341eb2, EFLAGS=0x0000000000010246, CSGSFS=0x0000000000000033, ERR=0x0000000000000000
  TRAPNO=0x000000000000000d

Top of Stack: (sp=0x00007f8c60b9f6a0)
0x00007f8c60b9f6a0:   00007f8c60b9f6c0 00007f8c60b9f6e0
0x00007f8c60b9f6b0:   00007f8c63269431 00007f8c28003a58
0x00007f8c60b9f6c0:   00007f8c2810e000 0000000000000000
0x00007f8c60b9f6d0:   00007f8c60b9f760 00007f8c7f2e171f
0x00007f8c60b9f6e0:   0000000000000002 00007f8c60a4a8f8
0x00007f8c60b9f6f0:   00007f8c2810e000 00007f8c2810e000
0x00007f8c60b9f700:   00007f8c2810e000 503a05432810e000
0x00007f8c60b9f710:   0000000000000000 00007f8c2810e1f8
0x00007f8c60b9f720:   0000000000000000 00007f8c60a48f48
0x00007f8c60b9f730:   00007f8c60b9f7f0 00007f8c2810e000
0x00007f8c60b9f740:   00007f8c60b9f7f0 00007f8c63265b24
0x00007f8c60b9f750:   00007f8c2810e1f8 00007f8c63267100
0x00007f8c60b9f760:   00007f8c60a48f48 00007f8c60b9f7d0
0x00007f8c60b9f770:   0000000000000000 00007f8c69017474
0x00007f8c60b9f780:   00007f8c2810e000 00007f8c690171c2
0x00007f8c60b9f790:   00007f8c60b9f790 00007f8c60a48f48
0x00007f8c60b9f7a0:   00007f8c60b9f7f0 00007f8c60a4a3a8
0x00007f8c60b9f7b0:   0000000000000000 00007f8c60a48f48
0x00007f8c60b9f7c0:   0000000000000000 00007f8c60b9f7f0
0x00007f8c60b9f7d0:   00007f8c60b9f838 00007f8c690082bd
0x00007f8c60b9f7e0:   00000000f6fc8e58 00007f8c69011538
0x00007f8c60b9f7f0:   00000000f7051c80 00007f8c60b9f7f8
0x00007f8c60b9f800:   00007f8c606559fd 00007f8c60b9f890
0x00007f8c60b9f810:   00007f8c60655e80 0000000000000000
0x00007f8c60b9f820:   00007f8c60655ab0 00007f8c60b9f7f0
0x00007f8c60b9f830:   00007f8c60b9f890 00007f8c60b9f8d8
0x00007f8c60b9f840:   00007f8c690082bd 00000000f678d320
0x00007f8c60b9f850:   00000000f678d000 00000000f678cf70
0x00007f8c60b9f860:   00000000000000fe 00000000000000fe
0x00007f8c60b9f870:   0000000000000007 00000000f678cfb0
0x00007f8c60b9f880:   00000000f678cee8 00000000e37ed438
0x00007f8c60b9f890:   00000000f7050738 00007f8c60b9f898 

Instructions: (pc=0x00007f8c7f341eb2)
0x00007f8c7f341e92:   00 00 48 85 c0 0f 84 7b 01 00 00 48 8b 85 78 ff
0x00007f8c7f341ea2:   ff ff 45 31 ed 48 8b 38 e8 d1 93 fa ff 48 89 c3
0x00007f8c7f341eb2:   48 8b 00 4c 89 e6 48 89 df ff 90 90 00 00 00 49
0x00007f8c7f341ec2:   83 7c 24 08 00 0f 84 83 01 00 00 4c 89 ff e8 2b 

Register to memory mapping:

RAX=0x0073006b0072006f is an unknown value
RBX=0x0073006b0072006f is an unknown value
RCX=0x0000000000000001 is an unknown value
RDX=0x0000000000040021 is an unknown value
RSP=0x00007f8c60b9f6a0 is pointing into the stack for thread: 0x00007f8c2810e000
RBP=0x00007f8c60b9f740 is pointing into the stack for thread: 0x00007f8c2810e000
RSI=0x00007f8c63269caf: <offset 0x9caf> in /usr/lib/libjxnet.so at 0x00007f8c63260000
RDI=0x00000000f6c2b510 is an oop

[error occurred during error reporting (printing register info), id 0xb]

Stack: [0x00007f8c60aa0000,0x00007f8c60ba1000],  sp=0x00007f8c60b9f6a0,  free space=1021k
Native frames: (J=compiled Java code, j=interpreted, Vv=VM code, C=native code)
V  [libjvm.so+0x6e8eb2]  jni_GetFieldID+0x122
C  [libjxnet.so+0x5b24]  SetPcapDumperIDs+0x44
C  0x00007f8c60b9f7f8

Java frames: (J=compiled Java code, j=interpreted, Vv=VM code)
j  com.ardikars.jxnet.Jxnet.PcapDumpClose(Lcom/ardikars/jxnet/PcapDumper;)V+0
j  com.ardikars.opennetcut.app.NetworkScanner.scanAll()V+357
j  com.ardikars.opennetcut.app.NetworkScanner.run()V+129
v  ~StubRoutines::call_stub

---------------  P R O C E S S  ---------------

Java Threads: ( => current thread )
=>0x00007f8c2810e000 JavaThread "Thread-0" [_thread_in_vm, id=18005, stack(0x00007f8c60aa0000,0x00007f8c60ba1000)]
  0x00007f8c280dd000 JavaThread "TimerQueue" daemon [_thread_blocked, id=17941, stack(0x00007f8c6079f000,0x00007f8c608a0000)]
  0x00007f8c7800a800 JavaThread "DestroyJavaVM" [_thread_blocked, id=17922, stack(0x00007f8c8072a000,0x00007f8c8082b000)]
  0x00007f8c7826f000 JavaThread "AWT-EventQueue-0" [_thread_blocked, id=17940, stack(0x00007f8c6069e000,0x00007f8c6079f000)]
  0x00007f8c7826e000 JavaThread "AWT-Shutdown" [_thread_blocked, id=17939, stack(0x00007f8c60ba1000,0x00007f8c60ca2000)]
  0x00007f8c7811c800 JavaThread "AWT-XAWT" daemon [_thread_blocked, id=17934, stack(0x00007f8c60ca2000,0x00007f8c60da3000)]
  0x00007f8c781e2800 JavaThread "Java2D Disposer" daemon [_thread_blocked, id=17933, stack(0x00007f8c611b4000,0x00007f8c612b5000)]
  0x00007f8c780ba800 JavaThread "Service Thread" daemon [_thread_blocked, id=17931, stack(0x00007f8c6356e000,0x00007f8c6366f000)]
  0x00007f8c780b8000 JavaThread "C1 CompilerThread1" daemon [_thread_blocked, id=17930, stack(0x00007f8c6366f000,0x00007f8c63770000)]
  0x00007f8c780b5000 JavaThread "C2 CompilerThread0" daemon [_thread_blocked, id=17929, stack(0x00007f8c63770000,0x00007f8c63871000)]
  0x00007f8c780b3800 JavaThread "Signal Dispatcher" daemon [_thread_blocked, id=17928, stack(0x00007f8c63871000,0x00007f8c63972000)]
  0x00007f8c78080000 JavaThread "Finalizer" daemon [_thread_blocked, id=17927, stack(0x00007f8c63afb000,0x00007f8c63bfc000)]
  0x00007f8c7807b800 JavaThread "Reference Handler" daemon [_thread_blocked, id=17926, stack(0x00007f8c63bfc000,0x00007f8c63cfd000)]

Other Threads:
  0x00007f8c78074000 VMThread [stack: 0x00007f8c63cfd000,0x00007f8c63dfe000] [id=17925]
  0x00007f8c780bd800 WatcherThread [stack: 0x00007f8c6346d000,0x00007f8c6356e000] [id=17932]

VM state:synchronizing (normal execution)

VM Mutex/Monitor currently owned by a thread:  ([mutex/lock_event])
[0x00007f8c78006a00] Threads_lock - owner thread: 0x00007f8c78074000

Heap:
 PSYoungGen      total 9216K, used 3912K [0x00000000f6780000, 0x00000000f7580000, 0x0000000100000000)
  eden space 8192K, 35% used [0x00000000f6780000,0x00000000f6a5d868,0x00000000f6f80000)
  from space 1024K, 95% used [0x00000000f6f80000,0x00000000f7074840,0x00000000f7080000)
  to   space 3072K, 0% used [0x00000000f7280000,0x00000000f7280000,0x00000000f7580000)
 ParOldGen       total 20480K, used 2231K [0x00000000e3600000, 0x00000000e4a00000, 0x00000000f6780000)
  object space 20480K, 10% used [0x00000000e3600000,0x00000000e382df98,0x00000000e4a00000)
 Metaspace       used 17169K, capacity 17394K, committed 17664K, reserved 1064960K
  class space    used 2102K, capacity 2203K, committed 2304K, reserved 1048576K

Card table byte_map: [0x00007f8c7d41d000,0x00007f8c7d503000] byte_map_base: 0x00007f8c7cd02000

Marking Bits: (ParMarkBitMap*) 0x00007f8c7fc1bc60
 Begin Bits: [0x00007f8c7c3cb000, 0x00007f8c7caf3000)
 End Bits:   [0x00007f8c7caf3000, 0x00007f8c7d21b000)

Polling page: 0x00007f8c80848000

CodeCache: size=245760Kb used=6892Kb max_used=6892Kb free=238867Kb
 bounds [0x00007f8c69000000, 0x00007f8c696d0000, 0x00007f8c78000000]
 total_blobs=2758 nmethods=2165 adapters=506
 compilation: enabled

Compilation events (10 events):
Event: 3104.358 Thread 0x00007f8c780b8000 2324       3       java.nio.ByteBuffer::allocateDirect (9 bytes)
Event: 3104.358 Thread 0x00007f8c780b8000 nmethod 2324 0x00007f8c693d0c50 code [0x00007f8c693d0dc0, 0x00007f8c693d0fa8]
Event: 3104.359 Thread 0x00007f8c780b8000 2325   !   3       java.nio.DirectByteBuffer::<init> (146 bytes)
Event: 3104.362 Thread 0x00007f8c780b8000 nmethod 2325 0x00007f8c695e1d10 code [0x00007f8c695e1f80, 0x00007f8c695e2fb8]
Event: 3105.115 Thread 0x00007f8c780b5000 2327       4       java.util.stream.ReferencePipeline::forEachWithCancel (20 bytes)
Event: 3105.123 Thread 0x00007f8c780b8000 2328       3       sun.nio.cs.UTF_8$Decoder::decodeLoop (28 bytes)
Event: 3105.125 Thread 0x00007f8c780b8000 nmethod 2328 0x00007f8c6931f450 code [0x00007f8c6931f600, 0x00007f8c6931fb38]
Event: 3105.128 Thread 0x00007f8c780b8000 2329       3       com.ardikars.opennetcut.view.MainWindow$$Lambda$25/1837543557::log (13 bytes)
Event: 3105.129 Thread 0x00007f8c780b8000 nmethod 2329 0x00007f8c69405dd0 code [0x00007f8c69405f40, 0x00007f8c694061c8]
Event: 3105.129 Thread 0x00007f8c780b8000 2330       3       com.ardikars.opennetcut.view.MainWindow::lambda$new$0 (123 bytes)

GC Heap History (10 events):
Event: 16.233 GC heap before
{Heap before GC invocations=1 (full 0):
 PSYoungGen      total 9216K, used 8192K [0x00000000f6780000, 0x00000000f7180000, 0x0000000100000000)
  eden space 8192K, 100% used [0x00000000f6780000,0x00000000f6f80000,0x00000000f6f80000)
  from space 1024K, 0% used [0x00000000f7080000,0x00000000f7080000,0x00000000f7180000)
  to   space 1024K, 0% used [0x00000000f6f80000,0x00000000f6f80000,0x00000000f7080000)
 ParOldGen       total 20480K, used 0K [0x00000000e3600000, 0x00000000e4a00000, 0x00000000f6780000)
  object space 20480K, 0% used [0x00000000e3600000,0x00000000e3600000,0x00000000e4a00000)
 Metaspace       used 13326K, capacity 13556K, committed 13824K, reserved 1060864K
  class space    used 1670K, capacity 1740K, committed 1792K, reserved 1048576K
Event: 16.350 GC heap after
Heap after GC invocations=1 (full 0):
 PSYoungGen      total 9216K, used 1024K [0x00000000f6780000, 0x00000000f7180000, 0x0000000100000000)
  eden space 8192K, 0% used [0x00000000f6780000,0x00000000f6780000,0x00000000f6f80000)
  from space 1024K, 100% used [0x00000000f6f80000,0x00000000f7080000,0x00000000f7080000)
  to   space 1024K, 0% used [0x00000000f7080000,0x00000000f7080000,0x00000000f7180000)
 ParOldGen       total 20480K, used 1466K [0x00000000e3600000, 0x00000000e4a00000, 0x00000000f6780000)
  object space 20480K, 7% used [0x00000000e3600000,0x00000000e376e840,0x00000000e4a00000)
 Metaspace       used 13326K, capacity 13556K, committed 13824K, reserved 1060864K
  class space    used 1670K, capacity 1740K, committed 1792K, reserved 1048576K
}
Event: 29.066 GC heap before
{Heap before GC invocations=2 (full 0):
 PSYoungGen      total 9216K, used 9216K [0x00000000f6780000, 0x00000000f7180000, 0x0000000100000000)
  eden space 8192K, 100% used [0x00000000f6780000,0x00000000f6f80000,0x00000000f6f80000)
  from space 1024K, 100% used [0x00000000f6f80000,0x00000000f7080000,0x00000000f7080000)
  to   space 1024K, 0% used [0x00000000f7080000,0x00000000f7080000,0x00000000f7180000)
 ParOldGen       total 20480K, used 1466K [0x00000000e3600000, 0x00000000e4a00000, 0x00000000f6780000)
  object space 20480K, 7% used [0x00000000e3600000,0x00000000e376e840,0x00000000e4a00000)
 Metaspace       used 16588K, capacity 16844K, committed 17024K, reserved 1064960K
  class space    used 2036K, capacity 2106K, committed 2176K, reserved 1048576K
Event: 29.168 GC heap after
Heap after GC invocations=2 (full 0):
 PSYoungGen      total 9216K, used 1024K [0x00000000f6780000, 0x00000000f7180000, 0x0000000100000000)
  eden space 8192K, 0% used [0x00000000f6780000,0x00000000f6780000,0x00000000f6f80000)
  from space 1024K, 100% used [0x00000000f7080000,0x00000000f7180000,0x00000000f7180000)
  to   space 1024K, 0% used [0x00000000f6f80000,0x00000000f6f80000,0x00000000f7080000)
 ParOldGen       total 20480K, used 1963K [0x00000000e3600000, 0x00000000e4a00000, 0x00000000f6780000)
  object space 20480K, 9% used [0x00000000e3600000,0x00000000e37eac50,0x00000000e4a00000)
 Metaspace       used 16588K, capacity 16844K, committed 17024K, reserved 1064960K
  class space    used 2036K, capacity 2106K, committed 2176K, reserved 1048576K
}
Event: 3082.824 GC heap before
{Heap before GC invocations=3 (full 0):
 PSYoungGen      total 9216K, used 9216K [0x00000000f6780000, 0x00000000f7180000, 0x0000000100000000)
  eden space 8192K, 100% used [0x00000000f6780000,0x00000000f6f80000,0x00000000f6f80000)
  from space 1024K, 100% used [0x00000000f7080000,0x00000000f7180000,0x00000000f7180000)
  to   space 1024K, 0% used [0x00000000f6f80000,0x00000000f6f80000,0x00000000f7080000)
 ParOldGen       total 20480K, used 1963K [0x00000000e3600000, 0x00000000e4a00000, 0x00000000f6780000)
  object space 20480K, 9% used [0x00000000e3600000,0x00000000e37eac50,0x00000000e4a00000)
 Metaspace       used 17080K, capacity 17330K, committed 17664K, reserved 1064960K
  class space    used 2102K, capacity 2203K, committed 2304K, reserved 1048576K
Event: 3082.831 GC heap after
Heap after GC invocations=3 (full 0):
 PSYoungGen      total 9216K, used 1008K [0x00000000f6780000, 0x00000000f7180000, 0x0000000100000000)
  eden space 8192K, 0% used [0x00000000f6780000,0x00000000f6780000,0x00000000f6f80000)
  from space 1024K, 98% used [0x00000000f6f80000,0x00000000f707c010,0x00000000f7080000)
  to   space 1024K, 0% used [0x00000000f7080000,0x00000000f7080000,0x00000000f7180000)
 ParOldGen       total 20480K, used 2215K [0x00000000e3600000, 0x00000000e4a00000, 0x00000000f6780000)
  object space 20480K, 10% used [0x00000000e3600000,0x00000000e3829f88,0x00000000e4a00000)
 Metaspace       used 17080K, capacity 17330K, committed 17664K, reserved 1064960K
  class space    used 2102K, capacity 2203K, committed 2304K, reserved 1048576K
}
Event: 3089.548 GC heap before
{Heap before GC invocations=4 (full 0):
 PSYoungGen      total 9216K, used 9200K [0x00000000f6780000, 0x00000000f7180000, 0x0000000100000000)
  eden space 8192K, 100% used [0x00000000f6780000,0x00000000f6f80000,0x00000000f6f80000)
  from space 1024K, 98% used [0x00000000f6f80000,0x00000000f707c010,0x00000000f7080000)
  to   space 1024K, 0% used [0x00000000f7080000,0x00000000f7080000,0x00000000f7180000)
 ParOldGen       total 20480K, used 2215K [0x00000000e3600000, 0x00000000e4a00000, 0x00000000f6780000)
  object space 20480K, 10% used [0x00000000e3600000,0x00000000e3829f88,0x00000000e4a00000)
 Metaspace       used 17101K, capacity 17330K, committed 17664K, reserved 1064960K
  class space    used 2102K, capacity 2203K, committed 2304K, reserved 1048576K
Event: 3089.555 GC heap after
Heap after GC invocations=4 (full 0):
 PSYoungGen      total 9216K, used 992K [0x00000000f6780000, 0x00000000f7180000, 0x0000000100000000)
  eden space 8192K, 0% used [0x00000000f6780000,0x00000000f6780000,0x00000000f6f80000)
  from space 1024K, 96% used [0x00000000f7080000,0x00000000f7178040,0x00000000f7180000)
  to   space 1024K, 0% used [0x00000000f6f80000,0x00000000f6f80000,0x00000000f7080000)
 ParOldGen       total 20480K, used 2231K [0x00000000e3600000, 0x00000000e4a00000, 0x00000000f6780000)
  object space 20480K, 10% used [0x00000000e3600000,0x00000000e382df98,0x00000000e4a00000)
 Metaspace       used 17101K, capacity 17330K, committed 17664K, reserved 1064960K
  class space    used 2102K, capacity 2203K, committed 2304K, reserved 1048576K
}
Event: 3103.004 GC heap before
{Heap before GC invocations=5 (full 0):
 PSYoungGen      total 9216K, used 9184K [0x00000000f6780000, 0x00000000f7180000, 0x0000000100000000)
  eden space 8192K, 100% used [0x00000000f6780000,0x00000000f6f80000,0x00000000f6f80000)
  from space 1024K, 96% used [0x00000000f7080000,0x00000000f7178040,0x00000000f7180000)
  to   space 1024K, 0% used [0x00000000f6f80000,0x00000000f6f80000,0x00000000f7080000)
 ParOldGen       total 20480K, used 2231K [0x00000000e3600000, 0x00000000e4a00000, 0x00000000f6780000)
  object space 20480K, 10% used [0x00000000e3600000,0x00000000e382df98,0x00000000e4a00000)
 Metaspace       used 17150K, capacity 17394K, committed 17664K, reserved 1064960K
  class space    used 2102K, capacity 2203K, committed 2304K, reserved 1048576K
Event: 3103.014 GC heap after
Heap after GC invocations=5 (full 0):
 PSYoungGen      total 9216K, used 978K [0x00000000f6780000, 0x00000000f7580000, 0x0000000100000000)
  eden space 8192K, 0% used [0x00000000f6780000,0x00000000f6780000,0x00000000f6f80000)
  from space 1024K, 95% used [0x00000000f6f80000,0x00000000f7074840,0x00000000f7080000)
  to   space 3072K, 0% used [0x00000000f7280000,0x00000000f7280000,0x00000000f7580000)
 ParOldGen       total 20480K, used 2231K [0x00000000e3600000, 0x00000000e4a00000, 0x00000000f6780000)
  object space 20480K, 10% used [0x00000000e3600000,0x00000000e382df98,0x00000000e4a00000)
 Metaspace       used 17150K, capacity 17394K, committed 17664K, reserved 1064960K
  class space    used 2102K, capacity 2203K, committed 2304K, reserved 1048576K
}

Deoptimization events (10 events):
Event: 24.269 Thread 0x00007f8c7826f000 Uncommon trap: reason=unstable_if action=reinterpret pc=0x00007f8c6929d1e0 method=java.io.UnixFileSystem.normalize(Ljava/lang/String;)Ljava/lang/String; @ 60
Event: 27.844 Thread 0x00007f8c7826f000 Uncommon trap: reason=unstable_if action=reinterpret pc=0x00007f8c695323b8 method=javax.swing.DefaultListCellRenderer.firePropertyChange(Ljava/lang/String;Ljava/lang/Object;Ljava/lang/Object;)V @ 20
Event: 3064.289 Thread 0x00007f8c7826f000 Uncommon trap: reason=unstable_if action=reinterpret pc=0x00007f8c6961e7e4 method=java.awt.Container.getMouseEventTargetImpl(IIZLjava/awt/Container$EventTargetFilter;ZZ)Ljava/awt/Component; @ 218
Event: 3066.877 Thread 0x00007f8c7826f000 Uncommon trap: reason=unstable_if action=reinterpret pc=0x00007f8c69223958 method=java.lang.String.indexOf([CII[CIII)I @ 3
Event: 3066.946 Thread 0x00007f8c7826f000 Uncommon trap: reason=bimorphic action=maybe_recompile pc=0x00007f8c6964591c method=java.util.HashMap.putVal(ILjava/lang/Object;Ljava/lang/Object;ZZ)Ljava/lang/Object; @ 253
Event: 3066.947 Thread 0x00007f8c7826f000 Uncommon trap: reason=bimorphic action=maybe_recompile pc=0x00007f8c6964591c method=java.util.HashMap.putVal(ILjava/lang/Object;Ljava/lang/Object;ZZ)Ljava/lang/Object; @ 253
Event: 3066.947 Thread 0x00007f8c7826f000 Uncommon trap: reason=bimorphic action=maybe_recompile pc=0x00007f8c6964591c method=java.util.HashMap.putVal(ILjava/lang/Object;Ljava/lang/Object;ZZ)Ljava/lang/Object; @ 253
Event: 3066.947 Thread 0x00007f8c7826f000 Uncommon trap: reason=bimorphic action=maybe_recompile pc=0x00007f8c6964591c method=java.util.HashMap.putVal(ILjava/lang/Object;Ljava/lang/Object;ZZ)Ljava/lang/Object; @ 253
Event: 3083.811 Thread 0x00007f8c2810e000 Uncommon trap: reason=unstable_if action=reinterpret pc=0x00007f8c69699d08 method=sun.awt.PostEventQueue.flush()V @ 23
Event: 3089.556 Thread 0x00007f8c781e2800 Uncommon trap: reason=unstable_if action=reinterpret pc=0x00007f8c6952e790 method=sun.java2d.xr.GrowableIntArray.getNextCellIndex()I @ 27

Internal exceptions (10 events):
Event: 3.531 Thread 0x00007f8c7800a800 Exception <a 'java/security/PrivilegedActionException'> (0x00000000f685d580) thrown at [/HUDSON3/workspace/8-2-build-linux-amd64/jdk8u102/7268/hotspot/src/share/vm/prims/jvm.cpp, line 1386]
Event: 3.531 Thread 0x00007f8c7800a800 Exception <a 'java/security/PrivilegedActionException'> (0x00000000f685d790) thrown at [/HUDSON3/workspace/8-2-build-linux-amd64/jdk8u102/7268/hotspot/src/share/vm/prims/jvm.cpp, line 1386]
Event: 3.532 Thread 0x00007f8c7800a800 Exception <a 'java/security/PrivilegedActionException'> (0x00000000f6860138) thrown at [/HUDSON3/workspace/8-2-build-linux-amd64/jdk8u102/7268/hotspot/src/share/vm/prims/jvm.cpp, line 1386]
Event: 3.532 Thread 0x00007f8c7800a800 Exception <a 'java/security/PrivilegedActionException'> (0x00000000f6860348) thrown at [/HUDSON3/workspace/8-2-build-linux-amd64/jdk8u102/7268/hotspot/src/share/vm/prims/jvm.cpp, line 1386]
Event: 4.154 Thread 0x00007f8c7800a800 Exception <a 'java/lang/NoSuchFieldError': method resolution failed> (0x00000000f692c9d8) thrown at [/HUDSON3/workspace/8-2-build-linux-amd64/jdk8u102/7268/hotspot/src/share/vm/prims/methodHandles.cpp, line 1146]
Event: 4.165 Thread 0x00007f8c7800a800 Exception <a 'java/lang/NoSuchFieldError': method resolution failed> (0x00000000f693a1a8) thrown at [/HUDSON3/workspace/8-2-build-linux-amd64/jdk8u102/7268/hotspot/src/share/vm/prims/methodHandles.cpp, line 1146]
Event: 4.977 Thread 0x00007f8c7800a800 Exception <a 'java/io/FileNotFoundException'> (0x00000000f69b84b8) thrown at [/HUDSON3/workspace/8-2-build-linux-amd64/jdk8u102/7268/hotspot/src/share/vm/prims/jni.cpp, line 709]
Event: 4.977 Thread 0x00007f8c7800a800 Exception <a 'java/io/FileNotFoundException'> (0x00000000f69b8ed8) thrown at [/HUDSON3/workspace/8-2-build-linux-amd64/jdk8u102/7268/hotspot/src/share/vm/prims/jni.cpp, line 709]
Event: 22.652 Thread 0x00007f8c7826f000 Exception <a 'java/lang/UnsupportedOperationException': > (0x00000000f699c720) thrown at [/HUDSON3/workspace/8-2-build-linux-amd64/jdk8u102/7268/hotspot/src/share/vm/prims/jni.cpp, line 735]
Event: 24.561 Thread 0x00007f8c7826f000 Exception <a 'java/lang/UnsupportedOperationException': > (0x00000000f6b02288) thrown at [/HUDSON3/workspace/8-2-build-linux-amd64/jdk8u102/7268/hotspot/src/share/vm/prims/jni.cpp, line 735]

Events (10 events):
Event: 3092.400 Thread 0x00007f8c780b5000 flushing nmethod 0x00007f8c695e2310
Event: 3092.400 Thread 0x00007f8c780b5000 flushing nmethod 0x00007f8c695e2990
Event: 3092.400 Thread 0x00007f8c780b5000 flushing nmethod 0x00007f8c695e3450
Event: 3092.400 Thread 0x00007f8c780b5000 flushing nmethod 0x00007f8c695f0850
Event: 3103.004 Executing VM operation: ParallelGCFailedAllocation
Event: 3103.014 Executing VM operation: ParallelGCFailedAllocation done
Event: 3105.115 Thread 0x00007f8c2810e000 DEOPT PACKING pc=0x00007f8c69691417 sp=0x00007f8c60b9f380
Event: 3105.115 Thread 0x00007f8c2810e000 DEOPT UNPACKING pc=0x00007f8c69047233 sp=0x00007f8c60b9f0d8 mode 0
Event: 3105.128 Executing VM operation: RevokeBias
Event: 3105.128 Executing VM operation: RevokeBias done


Dynamic libraries:
00400000-00401000 r-xp 00000000 08:05 34275366                           /media/linux/Data/Linux/x64/jdk1.8.0_102/bin/java
00600000-00601000 rw-p 00000000 08:05 34275366                           /media/linux/Data/Linux/x64/jdk1.8.0_102/bin/java
01f94000-01ff9000 rw-p 00000000 00:00 0                                  [heap]
e3600000-e4a00000 rw-p 00000000 00:00 0 
e4a00000-f6780000 ---p 00000000 00:00 0 
f6780000-f7580000 rw-p 00000000 00:00 0 
f7580000-100000000 ---p 00000000 00:00 0 
100000000-100240000 rw-p 00000000 00:00 0 
100240000-140000000 ---p 00000000 00:00 0 
7f8c28000000-7f8c28428000 rw-p 00000000 00:00 0 
7f8c28428000-7f8c2c000000 ---p 00000000 00:00 0 
7f8c2f151000-7f8c2f251000 rw-p 00000000 00:00 0 
7f8c2f251000-7f8c2f354000 ---p 00000000 00:00 0 
7f8c2f354000-7f8c2f452000 rw-p 00000000 00:00 0 
7f8c2f452000-7f8c2f47c000 r-xp 00000000 08:05 34275453                   /media/linux/Data/Linux/x64/jdk1.8.0_102/jre/lib/amd64/libdcpr.so
7f8c2f47c000-7f8c2f67c000 ---p 0002a000 08:05 34275453                   /media/linux/Data/Linux/x64/jdk1.8.0_102/jre/lib/amd64/libdcpr.so
7f8c2f67c000-7f8c2f67f000 rw-p 0002a000 08:05 34275453                   /media/linux/Data/Linux/x64/jdk1.8.0_102/jre/lib/amd64/libdcpr.so
7f8c2f67f000-7f8c2f87f000 rw-p 00000000 00:00 0 
7f8c2f87f000-7f8c2fa7f000 rw-s 00000000 00:07 383228                     socket:[383228]
7f8c2fa7f000-7f8c2fae8000 r-xp 00000000 08:05 34275505                   /media/linux/Data/Linux/x64/jdk1.8.0_102/jre/lib/amd64/libt2k.so
7f8c2fae8000-7f8c2fce8000 ---p 00069000 08:05 34275505                   /media/linux/Data/Linux/x64/jdk1.8.0_102/jre/lib/amd64/libt2k.so
7f8c2fce8000-7f8c2fcef000 rw-p 00069000 08:05 34275505                   /media/linux/Data/Linux/x64/jdk1.8.0_102/jre/lib/amd64/libt2k.so
7f8c2fcef000-7f8c30000000 rw-p 00000000 00:00 0 
7f8c30000000-7f8c30027000 rw-p 00000000 00:00 0 
7f8c30027000-7f8c34000000 ---p 00000000 00:00 0 
7f8c34000000-7f8c34021000 rw-p 00000000 00:00 0 
7f8c34021000-7f8c38000000 ---p 00000000 00:00 0 
7f8c38000000-7f8c38021000 rw-p 00000000 00:00 0 
7f8c38021000-7f8c3c000000 ---p 00000000 00:00 0 
7f8c3c000000-7f8c3c021000 rw-p 00000000 00:00 0 
7f8c3c021000-7f8c40000000 ---p 00000000 00:00 0 
7f8c40000000-7f8c40751000 rw-p 00000000 00:00 0 
7f8c40751000-7f8c44000000 ---p 00000000 00:00 0 
7f8c44000000-7f8c44021000 rw-p 00000000 00:00 0 
7f8c44021000-7f8c48000000 ---p 00000000 00:00 0 
7f8c48000000-7f8c48021000 rw-p 00000000 00:00 0 
7f8c48021000-7f8c4c000000 ---p 00000000 00:00 0 
7f8c4c000000-7f8c4cbe7000 rw-p 00000000 00:00 0 
7f8c4cbe7000-7f8c50000000 ---p 00000000 00:00 0 
7f8c50000000-7f8c50021000 rw-p 00000000 00:00 0 
7f8c50021000-7f8c54000000 ---p 00000000 00:00 0 
7f8c54000000-7f8c54021000 rw-p 00000000 00:00 0 
7f8c54021000-7f8c58000000 ---p 00000000 00:00 0 
7f8c58000000-7f8c58021000 rw-p 00000000 00:00 0 
7f8c58021000-7f8c5c000000 ---p 00000000 00:00 0 
7f8c5c000000-7f8c5c021000 rw-p 00000000 00:00 0 
7f8c5c021000-7f8c60000000 ---p 00000000 00:00 0 
7f8c60076000-7f8c60087000 r-xp 00000000 08:05 34275473                   /media/linux/Data/Linux/x64/jdk1.8.0_102/jre/lib/amd64/libnio.so
7f8c60087000-7f8c60286000 ---p 00011000 08:05 34275473                   /media/linux/Data/Linux/x64/jdk1.8.0_102/jre/lib/amd64/libnio.so
7f8c60286000-7f8c60287000 rw-p 00010000 08:05 34275473                   /media/linux/Data/Linux/x64/jdk1.8.0_102/jre/lib/amd64/libnio.so
7f8c60287000-7f8c6029d000 r-xp 00000000 08:05 34275448                   /media/linux/Data/Linux/x64/jdk1.8.0_102/jre/lib/amd64/libnet.so
7f8c6029d000-7f8c6049d000 ---p 00016000 08:05 34275448                   /media/linux/Data/Linux/x64/jdk1.8.0_102/jre/lib/amd64/libnet.so
7f8c6049d000-7f8c6049e000 rw-p 00016000 08:05 34275448                   /media/linux/Data/Linux/x64/jdk1.8.0_102/jre/lib/amd64/libnet.so
7f8c6049e000-7f8c6069e000 rw-p 00000000 00:00 0 
7f8c6069e000-7f8c606a1000 ---p 00000000 00:00 0 
7f8c606a1000-7f8c6079f000 rw-p 00000000 00:00 0                          [stack:17940]
7f8c6079f000-7f8c607a2000 ---p 00000000 00:00 0 
7f8c607a2000-7f8c60aa0000 rw-p 00000000 00:00 0                          [stack:17941]
7f8c60aa0000-7f8c60aa3000 ---p 00000000 00:00 0 
7f8c60aa3000-7f8c60ba1000 rw-p 00000000 00:00 0                          [stack:18005]
7f8c60ba1000-7f8c60ba4000 ---p 00000000 00:00 0 
7f8c60ba4000-7f8c60ca2000 rw-p 00000000 00:00 0                          [stack:17939]
7f8c60ca2000-7f8c60ca5000 ---p 00000000 00:00 0 
7f8c60ca5000-7f8c60da3000 rw-p 00000000 00:00 0                          [stack:17934]
7f8c60da3000-7f8c60da8000 r-xp 00000000 08:02 1581271                    /usr/lib/x86_64-linux-gnu/libXfixes.so.3.1.0
7f8c60da8000-7f8c60fa7000 ---p 00005000 08:02 1581271                    /usr/lib/x86_64-linux-gnu/libXfixes.so.3.1.0
7f8c60fa7000-7f8c60fa8000 r--p 00004000 08:02 1581271                    /usr/lib/x86_64-linux-gnu/libXfixes.so.3.1.0
7f8c60fa8000-7f8c60fa9000 rw-p 00005000 08:02 1581271                    /usr/lib/x86_64-linux-gnu/libXfixes.so.3.1.0
7f8c60fa9000-7f8c60fb3000 r-xp 00000000 08:02 1581273                    /usr/lib/x86_64-linux-gnu/libXcursor.so.1.0.2
7f8c60fb3000-7f8c611b2000 ---p 0000a000 08:02 1581273                    /usr/lib/x86_64-linux-gnu/libXcursor.so.1.0.2
7f8c611b2000-7f8c611b3000 r--p 00009000 08:02 1581273                    /usr/lib/x86_64-linux-gnu/libXcursor.so.1.0.2
7f8c611b3000-7f8c611b4000 rw-p 0000a000 08:02 1581273                    /usr/lib/x86_64-linux-gnu/libXcursor.so.1.0.2
7f8c611b4000-7f8c611b7000 ---p 00000000 00:00 0 
7f8c611b7000-7f8c612b5000 rw-p 00000000 00:00 0                          [stack:17933]
7f8c612b5000-7f8c612cb000 r-xp 00000000 08:02 2883588                    /lib/x86_64-linux-gnu/libgcc_s.so.1
7f8c612cb000-7f8c614ca000 ---p 00016000 08:02 2883588                    /lib/x86_64-linux-gnu/libgcc_s.so.1
7f8c614ca000-7f8c614cb000 rw-p 00015000 08:02 2883588                    /lib/x86_64-linux-gnu/libgcc_s.so.1
7f8c614cb000-7f8c61530000 r-xp 00000000 08:05 34275467                   /media/linux/Data/Linux/x64/jdk1.8.0_102/jre/lib/amd64/libfontmanager.so
7f8c61530000-7f8c6172f000 ---p 00065000 08:05 34275467                   /media/linux/Data/Linux/x64/jdk1.8.0_102/jre/lib/amd64/libfontmanager.so
7f8c6172f000-7f8c61734000 rw-p 00064000 08:05 34275467                   /media/linux/Data/Linux/x64/jdk1.8.0_102/jre/lib/amd64/libfontmanager.so
7f8c61734000-7f8c61744000 rw-p 00000000 00:00 0 
7f8c61744000-7f8c61749000 r-xp 00000000 08:02 1580646                    /usr/lib/x86_64-linux-gnu/libXdmcp.so.6.0.0
7f8c61749000-7f8c61948000 ---p 00005000 08:02 1580646                    /usr/lib/x86_64-linux-gnu/libXdmcp.so.6.0.0
7f8c61948000-7f8c61949000 rw-p 00004000 08:02 1580646                    /usr/lib/x86_64-linux-gnu/libXdmcp.so.6.0.0
7f8c61949000-7f8c6194c000 r-xp 00000000 08:02 1580644                    /usr/lib/x86_64-linux-gnu/libXau.so.6.0.0
7f8c6194c000-7f8c61b4b000 ---p 00003000 08:02 1580644                    /usr/lib/x86_64-linux-gnu/libXau.so.6.0.0
7f8c61b4b000-7f8c61b4c000 r--p 00002000 08:02 1580644                    /usr/lib/x86_64-linux-gnu/libXau.so.6.0.0
7f8c61b4c000-7f8c61b4d000 rw-p 00003000 08:02 1580644                    /usr/lib/x86_64-linux-gnu/libXau.so.6.0.0
7f8c61b4d000-7f8c61b6e000 r-xp 00000000 08:02 1580648                    /usr/lib/x86_64-linux-gnu/libxcb.so.1.1.0
7f8c61b6e000-7f8c61d6d000 ---p 00021000 08:02 1580648                    /usr/lib/x86_64-linux-gnu/libxcb.so.1.1.0
7f8c61d6d000-7f8c61d6e000 r--p 00020000 08:02 1580648                    /usr/lib/x86_64-linux-gnu/libxcb.so.1.1.0
7f8c61d6e000-7f8c61d6f000 rw-p 00021000 08:02 1580648                    /usr/lib/x86_64-linux-gnu/libxcb.so.1.1.0
7f8c61d6f000-7f8c61d7e000 r-xp 00000000 08:02 1581277                    /usr/lib/x86_64-linux-gnu/libXi.so.6.1.0
7f8c61d7e000-7f8c61f7d000 ---p 0000f000 08:02 1581277                    /usr/lib/x86_64-linux-gnu/libXi.so.6.1.0
7f8c61f7d000-7f8c61f7e000 r--p 0000e000 08:02 1581277                    /usr/lib/x86_64-linux-gnu/libXi.so.6.1.0
7f8c61f7e000-7f8c61f7f000 rw-p 0000f000 08:02 1581277                    /usr/lib/x86_64-linux-gnu/libXi.so.6.1.0
7f8c61f7f000-7f8c61f84000 r-xp 00000000 08:02 1583208                    /usr/lib/x86_64-linux-gnu/libXtst.so.6.1.0
7f8c61f84000-7f8c62183000 ---p 00005000 08:02 1583208                    /usr/lib/x86_64-linux-gnu/libXtst.so.6.1.0
7f8c62183000-7f8c62184000 r--p 00004000 08:02 1583208                    /usr/lib/x86_64-linux-gnu/libXtst.so.6.1.0
7f8c62184000-7f8c62185000 rw-p 00005000 08:02 1583208                    /usr/lib/x86_64-linux-gnu/libXtst.so.6.1.0
7f8c62185000-7f8c6218e000 r-xp 00000000 08:02 1580768                    /usr/lib/x86_64-linux-gnu/libXrender.so.1.3.0
7f8c6218e000-7f8c6238d000 ---p 00009000 08:02 1580768                    /usr/lib/x86_64-linux-gnu/libXrender.so.1.3.0
7f8c6238d000-7f8c6238e000 r--p 00008000 08:02 1580768                    /usr/lib/x86_64-linux-gnu/libXrender.so.1.3.0
7f8c6238e000-7f8c6238f000 rw-p 00009000 08:02 1580768                    /usr/lib/x86_64-linux-gnu/libXrender.so.1.3.0
7f8c6238f000-7f8c624cb000 r-xp 00000000 08:02 1580652                    /usr/lib/x86_64-linux-gnu/libX11.so.6.3.0
7f8c624cb000-7f8c626ca000 ---p 0013c000 08:02 1580652                    /usr/lib/x86_64-linux-gnu/libX11.so.6.3.0
7f8c626ca000-7f8c626cc000 r--p 0013b000 08:02 1580652                    /usr/lib/x86_64-linux-gnu/libX11.so.6.3.0
7f8c626cc000-7f8c626d1000 rw-p 0013d000 08:02 1580652                    /usr/lib/x86_64-linux-gnu/libX11.so.6.3.0
7f8c626d1000-7f8c626d2000 rw-p 00000000 00:00 0 
7f8c626d2000-7f8c626e3000 r-xp 00000000 08:02 1580766                    /usr/lib/x86_64-linux-gnu/libXext.so.6.4.0
7f8c626e3000-7f8c628e2000 ---p 00011000 08:02 1580766                    /usr/lib/x86_64-linux-gnu/libXext.so.6.4.0
7f8c628e2000-7f8c628e3000 r--p 00010000 08:02 1580766                    /usr/lib/x86_64-linux-gnu/libXext.so.6.4.0
7f8c628e3000-7f8c628e4000 rw-p 00011000 08:02 1580766                    /usr/lib/x86_64-linux-gnu/libXext.so.6.4.0
7f8c628e4000-7f8c62938000 r-xp 00000000 08:05 34275475                   /media/linux/Data/Linux/x64/jdk1.8.0_102/jre/lib/amd64/libawt_xawt.so
7f8c62938000-7f8c62b38000 ---p 00054000 08:05 34275475                   /media/linux/Data/Linux/x64/jdk1.8.0_102/jre/lib/amd64/libawt_xawt.so
7f8c62b38000-7f8c62b3c000 rw-p 00054000 08:05 34275475                   /media/linux/Data/Linux/x64/jdk1.8.0_102/jre/lib/amd64/libawt_xawt.so
7f8c62b3c000-7f8c62b3d000 rw-p 00000000 00:00 0 
7f8c62b3d000-7f8c62bdf000 r-xp 00000000 08:05 34275508                   /media/linux/Data/Linux/x64/jdk1.8.0_102/jre/lib/amd64/libawt.so
7f8c62bdf000-7f8c62ddf000 ---p 000a2000 08:05 34275508                   /media/linux/Data/Linux/x64/jdk1.8.0_102/jre/lib/amd64/libawt.so
7f8c62ddf000-7f8c62deb000 rw-p 000a2000 08:05 34275508                   /media/linux/Data/Linux/x64/jdk1.8.0_102/jre/lib/amd64/libawt.so
7f8c62deb000-7f8c62e0f000 rw-p 00000000 00:00 0 
7f8c62e0f000-7f8c62e1c000 r-xp 00000000 08:02 1722385                    /usr/local/lib/libdnet.so.1.0.1
7f8c62e1c000-7f8c6301c000 ---p 0000d000 08:02 1722385                    /usr/local/lib/libdnet.so.1.0.1
7f8c6301c000-7f8c6301e000 rw-p 0000d000 08:02 1722385                    /usr/local/lib/libdnet.so.1.0.1
7f8c6301e000-7f8c63020000 rw-p 00000000 00:00 0 
7f8c63020000-7f8c6305d000 r-xp 00000000 08:02 1600076                    /usr/lib/x86_64-linux-gnu/libpcap.so.1.6.2
7f8c6305d000-7f8c6325c000 ---p 0003d000 08:02 1600076                    /usr/lib/x86_64-linux-gnu/libpcap.so.1.6.2
7f8c6325c000-7f8c6325e000 r--p 0003c000 08:02 1600076                    /usr/lib/x86_64-linux-gnu/libpcap.so.1.6.2
7f8c6325e000-7f8c6325f000 rw-p 0003e000 08:02 1600076                    /usr/lib/x86_64-linux-gnu/libpcap.so.1.6.2
7f8c6325f000-7f8c63260000 rw-p 00000000 00:00 0 
7f8c63260000-7f8c6326d000 r-xp 00000000 08:02 1596281                    /usr/lib/libjxnet.so
7f8c6326d000-7f8c6346c000 ---p 0000d000 08:02 1596281                    /usr/lib/libjxnet.so
7f8c6346c000-7f8c6346d000 rw-p 0000c000 08:02 1596281                    /usr/lib/libjxnet.so
7f8c6346d000-7f8c6346e000 ---p 00000000 00:00 0 
7f8c6346e000-7f8c6356e000 rw-p 00000000 00:00 0                          [stack:17932]
7f8c6356e000-7f8c63571000 ---p 00000000 00:00 0 
7f8c63571000-7f8c6366f000 rw-p 00000000 00:00 0                          [stack:17931]
7f8c6366f000-7f8c63672000 ---p 00000000 00:00 0 
7f8c63672000-7f8c63770000 rw-p 00000000 00:00 0                          [stack:17930]
7f8c63770000-7f8c63773000 ---p 00000000 00:00 0 
7f8c63773000-7f8c63871000 rw-p 00000000 00:00 0                          [stack:17929]
7f8c63871000-7f8c63874000 ---p 00000000 00:00 0 
7f8c63874000-7f8c63972000 rw-p 00000000 00:00 0                          [stack:17928]
7f8c63972000-7f8c63afb000 r--p 00000000 08:02 1585446                    /usr/lib/locale/locale-archive
7f8c63afb000-7f8c63afe000 ---p 00000000 00:00 0 
7f8c63afe000-7f8c63bfc000 rw-p 00000000 00:00 0                          [stack:17927]
7f8c63bfc000-7f8c63bff000 ---p 00000000 00:00 0 
7f8c63bff000-7f8c63cfd000 rw-p 00000000 00:00 0                          [stack:17926]
7f8c63cfd000-7f8c63cfe000 ---p 00000000 00:00 0 
7f8c63cfe000-7f8c64000000 rw-p 00000000 00:00 0                          [stack:17925]
7f8c64000000-7f8c64021000 rw-p 00000000 00:00 0 
7f8c64021000-7f8c68000000 ---p 00000000 00:00 0 
7f8c68008000-7f8c68013000 r--s 00000000 08:02 1314525                    /var/cache/fontconfig/945677eb7aeaf62f1d50efc3fb3ec7d8-le64.cache-4
7f8c68013000-7f8c6804e000 r--s 00000000 08:02 1314002                    /var/cache/fontconfig/365b55f210c0a22e9a19e35191240f32-le64.cache-4
7f8c6804e000-7f8c68055000 r--s 00000000 08:02 1314457                    /var/cache/fontconfig/3047814df9a2f067bd2d96a2b9c36e5a-le64.cache-4
7f8c68055000-7f8c68068000 r--s 00000000 08:02 1314050                    /var/cache/fontconfig/d52a8644073d54c13679302ca1180695-le64.cache-4
7f8c68068000-7f8c69000000 rw-p 00000000 00:00 0 
7f8c69000000-7f8c696d0000 rwxp 00000000 00:00 0 
7f8c696d0000-7f8c78000000 ---p 00000000 00:00 0 
7f8c78000000-7f8c78507000 rw-p 00000000 00:00 0 
7f8c78507000-7f8c7c000000 ---p 00000000 00:00 0 
7f8c7c003000-7f8c7c004000 rw-p 00000000 00:00 0 
7f8c7c004000-7f8c7c00f000 r--s 00000000 08:02 1314024                    /var/cache/fontconfig/d589a48862398ed80a3d6066f4f56f4c-le64.cache-4
7f8c7c00f000-7f8c7c01c000 r--s 00000000 08:02 1311801                    /var/cache/fontconfig/e13b20fdb08344e0e664864cc2ede53d-le64.cache-4
7f8c7c01c000-7f8c7c03d000 rw-p 00000000 00:00 0 
7f8c7c03d000-7f8c7c215000 r--s 03d29000 08:05 34275440                   /media/linux/Data/Linux/x64/jdk1.8.0_102/jre/lib/rt.jar
7f8c7c215000-7f8c7d21b000 rw-p 00000000 00:00 0 
7f8c7d21b000-7f8c7d21c000 ---p 00000000 00:00 0 
7f8c7d21c000-7f8c7d31c000 rw-p 00000000 00:00 0                          [stack:17924]
7f8c7d31c000-7f8c7d31d000 ---p 00000000 00:00 0 
7f8c7d31d000-7f8c7d427000 rw-p 00000000 00:00 0                          [stack:17923]
7f8c7d427000-7f8c7d4b5000 ---p 00000000 00:00 0 
7f8c7d4b5000-7f8c7d4bd000 rw-p 00000000 00:00 0 
7f8c7d4bd000-7f8c7d502000 ---p 00000000 00:00 0 
7f8c7d502000-7f8c7d51f000 rw-p 00000000 00:00 0 
7f8c7d51f000-7f8c7d8c3000 ---p 00000000 00:00 0 
7f8c7d8c3000-7f8c7d8dd000 r-xp 00000000 08:05 34275471                   /media/linux/Data/Linux/x64/jdk1.8.0_102/jre/lib/amd64/libzip.so
7f8c7d8dd000-7f8c7dadd000 ---p 0001a000 08:05 34275471                   /media/linux/Data/Linux/x64/jdk1.8.0_102/jre/lib/amd64/libzip.so
7f8c7dadd000-7f8c7dade000 rw-p 0001a000 08:05 34275471                   /media/linux/Data/Linux/x64/jdk1.8.0_102/jre/lib/amd64/libzip.so
7f8c7dade000-7f8c7dae9000 r-xp 00000000 08:02 2891013                    /lib/x86_64-linux-gnu/libnss_files-2.19.so
7f8c7dae9000-7f8c7dce8000 ---p 0000b000 08:02 2891013                    /lib/x86_64-linux-gnu/libnss_files-2.19.so
7f8c7dce8000-7f8c7dce9000 r--p 0000a000 08:02 2891013                    /lib/x86_64-linux-gnu/libnss_files-2.19.so
7f8c7dce9000-7f8c7dcea000 rw-p 0000b000 08:02 2891013                    /lib/x86_64-linux-gnu/libnss_files-2.19.so
7f8c7dcea000-7f8c7dcf4000 r-xp 00000000 08:02 2891015                    /lib/x86_64-linux-gnu/libnss_nis-2.19.so
7f8c7dcf4000-7f8c7def3000 ---p 0000a000 08:02 2891015                    /lib/x86_64-linux-gnu/libnss_nis-2.19.so
7f8c7def3000-7f8c7def4000 r--p 00009000 08:02 2891015                    /lib/x86_64-linux-gnu/libnss_nis-2.19.so
7f8c7def4000-7f8c7def5000 rw-p 0000a000 08:02 2891015                    /lib/x86_64-linux-gnu/libnss_nis-2.19.so
7f8c7def5000-7f8c7df0a000 r-xp 00000000 08:02 2890799                    /lib/x86_64-linux-gnu/libnsl-2.19.so
7f8c7df0a000-7f8c7e109000 ---p 00015000 08:02 2890799                    /lib/x86_64-linux-gnu/libnsl-2.19.so
7f8c7e109000-7f8c7e10a000 r--p 00014000 08:02 2890799                    /lib/x86_64-linux-gnu/libnsl-2.19.so
7f8c7e10a000-7f8c7e10b000 rw-p 00015000 08:02 2890799                    /lib/x86_64-linux-gnu/libnsl-2.19.so
7f8c7e10b000-7f8c7e10d000 rw-p 00000000 00:00 0 
7f8c7e10d000-7f8c7e114000 r-xp 00000000 08:02 2890995                    /lib/x86_64-linux-gnu/libnss_compat-2.19.so
7f8c7e114000-7f8c7e313000 ---p 00007000 08:02 2890995                    /lib/x86_64-linux-gnu/libnss_compat-2.19.so
7f8c7e313000-7f8c7e314000 r--p 00006000 08:02 2890995                    /lib/x86_64-linux-gnu/libnss_compat-2.19.so
7f8c7e314000-7f8c7e315000 rw-p 00007000 08:02 2890995                    /lib/x86_64-linux-gnu/libnss_compat-2.19.so
7f8c7e315000-7f8c7e33f000 r-xp 00000000 08:05 34275498                   /media/linux/Data/Linux/x64/jdk1.8.0_102/jre/lib/amd64/libjava.so
7f8c7e33f000-7f8c7e53f000 ---p 0002a000 08:05 34275498                   /media/linux/Data/Linux/x64/jdk1.8.0_102/jre/lib/amd64/libjava.so
7f8c7e53f000-7f8c7e541000 rw-p 0002a000 08:05 34275498                   /media/linux/Data/Linux/x64/jdk1.8.0_102/jre/lib/amd64/libjava.so
7f8c7e541000-7f8c7e54e000 r-xp 00000000 08:05 34275449                   /media/linux/Data/Linux/x64/jdk1.8.0_102/jre/lib/amd64/libverify.so
7f8c7e54e000-7f8c7e74e000 ---p 0000d000 08:05 34275449                   /media/linux/Data/Linux/x64/jdk1.8.0_102/jre/lib/amd64/libverify.so
7f8c7e74e000-7f8c7e750000 rw-p 0000d000 08:05 34275449                   /media/linux/Data/Linux/x64/jdk1.8.0_102/jre/lib/amd64/libverify.so
7f8c7e750000-7f8c7e757000 r-xp 00000000 08:02 2891067                    /lib/x86_64-linux-gnu/librt-2.19.so
7f8c7e757000-7f8c7e956000 ---p 00007000 08:02 2891067                    /lib/x86_64-linux-gnu/librt-2.19.so
7f8c7e956000-7f8c7e957000 r--p 00006000 08:02 2891067                    /lib/x86_64-linux-gnu/librt-2.19.so
7f8c7e957000-7f8c7e958000 rw-p 00007000 08:02 2891067                    /lib/x86_64-linux-gnu/librt-2.19.so
7f8c7e958000-7f8c7ea58000 r-xp 00000000 08:02 2890797                    /lib/x86_64-linux-gnu/libm-2.19.so
7f8c7ea58000-7f8c7ec57000 ---p 00100000 08:02 2890797                    /lib/x86_64-linux-gnu/libm-2.19.so
7f8c7ec57000-7f8c7ec58000 r--p 000ff000 08:02 2890797                    /lib/x86_64-linux-gnu/libm-2.19.so
7f8c7ec58000-7f8c7ec59000 rw-p 00100000 08:02 2890797                    /lib/x86_64-linux-gnu/libm-2.19.so
7f8c7ec59000-7f8c7f925000 r-xp 00000000 08:05 34275502                   /media/linux/Data/Linux/x64/jdk1.8.0_102/jre/lib/amd64/server/libjvm.so
7f8c7f925000-7f8c7fb25000 ---p 00ccc000 08:05 34275502                   /media/linux/Data/Linux/x64/jdk1.8.0_102/jre/lib/amd64/server/libjvm.so
7f8c7fb25000-7f8c7fbfe000 rw-p 00ccc000 08:05 34275502                   /media/linux/Data/Linux/x64/jdk1.8.0_102/jre/lib/amd64/server/libjvm.so
7f8c7fbfe000-7f8c7fc49000 rw-p 00000000 00:00 0 
7f8c7fc49000-7f8c7fdea000 r-xp 00000000 08:02 2890793                    /lib/x86_64-linux-gnu/libc-2.19.so
7f8c7fdea000-7f8c7ffea000 ---p 001a1000 08:02 2890793                    /lib/x86_64-linux-gnu/libc-2.19.so
7f8c7ffea000-7f8c7ffee000 r--p 001a1000 08:02 2890793                    /lib/x86_64-linux-gnu/libc-2.19.so
7f8c7ffee000-7f8c7fff0000 rw-p 001a5000 08:02 2890793                    /lib/x86_64-linux-gnu/libc-2.19.so
7f8c7fff0000-7f8c7fff4000 rw-p 00000000 00:00 0 
7f8c7fff4000-7f8c7fff7000 r-xp 00000000 08:02 2890796                    /lib/x86_64-linux-gnu/libdl-2.19.so
7f8c7fff7000-7f8c801f6000 ---p 00003000 08:02 2890796                    /lib/x86_64-linux-gnu/libdl-2.19.so
7f8c801f6000-7f8c801f7000 r--p 00002000 08:02 2890796                    /lib/x86_64-linux-gnu/libdl-2.19.so
7f8c801f7000-7f8c801f8000 rw-p 00003000 08:02 2890796                    /lib/x86_64-linux-gnu/libdl-2.19.so
7f8c801f8000-7f8c8020d000 r-xp 00000000 08:05 34243136                   /media/linux/Data/Linux/x64/jdk1.8.0_102/lib/amd64/jli/libjli.so
7f8c8020d000-7f8c8040d000 ---p 00015000 08:05 34243136                   /media/linux/Data/Linux/x64/jdk1.8.0_102/lib/amd64/jli/libjli.so
7f8c8040d000-7f8c8040e000 rw-p 00015000 08:05 34243136                   /media/linux/Data/Linux/x64/jdk1.8.0_102/lib/amd64/jli/libjli.so
7f8c8040e000-7f8c80426000 r-xp 00000000 08:02 2886973                    /lib/x86_64-linux-gnu/libpthread-2.19.so
7f8c80426000-7f8c80625000 ---p 00018000 08:02 2886973                    /lib/x86_64-linux-gnu/libpthread-2.19.so
7f8c80625000-7f8c80626000 r--p 00017000 08:02 2886973                    /lib/x86_64-linux-gnu/libpthread-2.19.so
7f8c80626000-7f8c80627000 rw-p 00018000 08:02 2886973                    /lib/x86_64-linux-gnu/libpthread-2.19.so
7f8c80627000-7f8c8062b000 rw-p 00000000 00:00 0 
7f8c8062b000-7f8c8064b000 r-xp 00000000 08:02 2890131                    /lib/x86_64-linux-gnu/ld-2.19.so
7f8c8064b000-7f8c8064c000 rw-p 00000000 00:00 0 
7f8c8064c000-7f8c80650000 r--s 00097000 08:05 34275392                   /media/linux/Data/Linux/x64/jdk1.8.0_102/jre/lib/jsse.jar
7f8c80650000-7f8c80651000 r--s 00000000 08:02 1314480                    /var/cache/fontconfig/4794a0821666d79190d59a36cb4f44b5-le64.cache-4
7f8c80651000-7f8c80656000 r--s 0002c000 08:02 1855570                    /root/.gradle/caches/modules-2/files-2.1/commons-net/commons-net/2.0/1f75887afe587df7c2435f2f6d3199f05a324c8d/commons-net-2.0.jar
7f8c80656000-7f8c80669000 r--s 00345000 08:05 34275672                   /media/linux/Data/Linux/x64/jdk1.8.0_102/jre/lib/resources.jar
7f8c80669000-7f8c8069b000 rw-p 00000000 00:00 0 
7f8c8069b000-7f8c8072a000 ---p 00000000 00:00 0 
7f8c8072a000-7f8c8072d000 ---p 00000000 00:00 0 
7f8c8072d000-7f8c8082f000 rw-p 00000000 00:00 0                          [stack:17922]
7f8c8082f000-7f8c80832000 r--s 00000000 08:02 1314275                    /var/cache/fontconfig/e49e89034d371f0f9de17aab02136486-le64.cache-4
7f8c80832000-7f8c80834000 r--s 00000000 08:02 1314265                    /var/cache/fontconfig/4b14b093aebc79c320de5e86ae1d3314-le64.cache-4
7f8c80834000-7f8c80836000 r--s 0011d000 08:02 1839875                    /root/NetBeansProjects/OpenNetcut/libs/Jxnet-1.1.0-SNAPSHOT.jar
7f8c80836000-7f8c8083f000 rw-p 00000000 00:00 0 
7f8c8083f000-7f8c80847000 rw-s 00000000 08:02 1855502                    /tmp/hsperfdata_root/17917
7f8c80847000-7f8c80848000 rw-p 00000000 00:00 0 
7f8c80848000-7f8c80849000 ---p 00000000 00:00 0 
7f8c80849000-7f8c8084b000 rw-p 00000000 00:00 0 
7f8c8084b000-7f8c8084c000 r--p 00020000 08:02 2890131                    /lib/x86_64-linux-gnu/ld-2.19.so
7f8c8084c000-7f8c8084d000 rw-p 00021000 08:02 2890131                    /lib/x86_64-linux-gnu/ld-2.19.so
7f8c8084d000-7f8c8084e000 rw-p 00000000 00:00 0 
7ffed4065000-7ffed4086000 rw-p 00000000 00:00 0                          [stack]
7ffed4093000-7ffed4095000 r-xp 00000000 00:00 0                          [vdso]
7ffed4095000-7ffed4097000 r--p 00000000 00:00 0                          [vvar]
ffffffffff600000-ffffffffff601000 r-xp 00000000 00:00 0                  [vsyscall]

VM Arguments:
jvm_args: -Dfile.encoding=UTF-8 -Duser.country=US -Duser.language=en -Duser.variant 
java_command: com.ardikars.opennetcut.Main
java_class_path (initial): /root/NetBeansProjects/OpenNetcut/build/classes/main:/root/NetBeansProjects/OpenNetcut/build/resources/main:/root/NetBeansProjects/OpenNetcut/libs/Jxnet-1.1.0-SNAPSHOT.jar:/root/.gradle/caches/modules-2/files-2.1/commons-net/commons-net/2.0/1f75887afe587df7c2435f2f6d3199f05a324c8d/commons-net-2.0.jar:/root/.gradle/caches/modules-2/files-2.1/commons-validator/commons-validator/1.4.0/42fa1046955ade59f5354a1876cfc523cea33815/commons-validator-1.4.0.jar:/root/.gradle/caches/modules-2/files-2.1/commons-beanutils/commons-beanutils/1.8.3/686ef3410bcf4ab8ce7fd0b899e832aaba5facf7/commons-beanutils-1.8.3.jar:/root/.gradle/caches/modules-2/files-2.1/commons-digester/commons-digester/1.8/dc6a73fdbd1fa3f0944e8497c6c872fa21dca37e/commons-digester-1.8.jar:/root/.gradle/caches/modules-2/files-2.1/commons-logging/commons-logging/1.1.1/5043bfebc3db072ed80fbd362e7caf00e885d8ae/commons-logging-1.1.1.jar
Launcher Type: SUN_STANDARD

Environment Variables:
PATH=/media/linux/Data/MultiPlatform/gradle/bin:/usr/local/sbin:/usr/local/bin:/usr/sbin:/usr/bin:/sbin:/bin
LD_LIBRARY_PATH=/media/linux/Data/Linux/x64/jdk1.8.0_102/bin/../jre/lib/amd64:/media/linux/Data/Linux/x64/jdk1.8.0_102/bin/../jre/lib/i386:
SHELL=/bin/bash
DISPLAY=:0.0

Signal Handlers:
SIGSEGV: [libjvm.so+0xac5b30], sa_mask[0]=11111111011111111101111111111110, sa_flags=SA_RESTART|SA_SIGINFO
SIGBUS: [libjvm.so+0xac5b30], sa_mask[0]=11111111011111111101111111111110, sa_flags=SA_RESTART|SA_SIGINFO
SIGFPE: [libjvm.so+0x91f470], sa_mask[0]=11111111011111111101111111111110, sa_flags=SA_RESTART|SA_SIGINFO
SIGPIPE: [libjvm.so+0x91f470], sa_mask[0]=11111111011111111101111111111110, sa_flags=SA_RESTART|SA_SIGINFO
SIGXFSZ: [libjvm.so+0x91f470], sa_mask[0]=11111111011111111101111111111110, sa_flags=SA_RESTART|SA_SIGINFO
SIGILL: [libjvm.so+0x91f470], sa_mask[0]=11111111011111111101111111111110, sa_flags=SA_RESTART|SA_SIGINFO
SIGUSR1: SIG_DFL, sa_mask[0]=00000000000000000000000000000000, sa_flags=none
SIGUSR2: [libjvm.so+0x920aa0], sa_mask[0]=00100000000000000000000000000000, sa_flags=SA_RESTART|SA_SIGINFO
SIGHUP: [libjvm.so+0x921ea0], sa_mask[0]=11111111011111111101111111111110, sa_flags=SA_RESTART|SA_SIGINFO
SIGINT: SIG_IGN, sa_mask[0]=00000000000000000000000000000000, sa_flags=none
SIGTERM: [libjvm.so+0x921ea0], sa_mask[0]=11111111011111111101111111111110, sa_flags=SA_RESTART|SA_SIGINFO
SIGQUIT: [libjvm.so+0x921ea0], sa_mask[0]=11111111011111111101111111111110, sa_flags=SA_RESTART|SA_SIGINFO


---------------  S Y S T E M  ---------------

OS:PRETTY_NAME="Debian GNU/Linux 8 (jessie)"
NAME="Debian GNU/Linux"
VERSION_ID="8"
VERSION="8 (jessie)"
ID=debian
HOME_URL="http://www.debian.org/"
SUPPORT_URL="http://www.debian.org/support"
BUG_REPORT_URL="https://bugs.debian.org/"

uname:Linux 3.16.0-4-amd64 #1 SMP Debian 3.16.36-1+deb8u2 (2016-10-19) x86_64
libc:glibc 2.19 NPTL 2.19 
rlimit: STACK 8192k, CORE 0k, NPROC 7250, NOFILE 65536, AS infinity
load average:0.11 0.25 0.30

/proc/meminfo:
MemTotal:        1873984 kB
MemFree:          124808 kB
MemAvailable:     112036 kB
Buffers:            9412 kB
Cached:           122540 kB
SwapCached:       205772 kB
Active:          1207328 kB
Inactive:         429104 kB
Active(anon):    1135028 kB
Inactive(anon):   388324 kB
Active(file):      72300 kB
Inactive(file):    40780 kB
Unevictable:          32 kB
Mlocked:              32 kB
SwapTotal:       4095996 kB
SwapFree:        3340764 kB
Dirty:               372 kB
Writeback:             0 kB
AnonPages:       1468220 kB
Mapped:            69844 kB
Shmem:             18740 kB
Slab:              55964 kB
SReclaimable:      30308 kB
SUnreclaim:        25656 kB
KernelStack:        6320 kB
PageTables:        24040 kB
NFS_Unstable:          0 kB
Bounce:                0 kB
WritebackTmp:          0 kB
CommitLimit:     5032988 kB
Committed_AS:    3991508 kB
VmallocTotal:   34359738367 kB
VmallocUsed:      344580 kB
VmallocChunk:   34359358224 kB
HardwareCorrupted:     0 kB
AnonHugePages:         0 kB
HugePages_Total:       0
HugePages_Free:        0
HugePages_Rsvd:        0
HugePages_Surp:        0
Hugepagesize:       2048 kB
DirectMap4k:      135416 kB
DirectMap2M:     1845248 kB


CPU:total 2 (2 cores per cpu, 1 threads per core) family 6 model 58 stepping 9, cmov, cx8, fxsr, mmx, sse, sse2, sse3, ssse3, sse4.1, sse4.2, popcnt, clmul, erms, tsc, tscinvbit, tscinv

/proc/cpuinfo:
processor	: 0
vendor_id	: GenuineIntel
cpu family	: 6
model		: 58
model name	: Intel(R) Celeron(R) CPU 1007U @ 1.50GHz
stepping	: 9
microcode	: 0x17
cpu MHz		: 805.546
cache size	: 2048 KB
physical id	: 0
siblings	: 2
core id		: 0
cpu cores	: 2
apicid		: 0
initial apicid	: 0
fpu		: yes
fpu_exception	: yes
cpuid level	: 13
wp		: yes
flags		: fpu vme de pse tsc msr pae mce cx8 apic sep mtrr pge mca cmov pat pse36 clflush dts acpi mmx fxsr sse sse2 ss ht tm pbe syscall nx rdtscp lm constant_tsc arch_perfmon pebs bts rep_good nopl xtopology nonstop_tsc aperfmperf eagerfpu pni pclmulqdq dtes64 monitor ds_cpl vmx est tm2 ssse3 cx16 xtpr pdcm pcid sse4_1 sse4_2 x2apic popcnt tsc_deadline_timer xsave lahf_lm arat epb xsaveopt pln pts dtherm tpr_shadow vnmi flexpriority ept vpid fsgsbase smep erms
bogomips	: 2993.18
clflush size	: 64
cache_alignment	: 64
address sizes	: 36 bits physical, 48 bits virtual
power management:

processor	: 1
vendor_id	: GenuineIntel
cpu family	: 6
model		: 58
model name	: Intel(R) Celeron(R) CPU 1007U @ 1.50GHz
stepping	: 9
microcode	: 0x17
cpu MHz		: 809.941
cache size	: 2048 KB
physical id	: 0
siblings	: 2
core id		: 1
cpu cores	: 2
apicid		: 2
initial apicid	: 2
fpu		: yes
fpu_exception	: yes
cpuid level	: 13
wp		: yes
flags		: fpu vme de pse tsc msr pae mce cx8 apic sep mtrr pge mca cmov pat pse36 clflush dts acpi mmx fxsr sse sse2 ss ht tm pbe syscall nx rdtscp lm constant_tsc arch_perfmon pebs bts rep_good nopl xtopology nonstop_tsc aperfmperf eagerfpu pni pclmulqdq dtes64 monitor ds_cpl vmx est tm2 ssse3 cx16 xtpr pdcm pcid sse4_1 sse4_2 x2apic popcnt tsc_deadline_timer xsave lahf_lm arat epb xsaveopt pln pts dtherm tpr_shadow vnmi flexpriority ept vpid fsgsbase smep erms
bogomips	: 2993.18
clflush size	: 64
cache_alignment	: 64
address sizes	: 36 bits physical, 48 bits virtual
power management:



Memory: 4k page, physical 1873984k(124808k free), swap 4095996k(3340772k free)

vm_info: Java HotSpot(TM) 64-Bit Server VM (25.102-b14) for linux-amd64 JRE (1.8.0_102-b14), built on Jun 22 2016 18:43:17 by "java_re" with gcc 4.3.0 20080428 (Red Hat 4.3.0-8)

time: Fri Feb  3 09:20:14 2017
elapsed time: 3105 seconds (0d 0h 51m 45s)

